#
# A fatal error has been detected by the Java Runtime Environment:
#
#  EXCEPTION_ACCESS_VIOLATION (0xc0000005) at pc=0x0000020f63c23edf, pid=20116, tid=17484
#
# JRE version: Java(TM) SE Runtime Environment (21.0.1+12) (build 21.0.1+12-LTS-29)
# Java VM: Java HotSpot(TM) 64-Bit Server VM (21.0.1+12-LTS-29, mixed mode, sharing, tiered, compressed oops, compressed class ptrs, g1 gc, windows-amd64)
# Problematic frame:
# J 3142 c1 java.util.LinkedHashMap.keysToArray([Ljava/lang/Object;Z)[Ljava/lang/Object; java.base@21.0.1 (80 bytes) @ 0x0000020f63c23edf [0x0000020f63c23c00+0x00000000000002df]
#
# No core dump will be written. Minidumps are not enabled by default on client versions of Windows
#
# If you would like to submit a bug report, please visit:
#   https://bugreport.java.com/bugreport/crash.jsp
#

---------------  S U M M A R Y ------------

Command Line: -Dcom.sun.management.jmxremote -Dcom.sun.management.jmxremote.port=63617 -Dcom.sun.management.jmxremote.authenticate=false -Dcom.sun.management.jmxremote.ssl=false -Dspring.jmx.enabled=true -Djava.rmi.server.hostname=localhost -Dspring.application.admin.enabled=true -Dspring.boot.project.name=myproject -XX:+ShowCodeDetailsInExceptionMessages com.itvedant.myproject.MyprojectApplication

Host: Intel(R) Core(TM) i5-6200U CPU @ 2.30GHz, 4 cores, 7G,  Windows 10 , 64 bit Build 19041 (10.0.19041.3636)
Time: Wed Mar 27 11:51:14 2024 India Standard Time elapsed time: 12.921166 seconds (0d 0h 0m 12s)

---------------  T H R E A D  ---------------

Current thread (0x0000020f77e49300):  JavaThread "restartedMain"        [_thread_in_Java, id=17484, stack(0x0000001dc7900000,0x0000001dc7a00000) (1024K)]

Stack: [0x0000001dc7900000,0x0000001dc7a00000],  sp=0x0000001dc79fd720,  free space=1013k
Native frames: (J=compiled Java code, j=interpreted, Vv=VM code, C=native code)
C  0x0000020f63c23edf

The last pc belongs to nmethod (printed below).

siginfo: EXCEPTION_ACCESS_VIOLATION (0xc0000005), reading address 0x0000000000000019


Registers:
RAX=0x0000000082dfafb0, RBX=0x0000000000000011, RCX=0x0000000082dfaf08, RDX=0x0000020f0000ec78
RSP=0x0000001dc79fd720, RBP=0x0000001dc79fd7c0, RSI=0x0000000000000000, RDI=0x0000000000000001
R8 =0x0000000088257c30, R9 =0x0000000000000000, R10=0x0000020f00000000, R11=0x0000020f63c23c20
R12=0x0000000000000000, R13=0x0000001dc79fd760, R14=0x0000001dc79fd7d8, R15=0x0000020f77e49300
RIP=0x0000020f63c23edf, EFLAGS=0x0000000000010206


Register to memory mapping:

RAX=0x0000000082dfafb0 points into unknown readable memory: 0x0000000000000009 | 09 00 00 00 00 00 00 00
RBX=0x0000000000000011 is an unknown value
RCX=0x0000000082dfaf08 is an oop: java.util.LinkedHashMap 
{0x0000000082dfaf08} - klass: 'java/util/LinkedHashMap'
 - ---- fields (total size 8 words):
 - transient 'keySet' 'Ljava/util/Set;' @12  a 'java/util/LinkedHashMap$LinkedKeySet'{0x0000000082dfaf48} (0x82dfaf48)
 - transient 'values' 'Ljava/util/Collection;' @16  null (0x00000000)
 - transient 'size' 'I' @20  1 (0x00000001)
 - transient 'modCount' 'I' @24  1 (0x00000001)
 - 'threshold' 'I' @28  12 (0x0000000c)
 - final 'loadFactor' 'F' @32  0.750000 (0x3f400000)
 - transient 'table' '[Ljava/util/HashMap$Node;' @36  a 'java/util/HashMap$Node'[16] {0x0000000082dfaf60} (0x82dfaf60)
 - transient 'entrySet' 'Ljava/util/Set;' @40  null (0x00000000)
 - transient 'putMode' 'I' @44  0 (0x00000000)
 - final 'accessOrder' 'Z' @48  false (0x00)
 - transient 'head' 'Ljava/util/LinkedHashMap$Entry;' @52  
[error occurred during error reporting (printing register info), id 0xc0000005, EXCEPTION_ACCESS_VIOLATION (0xc0000005) at pc=0x00007ffdebcf4726]
RDX=0x0000020f0000ec78 is a pointer to class: 
RSP=0x0000001dc79fd720 is pointing into the stack for thread: 0x0000020f77e49300
RBP=0x0000001dc79fd7c0 is pointing into the stack for thread: 0x0000020f77e49300
RSI=0x0 is null
RDI=0x0000000000000001 is an unknown value
R8 =0x0000000088257c30 is an oop: [Ljava.lang.String; 
{0x0000000088257c30} - klass: 'java/lang/String'[]
 - length: 1
R9 =0x0 is null
R10=0x0000020f00000000 is pointing into metadata
R11=0x0000020f63c23c20 is at entry_point+32 in (nmethod*)0x0000020f63c23a10
Compiled method (c1)   12983 3142       3       java.util.LinkedHashMap::keysToArray (80 bytes)
 total in heap  [0x0000020f63c23a10,0x0000020f63c24420] = 2576
 relocation     [0x0000020f63c23b70,0x0000020f63c23be8] = 120
 main code      [0x0000020f63c23c00,0x0000020f63c24208] = 1544
 stub code      [0x0000020f63c24208,0x0000020f63c24240] = 56
 metadata       [0x0000020f63c24240,0x0000020f63c24248] = 8
 scopes data    [0x0000020f63c24248,0x0000020f63c242a0] = 88
 scopes pcs     [0x0000020f63c242a0,0x0000020f63c243d0] = 304
 dependencies   [0x0000020f63c243d0,0x0000020f63c243d8] = 8
 nul chk table  [0x0000020f63c243d8,0x0000020f63c24420] = 72
R12=0x0 is null
R13=0x0000001dc79fd760 is pointing into the stack for thread: 0x0000020f77e49300
R14=0x0000001dc79fd7d8 is pointing into the stack for thread: 0x0000020f77e49300
R15=0x0000020f77e49300 is a thread

Top of Stack: (sp=0x0000001dc79fd720)
0x0000001dc79fd720:   00000000882579e0 0000000088257340
0x0000001dc79fd730:   0000000082d7c610 0000020f00000001
0x0000001dc79fd740:   0000000081e55158 0000020f63a821a4
0x0000001dc79fd750:   0000001dc79fd7c0 0000020f6ab289b8
0x0000001dc79fd760:   0000000000000000 0000000088257c30
0x0000001dc79fd770:   0000000082dfaf08 0000001dc79fd778
0x0000001dc79fd780:   0000020f783a0238 0000000000000003
0x0000001dc79fd790:   0000020f783a0b98 0000000000000000
0x0000001dc79fd7a0:   00000000826376a8 0000020f783a0260
0x0000001dc79fd7b0:   0000001dc79fd760 0000001dc79fd7e0
0x0000001dc79fd7c0:   0000000082d9d4b8 0000020f63d33f24
0x0000001dc79fd7d0:   00000000822ec2f0 0000000082dfaf48
0x0000001dc79fd7e0:   0000001dc79fda10 0000000082afa3e0
0x0000001dc79fd7f0:   0000000082d7c610 0000020f63d5fa4c
0x0000001dc79fd800:   0000000088257328 0000000088257670
0x0000001dc79fd810:   0000000000000158 0000000088257930
0x0000001dc79fd820:   0000000082af0d98 0000000000000001
0x0000001dc79fd830:   0000000082d7c610 0000020f63be5d5c
0x0000001dc79fd840:   0000000088257670 0000000000000000
0x0000001dc79fd850:   000000000123f670 0000000082dfae98
0x0000001dc79fd860:   0000000088257aa8 0000000082dfaf48
0x0000001dc79fd870:   00000000821d1680 0000000088257840
0x0000001dc79fd880:   00000000882579c8 0000000000000000
0x0000001dc79fd890:   0000000000001258 0000020f0119e398
0x0000001dc79fd8a0:   0000000082d9d4b8 0000020f63bdf194
0x0000001dc79fd8b0:   0000000088257aa8 00007ffdeb7e66a2
0x0000001dc79fd8c0:   0000020f6ab2ea01 00007ffdeba15171
0x0000001dc79fd8d0:   00000000827a6a68 00000000882571a0
0x0000001dc79fd8e0:   0000000082af1af8 0000000088257670
0x0000001dc79fd8f0:   0000000082afa3e0 0000000082afa3e0
0x0000001dc79fd900:   0000020f79540c98 0000000000000000
0x0000001dc79fd910:   00000000820caa48 00007ffdeba15171 

Instructions: (pc=0x0000020f63c23edf)
0x0000020f63c23ddf:   74 b0 10 41 0f be 57 40 83 fa 00 0f 85 03 03 00
0x0000020f63c23def:   00 4c 8b d3 44 89 16 48 8b d6 48 33 d3 48 c1 ea
0x0000020f63c23dff:   14 48 83 fa 00 0f 85 03 03 00 00 8b 40 1c 48 be
0x0000020f63c23e0f:   f0 a5 19 79 0f 02 00 00 8b 9e d0 00 00 00 83 c3
0x0000020f63c23e1f:   02 89 9e d0 00 00 00 81 e3 fe 3f 00 00 83 fb 00
0x0000020f63c23e2f:   0f 84 f0 02 00 00 4d 8b 97 58 04 00 00 41 85 02
0x0000020f63c23e3f:   48 be f0 a5 19 79 0f 02 00 00 ff 86 88 01 00 00
0x0000020f63c23e4f:   48 8b f7 48 83 f8 00 48 bf f0 a5 19 79 0f 02 00
0x0000020f63c23e5f:   00 48 bb 30 01 00 00 00 00 00 00 0f 84 0a 00 00
0x0000020f63c23e6f:   00 48 bb 40 01 00 00 00 00 00 00 48 8b 14 1f 48
0x0000020f63c23e7f:   8d 52 01 48 89 14 1f 0f 84 f5 01 00 00 e9 1f fe
0x0000020f63c23e8f:   ff ff 8b 42 34 be 00 00 00 00 e9 a4 01 00 00 66
0x0000020f63c23e9f:   90 48 8b fe ff c7 8b 58 10 41 3b 70 0c 0f 83 a3
0x0000020f63c23eaf:   02 00 00 48 83 fb 00 75 16 48 b9 f0 a5 19 79 0f
0x0000020f63c23ebf:   02 00 00 80 89 d1 01 00 00 01 e9 fc 00 00 00 41
0x0000020f63c23ecf:   8b 50 08 49 ba 00 00 00 00 0f 02 00 00 49 03 d2
0x0000020f63c23edf:   8b 4b 08 49 ba 00 00 00 00 0f 02 00 00 49 03 ca
0x0000020f63c23eef:   48 8b 92 d0 00 00 00 48 3b ca 0f 84 2a 00 00 00
0x0000020f63c23eff:   44 8b 4a 14 4a 3b 14 09 0f 84 1c 00 00 00 41 83
0x0000020f63c23f0f:   f9 20 0f 85 9c 00 00 00 51 52 e8 62 18 01 07 59
0x0000020f63c23f1f:   5a 83 fa 00 0f 84 8a 00 00 00 48 b9 f0 a5 19 79
0x0000020f63c23f2f:   0f 02 00 00 8b 53 08 49 ba 00 00 00 00 0f 02 00
0x0000020f63c23f3f:   00 49 03 d2 48 3b 91 e8 01 00 00 75 0d 48 83 81
0x0000020f63c23f4f:   f0 01 00 00 01 e9 71 00 00 00 48 3b 91 f8 01 00
0x0000020f63c23f5f:   00 75 0d 48 83 81 00 02 00 00 01 e9 5b 00 00 00
0x0000020f63c23f6f:   48 83 b9 e8 01 00 00 00 75 17 48 89 91 e8 01 00
0x0000020f63c23f7f:   00 48 c7 81 f0 01 00 00 01 00 00 00 e9 3a 00 00
0x0000020f63c23f8f:   00 48 83 b9 f8 01 00 00 00 75 17 48 89 91 f8 01
0x0000020f63c23f9f:   00 00 48 c7 81 00 02 00 00 01 00 00 00 e9 19 00
0x0000020f63c23faf:   00 00 eb 17 48 b9 f0 a5 19 79 0f 02 00 00 48 83
0x0000020f63c23fbf:   a9 d8 01 00 00 01 e9 9e 01 00 00 48 63 f6 49 8d
0x0000020f63c23fcf:   74 b0 10 41 0f be 57 40 83 fa 00 0f 85 91 01 00 


Stack slot to memory mapping:

stack at sp + 0 slots: 0x00000000882579e0 is an oop: org.springframework.beans.BeanMetadataAttribute 
{0x00000000882579e0} - klass: 'org/springframework/beans/BeanMetadataAttribute'
 - ---- fields (total size 3 words):
 - private final 'name' 'Ljava/lang/String;' @12  "org.springframework.context.annotation.ConfigurationClassPostProcessor.configurationClass"{0x00000000821d1680} (0x821d1680)
 - private final 'value' 'Ljava/lang/Object;' @16  "lite"{0x00000000821d1708} (0x821d1708)
 - private 'source' 'Ljava/lang/Object;' @20  null (0x00000000)
stack at sp + 1 slots: 0x0000000088257340 is an oop: org.springframework.beans.BeanMetadataAttribute 
{0x0000000088257340} - klass: 'org/springframework/beans/BeanMetadataAttribute'
 - ---- fields (total size 3 words):
 - private final 'name' 'Ljava/lang/String;' @12  "org.springframework.boot.context.properties.bind.BindMethod"{0x000000008220c790} (0x8220c790)
 - private final 'value' 'Ljava/lang/Object;' @16  a 'org/springframework/boot/context/properties/bind/BindMethod'{0x000000008220c740} (0x8220c740)
 - private 'source' 'Ljava/lang/Object;' @20  null (0x00000000)
stack at sp + 2 slots: 0x0000000082d7c610 is an oop: java.util.concurrent.ConcurrentHashMap$Node 
{0x0000000082d7c610} - klass: 'java/util/concurrent/ConcurrentHashMap$Node'
 - ---- fields (total size 4 words):
 - final 'hash' 'I' @12  1351321290 (0x508b86ca)
 - final 'key' 'Ljava/lang/Object;' @16  "springApplicationAdminRegistrar"{0x00000000820bc098} (0x820bc098)
 - volatile 'val' 'Ljava/lang/Object;' @20  a 'org/springframework/context/annotation/ConfigurationClassBeanDefinitionReader$ConfigurationClassBeanDefinition'{0x0000000088257670} (0x88257670)
 - volatile 'next' 'Ljava/util/concurrent/ConcurrentHashMap$Node;' @24  null (0x00000000)
stack at sp + 3 slots: 0x0000020f00000001 is pointing into metadata
stack at sp + 4 slots: 0x0000000081e55158 is an oop: java.lang.Class 
{0x0000000081e55158} - klass: 'java/lang/Class'
 - ---- fields (total size 14 words):
 - private volatile transient 'classRedefinedCount' 'I' @12  0 (0x00000000)
 - injected 'klass' 'J' @16  2263447825528 (0x0000020f0000ec78)
 - injected 'array_klass' 'J' @24  2263465137656 (0x0000020f010915f8)
 - injected 'oop_size' 'I' @32  14 (0x0000000e)
 - injected 'static_oop_field_count' 'I' @36  0 (0x00000000)
 - private volatile transient 'cachedConstructor' 'Ljava/lang/reflect/Constructor;' @40  null (0x00000000)
 - private transient 'name' 'Ljava/lang/String;' @44  "[Ljava.lang.String;"{0x0000000081e551c8} (0x81e551c8)
 - private transient 'module' 'Ljava/lang/Module;' @48  a 'java/lang/Module'{0x0000000081e64c68} (0x81e64c68)
 - private final 'classLoader' 'Ljava/lang/ClassLoader;' @52  null (0x00000000)
 - private transient 'classData' 'Ljava/lang/Object;' @56  null (0x00000000)
 - private transient 'packageName' 'Ljava/lang/String;' @60  null (0x00000000)
 - private final 'componentType' 'Ljava/lang/Class;' @64  a 'java/lang/Class'{0x0000000081e55208} = 'java/lang/String' (0x81e55208)
 - private volatile transient 'reflectionData' 'Ljava/lang/ref/SoftReference;' @68  null (0x00000000)
 - private volatile transient 'genericInfo' 'Lsun/reflect/generics/repository/ClassRepository;' @72  null (0x00000000)
 - private volatile transient 'enumConstants' '[Ljava/lang/Object;' @76  null (0x00000000)
 - private volatile transient 'enumConstantDirectory' 'Ljava/util/Map;' @80  null (0x00000000)
 - private volatile transient 'annotationData' 'Ljava/lang/Class$AnnotationData;' @84  null (0x00000000)
 - private volatile transient 'annotationType' 'Lsun/reflect/annotation/AnnotationType;' @88  null (0x00000000)
 - transient 'classValueMap' 'Ljava/lang/ClassValue$ClassValueMap;' @92  null (0x00000000)
 - injected 'protection_domain' 'Ljava/lang/Object;' @96  null (0x00000000)
 - injected 'signers_name' 'Ljava/lang/Object;' @100  null (0x00000000)
 - injected 'source_file' 'Ljava/lang/Object;' @104  null (0x00000000)
 - signature: [Ljava/lang/String;
stack at sp + 5 slots: 0x0000020f63a821a4 is at entry_point+292 in (nmethod*)0x0000020f63a81d90
Compiled method (c1)   13006 2465       3       java.util.HashMap::putMapEntries (170 bytes)
 total in heap  [0x0000020f63a81d90,0x0000020f63a83380] = 5616
 relocation     [0x0000020f63a81ef0,0x0000020f63a82058] = 360
 constants      [0x0000020f63a82060,0x0000020f63a82080] = 32
 main code      [0x0000020f63a82080,0x0000020f63a82e78] = 3576
 stub code      [0x0000020f63a82e78,0x0000020f63a82f70] = 248
 metadata       [0x0000020f63a82f70,0x0000020f63a82f90] = 32
 scopes data    [0x0000020f63a82f90,0x0000020f63a83170] = 480
 scopes pcs     [0x0000020f63a83170,0x0000020f63a83340] = 464
 dependencies   [0x0000020f63a83340,0x0000020f63a83348] = 8
 nul chk table  [0x0000020f63a83348,0x0000020f63a83380] = 56
stack at sp + 6 slots: 0x0000001dc79fd7c0 is pointing into the stack for thread: 0x0000020f77e49300
stack at sp + 7 slots: 0x0000020f6ab289b8 is at code_begin+1528 in an Interpreter codelet
return entry points  [0x0000020f6ab283c0, 0x0000020f6ab28f18]  2904 bytes


Compiled method (c1)   13013 3142       3       java.util.LinkedHashMap::keysToArray (80 bytes)
 total in heap  [0x0000020f63c23a10,0x0000020f63c24420] = 2576
 relocation     [0x0000020f63c23b70,0x0000020f63c23be8] = 120
 main code      [0x0000020f63c23c00,0x0000020f63c24208] = 1544
 stub code      [0x0000020f63c24208,0x0000020f63c24240] = 56
 metadata       [0x0000020f63c24240,0x0000020f63c24248] = 8
 scopes data    [0x0000020f63c24248,0x0000020f63c242a0] = 88
 scopes pcs     [0x0000020f63c242a0,0x0000020f63c243d0] = 304
 dependencies   [0x0000020f63c243d0,0x0000020f63c243d8] = 8
 nul chk table  [0x0000020f63c243d8,0x0000020f63c24420] = 72

[Constant Pool (empty)]

[MachCode]
[Entry Point]
  # {method} {0x0000020f00101a30} 'keysToArray' '([Ljava/lang/Object;Z)[Ljava/lang/Object;' in 'java/util/LinkedHashMap'
  # this:     rdx:rdx   = 'java/util/LinkedHashMap'
  # parm0:    r8:r8     = '[Ljava/lang/Object;'
  # parm1:    r9        = boolean
  #           [sp+0x40]  (sp of caller)
  0x0000020f63c23c00: 448b 5208 | 49bb 0000 | 0000 0f02 | 0000 4d03 | d34c 3bd0 

  0x0000020f63c23c14: ;   {runtime_call ic_miss_stub}
  0x0000020f63c23c14: 0f85 66ab | f406 660f | 1f44 0000 
[Verified Entry Point]
  0x0000020f63c23c20: 8984 2400 | 80ff ff55 | 4883 ec30 | 4181 7f20 | 0700 0000 

  0x0000020f63c23c34: ;   {runtime_call StubRoutines (final stubs)}
  0x0000020f63c23c34: 7405 e825 

  0x0000020f63c23c38: ;   {metadata(method data for {method} {0x0000020f00101a30} 'keysToArray' '([Ljava/lang/Object;Z)[Ljava/lang/Object;' in 'java/util/LinkedHashMap')}
  0x0000020f63c23c38: 11f3 0648 | b8f0 a519 | 790f 0200 | 008b b0cc | 0000 0083 | c602 89b0 | cc00 0000 | 81e6 fe07 
  0x0000020f63c23c58: 0000 83fe | 000f 8444 | 0400 0041 

  0x0000020f63c23c64: ;   {metadata(method data for {method} {0x0000020f00101a30} 'keysToArray' '([Ljava/lang/Object;Z)[Ljava/lang/Object;' in 'java/util/LinkedHashMap')}
  0x0000020f63c23c64: 83f9 0048 | b8f0 a519 | 790f 0200 | 0048 be10 | 0100 0000 | 0000 000f | 840a 0000 | 0048 be20 
  0x0000020f63c23c84: 0100 0000 | 0000 0048 | 8b3c 3048 | 8d7f 0148 | 893c 300f | 84f4 0100 | 008b 4238 | be00 0000 
  0x0000020f63c23ca4: 00e9 a801 | 0000 660f | 1f44 0000 | 488b feff | c78b 5810 

  0x0000020f63c23cb8: ; implicit exception: dispatches to 0x0000020f63c240cd
  0x0000020f63c23cb8: 413b 700c | 0f83 1504 | 0000 4883 | fb00 7516 

  0x0000020f63c23cc8: ;   {metadata(method data for {method} {0x0000020f00101a30} 'keysToArray' '([Ljava/lang/Object;Z)[Ljava/lang/Object;' in 'java/util/LinkedHashMap')}
  0x0000020f63c23cc8: 48b9 f0a5 | 1979 0f02 | 0000 8089 | 4901 0000 | 01e9 fc00 | 0000 418b | 5008 49ba | 0000 0000 
  0x0000020f63c23ce8: 0f02 0000 | 4903 d28b | 4b08 49ba | 0000 0000 | 0f02 0000 | 4903 ca48 | 8b92 d000 | 0000 483b 
  0x0000020f63c23d08: ca0f 842a | 0000 0044 | 8b4a 144a | 3b14 090f | 841c 0000 | 0041 83f9 | 200f 859c | 0000 0051 
  0x0000020f63c23d28: ;   {runtime_call slow_subtype_check Runtime1 stub}
  0x0000020f63c23d28: 52e8 521a | 0107 595a | 83fa 000f | 848a 0000 

  0x0000020f63c23d38: ;   {metadata(method data for {method} {0x0000020f00101a30} 'keysToArray' '([Ljava/lang/Object;Z)[Ljava/lang/Object;' in 'java/util/LinkedHashMap')}
  0x0000020f63c23d38: 0048 b9f0 | a519 790f | 0200 008b | 5308 49ba | 0000 0000 | 0f02 0000 | 4903 d248 | 3b91 6001 
  0x0000020f63c23d58: 0000 750d | 4883 8168 | 0100 0001 | e971 0000 | 0048 3b91 | 7001 0000 | 750d 4883 | 8178 0100 
  0x0000020f63c23d78: 0001 e95b | 0000 0048 | 83b9 6001 | 0000 0075 | 1748 8991 | 6001 0000 | 48c7 8168 | 0100 0001 
  0x0000020f63c23d98: 0000 00e9 | 3a00 0000 | 4883 b970 | 0100 0000 | 7517 4889 | 9170 0100 | 0048 c781 | 7801 0000 
  0x0000020f63c23db8: 0100 0000 | e919 0000 

  0x0000020f63c23dc0: ;   {metadata(method data for {method} {0x0000020f00101a30} 'keysToArray' '([Ljava/lang/Object;Z)[Ljava/lang/Object;' in 'java/util/LinkedHashMap')}
  0x0000020f63c23dc0: 00eb 1748 | b9f0 a519 | 790f 0200 | 0048 83a9 | 5001 0000 | 01e9 1003 | 0000 4863 | f649 8d74 
  0x0000020f63c23de0: b010 410f | be57 4083 | fa00 0f85 | 0303 0000 | 4c8b d344 | 8916 488b | d648 33d3 | 48c1 ea14 
  0x0000020f63c23e00: 4883 fa00 | 0f85 0303 | 0000 8b40 

  0x0000020f63c23e0c: ;   {metadata(method data for {method} {0x0000020f00101a30} 'keysToArray' '([Ljava/lang/Object;Z)[Ljava/lang/Object;' in 'java/util/LinkedHashMap')}
  0x0000020f63c23e0c: 1c48 bef0 | a519 790f | 0200 008b | 9ed0 0000 | 0083 c302 | 899e d000 | 0000 81e3 | fe3f 0000 
  0x0000020f63c23e2c: 83fb 000f | 84f0 0200 | 004d 8b97 

  0x0000020f63c23e38: ; ImmutableOopMap {r8=Oop rax=Oop }
                      ;*goto {reexecute=1 rethrow=0 return_oop=0}
                      ; - (reexecute) java.util.LinkedHashMap::keysToArray@39 (line 668)
  0x0000020f63c23e38: 5804 0000 

  0x0000020f63c23e3c: ;   {poll}
  0x0000020f63c23e3c: 4185 0248 | bef0 a519 | 790f 0200 | 00ff 8688 | 0100 0048 | 8bf7 4883 

  0x0000020f63c23e54: ;   {metadata(method data for {method} {0x0000020f00101a30} 'keysToArray' '([Ljava/lang/Object;Z)[Ljava/lang/Object;' in 'java/util/LinkedHashMap')}
  0x0000020f63c23e54: f800 48bf | f0a5 1979 | 0f02 0000 | 48bb 3001 | 0000 0000 | 0000 0f84 | 0a00 0000 | 48bb 4001 
  0x0000020f63c23e74: 0000 0000 | 0000 488b | 141f 488d | 5201 4889 | 141f 0f84 | f501 0000 | e91f feff | ff8b 4234 
  0x0000020f63c23e94: be00 0000 | 00e9 a401 | 0000 6690 | 488b feff | c78b 5810 

  0x0000020f63c23ea8: ; implicit exception: dispatches to 0x0000020f63c2414b
  0x0000020f63c23ea8: 413b 700c | 0f83 a302 | 0000 4883 | fb00 7516 

  0x0000020f63c23eb8: ;   {metadata(method data for {method} {0x0000020f00101a30} 'keysToArray' '([Ljava/lang/Object;Z)[Ljava/lang/Object;' in 'java/util/LinkedHashMap')}
  0x0000020f63c23eb8: 48b9 f0a5 | 1979 0f02 | 0000 8089 | d101 0000 | 01e9 fc00 | 0000 418b | 5008 49ba | 0000 0000 
  0x0000020f63c23ed8: 0f02 0000 | 4903 d28b | 4b08 49ba | 0000 0000 | 0f02 0000 | 4903 ca48 | 8b92 d000 | 0000 483b 
  0x0000020f63c23ef8: ca0f 842a | 0000 0044 | 8b4a 144a | 3b14 090f | 841c 0000 | 0041 83f9 | 200f 859c | 0000 0051 
  0x0000020f63c23f18: ;   {runtime_call slow_subtype_check Runtime1 stub}
  0x0000020f63c23f18: 52e8 6218 | 0107 595a | 83fa 000f | 848a 0000 

  0x0000020f63c23f28: ;   {metadata(method data for {method} {0x0000020f00101a30} 'keysToArray' '([Ljava/lang/Object;Z)[Ljava/lang/Object;' in 'java/util/LinkedHashMap')}
  0x0000020f63c23f28: 0048 b9f0 | a519 790f | 0200 008b | 5308 49ba | 0000 0000 | 0f02 0000 | 4903 d248 | 3b91 e801 
  0x0000020f63c23f48: 0000 750d | 4883 81f0 | 0100 0001 | e971 0000 | 0048 3b91 | f801 0000 | 750d 4883 | 8100 0200 
  0x0000020f63c23f68: 0001 e95b | 0000 0048 | 83b9 e801 | 0000 0075 | 1748 8991 | e801 0000 | 48c7 81f0 | 0100 0001 
  0x0000020f63c23f88: 0000 00e9 | 3a00 0000 | 4883 b9f8 | 0100 0000 | 7517 4889 | 91f8 0100 | 0048 c781 | 0002 0000 
  0x0000020f63c23fa8: 0100 0000 | e919 0000 

  0x0000020f63c23fb0: ;   {metadata(method data for {method} {0x0000020f00101a30} 'keysToArray' '([Ljava/lang/Object;Z)[Ljava/lang/Object;' in 'java/util/LinkedHashMap')}
  0x0000020f63c23fb0: 00eb 1748 | b9f0 a519 | 790f 0200 | 0048 83a9 | d801 0000 | 01e9 9e01 | 0000 4863 | f649 8d74 
  0x0000020f63c23fd0: b010 410f | be57 4083 | fa00 0f85 | 9101 0000 | 4c8b d344 | 8916 488b | d648 33d3 | 48c1 ea14 
  0x0000020f63c23ff0: 4883 fa00 | 0f85 9101 | 0000 8b40 

  0x0000020f63c23ffc: ;   {metadata(method data for {method} {0x0000020f00101a30} 'keysToArray' '([Ljava/lang/Object;Z)[Ljava/lang/Object;' in 'java/util/LinkedHashMap')}
  0x0000020f63c23ffc: 2048 bef0 | a519 790f | 0200 008b | 9ed0 0000 | 0083 c302 | 899e d000 | 0000 81e3 | fe3f 0000 
  0x0000020f63c2401c: 83fb 000f | 847e 0100 | 004d 8b97 

  0x0000020f63c24028: ; ImmutableOopMap {r8=Oop rax=Oop }
                      ;*goto {reexecute=1 rethrow=0 return_oop=0}
                      ; - (reexecute) java.util.LinkedHashMap::keysToArray@75 (line 672)
  0x0000020f63c24028: 5804 0000 

  0x0000020f63c2402c: ;   {poll}
  0x0000020f63c2402c: 4185 0248 | bef0 a519 | 790f 0200 | 00ff 8610 | 0200 0048 | 8bf7 4883 

  0x0000020f63c24044: ;   {metadata(method data for {method} {0x0000020f00101a30} 'keysToArray' '([Ljava/lang/Object;Z)[Ljava/lang/Object;' in 'java/util/LinkedHashMap')}
  0x0000020f63c24044: f800 48bf | f0a5 1979 | 0f02 0000 | 48bb b801 | 0000 0000 | 0000 0f84 | 0a00 0000 | 48bb c801 
  0x0000020f63c24064: 0000 0000 | 0000 488b | 141f 488d | 5201 4889 | 141f 0f84 | 1500 0000 | e91f feff 

  0x0000020f63c24080: ;   {metadata(method data for {method} {0x0000020f00101a30} 'keysToArray' '([Ljava/lang/Object;Z)[Ljava/lang/Object;' in 'java/util/LinkedHashMap')}
  0x0000020f63c24080: ff48 b8f0 | a519 790f | 0200 00ff | 80a0 0100 | 0049 8bc0 | 4883 c430 

  0x0000020f63c24098: ;   {poll_return}
  0x0000020f63c24098: 5d49 3ba7 | 5004 0000 | 0f87 1e01 

  0x0000020f63c240a4: ;   {metadata({method} {0x0000020f00101a30} 'keysToArray' '([Ljava/lang/Object;Z)[Ljava/lang/Object;' in 'java/util/LinkedHashMap')}
  0x0000020f63c240a4: 0000 c349 | ba28 1a10 | 000f 0200 | 004c 8954 | 2408 48c7 | 0424 ffff 

  0x0000020f63c240bc: ;   {runtime_call counter_overflow Runtime1 stub}
  0x0000020f63c240bc: ffff e8bd 

  0x0000020f63c240c0: ; ImmutableOopMap {rdx=Oop r8=Oop }
                      ;*synchronization entry
                      ; - java.util.LinkedHashMap::keysToArray@-1 (line 665)
  0x0000020f63c240c0: 4b01 07e9 | 9bfb ffff 

  0x0000020f63c240c8: ;   {runtime_call throw_null_pointer_exception Runtime1 stub}
  0x0000020f63c240c8: e833 d100 

  0x0000020f63c240cc: ; ImmutableOopMap {r8=Oop rax=Oop }
                      ;*getfield key {reexecute=1 rethrow=0 return_oop=0}
                      ; - (reexecute) java.util.LinkedHashMap::keysToArray@28 (line 669)
                      ;   {runtime_call throw_null_pointer_exception Runtime1 stub}
  0x0000020f63c240cc: 07e8 2ed1 

  0x0000020f63c240d0: ; ImmutableOopMap {r8=Oop rax=Oop rbx=Oop }
                      ;*aastore {reexecute=1 rethrow=0 return_oop=0}
                      ; - (reexecute) java.util.LinkedHashMap::keysToArray@31 (line 669)
                      ;   {runtime_call throw_null_pointer_exception Runtime1 stub}
  0x0000020f63c240d0: 0007 e829 

  0x0000020f63c240d4: ; ImmutableOopMap {r8=Oop rax=Oop rbx=Oop }
                      ;*aastore {reexecute=1 rethrow=0 return_oop=0}
                      ; - (reexecute) java.util.LinkedHashMap::keysToArray@31 (line 669)
  0x0000020f63c240d4: d100 0748 | 8934 244c | 8944 2408 

  0x0000020f63c240e0: ;   {runtime_call throw_range_check_failed Runtime1 stub}
  0x0000020f63c240e0: e81b c800 

  0x0000020f63c240e4: ; ImmutableOopMap {r8=Oop rax=Oop rbx=Oop }
                      ;*aastore {reexecute=1 rethrow=0 return_oop=0}
                      ; - (reexecute) java.util.LinkedHashMap::keysToArray@31 (line 669)
                      ;   {runtime_call throw_null_pointer_exception Runtime1 stub}
  0x0000020f63c240e4: 07e8 16d1 

  0x0000020f63c240e8: ; ImmutableOopMap {r8=Oop rax=Oop rbx=Oop }
                      ;*aastore {reexecute=1 rethrow=0 return_oop=0}
                      ; - (reexecute) java.util.LinkedHashMap::keysToArray@31 (line 669)
  0x0000020f63c240e8: 0007 4889 

  0x0000020f63c240ec: ;   {runtime_call throw_array_store_exception Runtime1 stub}
  0x0000020f63c240ec: 1c24 e80d 

  0x0000020f63c240f0: ; ImmutableOopMap {r8=Oop rax=Oop rbx=Oop }
                      ;*aastore {reexecute=1 rethrow=0 return_oop=0}
                      ; - (reexecute) java.util.LinkedHashMap::keysToArray@31 (line 669)
  0x0000020f63c240f0: 0401 078b | 1648 83fa | 000f 84f1 | fcff ff48 

  0x0000020f63c24100: ;   {runtime_call g1_pre_barrier_slow}
  0x0000020f63c24100: 8914 24e8 | 7851 0107 | e9e3 fcff | ff48 83fb | 000f 84f3 | fcff ff48 

  0x0000020f63c24118: ;   {runtime_call g1_post_barrier_slow}
  0x0000020f63c24118: 8934 24e8 | 6054 0107 | e9e5 fcff 

  0x0000020f63c24124: ;   {metadata({method} {0x0000020f00101a30} 'keysToArray' '([Ljava/lang/Object;Z)[Ljava/lang/Object;' in 'java/util/LinkedHashMap')}
  0x0000020f63c24124: ff49 ba28 | 1a10 000f | 0200 004c | 8954 2408 | 48c7 0424 | 2700 0000 

  0x0000020f63c2413c: ;   {runtime_call counter_overflow Runtime1 stub}
  0x0000020f63c2413c: e83f 4b01 

  0x0000020f63c24140: ; ImmutableOopMap {r8=Oop rax=Oop }
                      ;*goto {reexecute=1 rethrow=0 return_oop=0}
                      ; - (reexecute) java.util.LinkedHashMap::keysToArray@39 (line 668)
  0x0000020f63c24140: 07e9 effc 

  0x0000020f63c24144: ;   {runtime_call throw_null_pointer_exception Runtime1 stub}
  0x0000020f63c24144: ffff e8b5 

  0x0000020f63c24148: ; ImmutableOopMap {r8=Oop rax=Oop }
                      ;*getfield key {reexecute=1 rethrow=0 return_oop=0}
                      ; - (reexecute) java.util.LinkedHashMap::keysToArray@64 (line 673)
                      ;   {runtime_call throw_null_pointer_exception Runtime1 stub}
  0x0000020f63c24148: d000 07e8 

  0x0000020f63c2414c: ; ImmutableOopMap {r8=Oop rax=Oop rbx=Oop }
                      ;*aastore {reexecute=1 rethrow=0 return_oop=0}
                      ; - (reexecute) java.util.LinkedHashMap::keysToArray@67 (line 673)
  0x0000020f63c2414c: b0d0 0007 

  0x0000020f63c24150: ;   {runtime_call throw_null_pointer_exception Runtime1 stub}
  0x0000020f63c24150: e8ab d000 

  0x0000020f63c24154: ; ImmutableOopMap {r8=Oop rax=Oop rbx=Oop }
                      ;*aastore {reexecute=1 rethrow=0 return_oop=0}
                      ; - (reexecute) java.util.LinkedHashMap::keysToArray@67 (line 673)
  0x0000020f63c24154: 0748 8934 | 244c 8944 

  0x0000020f63c2415c: ;   {runtime_call throw_range_check_failed Runtime1 stub}
  0x0000020f63c2415c: 2408 e89d 

  0x0000020f63c24160: ; ImmutableOopMap {r8=Oop rax=Oop rbx=Oop }
                      ;*aastore {reexecute=1 rethrow=0 return_oop=0}
                      ; - (reexecute) java.util.LinkedHashMap::keysToArray@67 (line 673)
                      ;   {runtime_call throw_null_pointer_exception Runtime1 stub}
  0x0000020f63c24160: c700 07e8 

  0x0000020f63c24164: ; ImmutableOopMap {r8=Oop rax=Oop rbx=Oop }
                      ;*aastore {reexecute=1 rethrow=0 return_oop=0}
                      ; - (reexecute) java.util.LinkedHashMap::keysToArray@67 (line 673)
  0x0000020f63c24164: 98d0 0007 | 4889 1c24 

  0x0000020f63c2416c: ;   {runtime_call throw_array_store_exception Runtime1 stub}
  0x0000020f63c2416c: e88f 0301 

  0x0000020f63c24170: ; ImmutableOopMap {r8=Oop rax=Oop rbx=Oop }
                      ;*aastore {reexecute=1 rethrow=0 return_oop=0}
                      ; - (reexecute) java.util.LinkedHashMap::keysToArray@67 (line 673)
  0x0000020f63c24170: 078b 1648 | 83fa 000f | 8463 feff | ff48 8914 

  0x0000020f63c24180: ;   {runtime_call g1_pre_barrier_slow}
  0x0000020f63c24180: 24e8 fa50 | 0107 e955 | feff ff48 | 83fb 000f | 8465 feff | ff48 8934 

  0x0000020f63c24198: ;   {runtime_call g1_post_barrier_slow}
  0x0000020f63c24198: 24e8 e253 | 0107 e957 

  0x0000020f63c241a0: ;   {metadata({method} {0x0000020f00101a30} 'keysToArray' '([Ljava/lang/Object;Z)[Ljava/lang/Object;' in 'java/util/LinkedHashMap')}
  0x0000020f63c241a0: feff ff49 | ba28 1a10 | 000f 0200 | 004c 8954 | 2408 48c7 | 0424 4b00 

  0x0000020f63c241b8: ;   {runtime_call counter_overflow Runtime1 stub}
  0x0000020f63c241b8: 0000 e8c1 

  0x0000020f63c241bc: ; ImmutableOopMap {r8=Oop rax=Oop }
                      ;*goto {reexecute=1 rethrow=0 return_oop=0}
                      ; - (reexecute) java.util.LinkedHashMap::keysToArray@75 (line 672)
  0x0000020f63c241bc: 4a01 07e9 | 61fe ffff 

  0x0000020f63c241c4: ;   {internal_word}
  0x0000020f63c241c4: 49ba 9940 | c263 0f02 | 0000 4d89 | 9768 0400 

  0x0000020f63c241d4: ;   {runtime_call SafepointBlob}
  0x0000020f63c241d4: 00e9 2615 | f506 498b | 8700 0500 | 0049 c787 | 0005 0000 | 0000 0000 | 49c7 8708 | 0500 0000 
  0x0000020f63c241f4: 0000 0048 | 83c4 305d 

  0x0000020f63c241fc: ;   {runtime_call unwind_exception Runtime1 stub}
  0x0000020f63c241fc: e9ff c000 | 07f4 f4f4 | f4f4 f4f4 
[Exception Handler]
  0x0000020f63c24208: ;   {no_reloc}
  0x0000020f63c24208: e8f3 ff00 

  0x0000020f63c2420c: ;   {external_word}
  0x0000020f63c2420c: 0748 b900 | 28fe ebfd | 7f00 0048 

  0x0000020f63c24218: ;   {runtime_call}
  0x0000020f63c24218: 83e4 f048 | b8e0 0fc6 | ebfd 7f00 | 00ff d0f4 
[Deopt Handler Code]
  0x0000020f63c24228: ;   {section_word}
  0x0000020f63c24228: 49ba 2842 | c263 0f02 | 0000 4152 

  0x0000020f63c24234: ;   {runtime_call DeoptimizationBlob}
  0x0000020f63c24234: e967 07f5 | 06f4 f4f4 | f4f4 f4f4 
[/MachCode]


---------------  P R O C E S S  ---------------

Threads class SMR info:
_java_thread_list=0x0000020f411161d0, length=22, elements={
0x0000020f58ef5740, 0x0000020f772685c0, 0x0000020f772694e0, 0x0000020f7726fe80,
0x0000020f772708e0, 0x0000020f77271340, 0x0000020f77271da0, 0x0000020f772844b0,
0x0000020f772a7180, 0x0000020f77473f30, 0x0000020f7757e730, 0x0000020f77bc4fa0,
0x0000020f77f68b90, 0x0000020f77a4f390, 0x0000020f7cb9c340, 0x0000020f77e49300,
0x0000020f7de16ed0, 0x0000020f7dcce010, 0x0000020f7ce88c80, 0x0000020f7ce899a0,
0x0000020f7ce8ba70, 0x0000020f7ce885f0
}

Java Threads: ( => current thread )
  0x0000020f58ef5740 JavaThread "main"                              [_thread_blocked, id=15740, stack(0x0000001dc5f00000,0x0000001dc6000000) (1024K)]
  0x0000020f772685c0 JavaThread "Reference Handler"          daemon [_thread_blocked, id=14264, stack(0x0000001dc6700000,0x0000001dc6800000) (1024K)]
  0x0000020f772694e0 JavaThread "Finalizer"                  daemon [_thread_blocked, id=10968, stack(0x0000001dc6800000,0x0000001dc6900000) (1024K)]
  0x0000020f7726fe80 JavaThread "Signal Dispatcher"          daemon [_thread_blocked, id=21940, stack(0x0000001dc6900000,0x0000001dc6a00000) (1024K)]
  0x0000020f772708e0 JavaThread "Attach Listener"            daemon [_thread_blocked, id=8768, stack(0x0000001dc6a00000,0x0000001dc6b00000) (1024K)]
  0x0000020f77271340 JavaThread "Service Thread"             daemon [_thread_blocked, id=20816, stack(0x0000001dc6b00000,0x0000001dc6c00000) (1024K)]
  0x0000020f77271da0 JavaThread "Monitor Deflation Thread"   daemon [_thread_blocked, id=17076, stack(0x0000001dc6c00000,0x0000001dc6d00000) (1024K)]
  0x0000020f772844b0 JavaThread "C2 CompilerThread0"         daemon [_thread_blocked, id=17268, stack(0x0000001dc6d00000,0x0000001dc6e00000) (1024K)]
  0x0000020f772a7180 JavaThread "C1 CompilerThread0"         daemon [_thread_blocked, id=20996, stack(0x0000001dc6e00000,0x0000001dc6f00000) (1024K)]
  0x0000020f77473f30 JavaThread "Common-Cleaner"             daemon [_thread_blocked, id=16064, stack(0x0000001dc6f00000,0x0000001dc7000000) (1024K)]
  0x0000020f7757e730 JavaThread "Notification Thread"        daemon [_thread_blocked, id=18728, stack(0x0000001dc7000000,0x0000001dc7100000) (1024K)]
  0x0000020f77bc4fa0 JavaThread "RMI TCP Accept-0"           daemon [_thread_in_native, id=20268, stack(0x0000001dc7500000,0x0000001dc7600000) (1024K)]
  0x0000020f77f68b90 JavaThread "RMI TCP Accept-63617"       daemon [_thread_in_native, id=22288, stack(0x0000001dc7600000,0x0000001dc7700000) (1024K)]
  0x0000020f77a4f390 JavaThread "RMI TCP Accept-0"           daemon [_thread_in_native, id=22600, stack(0x0000001dc7700000,0x0000001dc7800000) (1024K)]
  0x0000020f7cb9c340 JavaThread "Thread-0"                          [_thread_blocked, id=17952, stack(0x0000001dc7800000,0x0000001dc7900000) (1024K)]
=>0x0000020f77e49300 JavaThread "restartedMain"                     [_thread_in_Java, id=17484, stack(0x0000001dc7900000,0x0000001dc7a00000) (1024K)]
  0x0000020f7de16ed0 JavaThread "Catalina-utility-1"                [_thread_blocked, id=18468, stack(0x0000001dc7a00000,0x0000001dc7b00000) (1024K)]
  0x0000020f7dcce010 JavaThread "Catalina-utility-2"                [_thread_blocked, id=7300, stack(0x0000001dc7b00000,0x0000001dc7c00000) (1024K)]
  0x0000020f7ce88c80 JavaThread "container-0"                       [_thread_blocked, id=23108, stack(0x0000001dc7c00000,0x0000001dc7d00000) (1024K)]
  0x0000020f7ce899a0 JavaThread "mysql-cj-abandoned-connection-cleanup" daemon [_thread_blocked, id=21148, stack(0x0000001dc7d00000,0x0000001dc7e00000) (1024K)]
  0x0000020f7ce8ba70 JavaThread "HikariPool-1 housekeeper"   daemon [_thread_blocked, id=3064, stack(0x0000001dc7f00000,0x0000001dc8000000) (1024K)]
  0x0000020f7ce885f0 JavaThread "HikariPool-1 connection adder" daemon [_thread_blocked, id=908, stack(0x0000001dc8000000,0x0000001dc8100000) (1024K)]
Total: 22

Other Threads:
  0x0000020f772479d0 VMThread "VM Thread"                           [id=19220, stack(0x0000001dc6600000,0x0000001dc6700000) (1024K)]
  0x0000020f772327d0 WatcherThread "VM Periodic Task Thread"        [id=23212, stack(0x0000001dc6500000,0x0000001dc6600000) (1024K)]
  0x0000020f58efcb20 WorkerThread "GC Thread#0"                     [id=2084, stack(0x0000001dc6000000,0x0000001dc6100000) (1024K)]
  0x0000020f77f94840 WorkerThread "GC Thread#1"                     [id=4148, stack(0x0000001dc7200000,0x0000001dc7300000) (1024K)]
  0x0000020f77f94be0 WorkerThread "GC Thread#2"                     [id=14088, stack(0x0000001dc7300000,0x0000001dc7400000) (1024K)]
  0x0000020f77f6d540 WorkerThread "GC Thread#3"                     [id=17688, stack(0x0000001dc7400000,0x0000001dc7500000) (1024K)]
  0x0000020f5b207e20 ConcurrentGCThread "G1 Main Marker"            [id=18676, stack(0x0000001dc6100000,0x0000001dc6200000) (1024K)]
  0x0000020f5b208ad0 WorkerThread "G1 Conc#0"                       [id=3940, stack(0x0000001dc6200000,0x0000001dc6300000) (1024K)]
  0x0000020f770ec110 ConcurrentGCThread "G1 Refine#0"               [id=19356, stack(0x0000001dc6300000,0x0000001dc6400000) (1024K)]
  0x0000020f770eed70 ConcurrentGCThread "G1 Service"                [id=21848, stack(0x0000001dc6400000,0x0000001dc6500000) (1024K)]
Total: 10

Threads with active compile tasks:
Total: 0

VM state: not at safepoint (normal execution)

VM Mutex/Monitor currently owned by a thread: None

Heap address: 0x0000000081a00000, size: 2022 MB, Compressed Oops mode: 32-bit

CDS archive(s) mapped at: [0x0000020f00000000-0x0000020f00c90000-0x0000020f00c90000), size 13172736, SharedBaseAddress: 0x0000020f00000000, ArchiveRelocationMode: 1.
Compressed class space mapped at: 0x0000020f01000000-0x0000020f41000000, reserved size: 1073741824
Narrow klass base: 0x0000020f00000000, Narrow klass shift: 0, Narrow klass range: 0x100000000

GC Precious Log:
 CardTable entry size: 512
 Card Set container configuration: InlinePtr #cards 5 size 8 Array Of Cards #cards 12 size 40 Howl #buckets 4 coarsen threshold 1843 Howl Bitmap #cards 512 size 80 coarsen threshold 460 Card regions per heap region 1 cards per card region 2048
 CPUs: 4 total, 4 available
 Memory: 8082M
 Large Page Support: Disabled
 NUMA Support: Disabled
 Compressed Oops: Enabled (32-bit)
 Heap Region Size: 1M
 Heap Min Capacity: 8M
 Heap Initial Capacity: 128M
 Heap Max Capacity: 2022M
 Pre-touch: Disabled
 Parallel Workers: 4
 Concurrent Workers: 1
 Concurrent Refinement Workers: 4
 Periodic GC: Disabled

Heap:
 garbage-first heap   total 48128K, used 29434K [0x0000000081a00000, 0x0000000100000000)
  region size 1024K, 6 young (6144K), 2 survivors (2048K)
 Metaspace       used 60232K, committed 60928K, reserved 1114112K
  class space    used 8157K, committed 8448K, reserved 1048576K

Heap Regions: E=young(eden), S=young(survivor), O=old, HS=humongous(starts), HC=humongous(continues), CS=collection set, F=free, TAMS=top-at-mark-start, PB=parsable bottom
|   0|0x0000000081a00000, 0x0000000081b00000, 0x0000000081b00000|100%|HS|  |TAMS 0x0000000081a00000| PB 0x0000000081a00000| Complete 
|   1|0x0000000081b00000, 0x0000000081c00000, 0x0000000081c00000|100%| O|  |TAMS 0x0000000081b00000| PB 0x0000000081b00000| Untracked 
|   2|0x0000000081c00000, 0x0000000081d00000, 0x0000000081d00000|100%| O|  |TAMS 0x0000000081c00000| PB 0x0000000081c00000| Untracked 
|   3|0x0000000081d00000, 0x0000000081e00000, 0x0000000081e00000|100%| O|  |TAMS 0x0000000081d00000| PB 0x0000000081d00000| Untracked 
|   4|0x0000000081e00000, 0x0000000081f00000, 0x0000000081f00000|100%| O|  |TAMS 0x0000000081e00000| PB 0x0000000081e00000| Untracked 
|   5|0x0000000081f00000, 0x0000000082000000, 0x0000000082000000|100%| O|  |TAMS 0x0000000081f00000| PB 0x0000000081f00000| Untracked 
|   6|0x0000000082000000, 0x0000000082100000, 0x0000000082100000|100%| O|  |TAMS 0x0000000082000000| PB 0x0000000082000000| Untracked 
|   7|0x0000000082100000, 0x0000000082200000, 0x0000000082200000|100%| O|  |TAMS 0x0000000082100000| PB 0x0000000082100000| Untracked 
|   8|0x0000000082200000, 0x0000000082300000, 0x0000000082300000|100%| O|  |TAMS 0x0000000082200000| PB 0x0000000082200000| Untracked 
|   9|0x0000000082300000, 0x0000000082400000, 0x0000000082400000|100%| O|  |TAMS 0x0000000082300000| PB 0x0000000082300000| Untracked 
|  10|0x0000000082400000, 0x0000000082500000, 0x0000000082500000|100%| O|  |TAMS 0x0000000082400000| PB 0x0000000082400000| Untracked 
|  11|0x0000000082500000, 0x0000000082600000, 0x0000000082600000|100%| O|  |TAMS 0x0000000082500000| PB 0x0000000082500000| Untracked 
|  12|0x0000000082600000, 0x0000000082700000, 0x0000000082700000|100%| O|Cm|TAMS 0x0000000082600000| PB 0x0000000082600000| Complete 
|  13|0x0000000082700000, 0x0000000082800000, 0x0000000082800000|100%| O|  |TAMS 0x0000000082700000| PB 0x0000000082700000| Untracked 
|  14|0x0000000082800000, 0x0000000082900000, 0x0000000082900000|100%| O|  |TAMS 0x0000000082800000| PB 0x0000000082800000| Untracked 
|  15|0x0000000082900000, 0x0000000082a00000, 0x0000000082a00000|100%| O|  |TAMS 0x0000000082900000| PB 0x0000000082900000| Untracked 
|  16|0x0000000082a00000, 0x0000000082b00000, 0x0000000082b00000|100%| O|  |TAMS 0x0000000082a00000| PB 0x0000000082a00000| Untracked 
|  17|0x0000000082b00000, 0x0000000082c00000, 0x0000000082c00000|100%| O|  |TAMS 0x0000000082b00000| PB 0x0000000082b00000| Untracked 
|  18|0x0000000082c00000, 0x0000000082d00000, 0x0000000082d00000|100%| O|  |TAMS 0x0000000082c00000| PB 0x0000000082c00000| Untracked 
|  19|0x0000000082d00000, 0x0000000082e00000, 0x0000000082e00000|100%| O|  |TAMS 0x0000000082d00000| PB 0x0000000082d00000| Untracked 
|  20|0x0000000082e00000, 0x0000000082f00000, 0x0000000082f00000|100%| O|  |TAMS 0x0000000082e00000| PB 0x0000000082e00000| Untracked 
|  21|0x0000000082f00000, 0x0000000083000000, 0x0000000083000000|100%| O|  |TAMS 0x0000000082f00000| PB 0x0000000082f00000| Untracked 
|  22|0x0000000083000000, 0x0000000083100000, 0x0000000083100000|100%| O|  |TAMS 0x0000000083000000| PB 0x0000000083000000| Untracked 
|  23|0x0000000083100000, 0x000000008314acf0, 0x0000000083200000| 29%| O|  |TAMS 0x0000000083100000| PB 0x0000000083100000| Untracked 
|  24|0x0000000083200000, 0x0000000083200000, 0x0000000083300000|  0%| F|  |TAMS 0x0000000083200000| PB 0x0000000083200000| Untracked 
|  25|0x0000000083300000, 0x0000000083400000, 0x0000000083400000|100%| O|  |TAMS 0x0000000083300000| PB 0x0000000083300000| Untracked 
|  26|0x0000000083400000, 0x0000000083400000, 0x0000000083500000|  0%| F|  |TAMS 0x0000000083400000| PB 0x0000000083400000| Untracked 
|  27|0x0000000083500000, 0x0000000083500000, 0x0000000083600000|  0%| F|  |TAMS 0x0000000083500000| PB 0x0000000083500000| Untracked 
|  28|0x0000000083600000, 0x0000000083673bf0, 0x0000000083700000| 45%| S|CS|TAMS 0x0000000083600000| PB 0x0000000083600000| Complete 
|  29|0x0000000083700000, 0x0000000083800000, 0x0000000083800000|100%| S|CS|TAMS 0x0000000083700000| PB 0x0000000083700000| Complete 
|  30|0x0000000083800000, 0x0000000083800000, 0x0000000083900000|  0%| F|  |TAMS 0x0000000083800000| PB 0x0000000083800000| Untracked 
|  31|0x0000000083900000, 0x0000000083900000, 0x0000000083a00000|  0%| F|  |TAMS 0x0000000083900000| PB 0x0000000083900000| Untracked 
|  32|0x0000000083a00000, 0x0000000083a00000, 0x0000000083b00000|  0%| F|  |TAMS 0x0000000083a00000| PB 0x0000000083a00000| Untracked 
|  33|0x0000000083b00000, 0x0000000083b00000, 0x0000000083c00000|  0%| F|  |TAMS 0x0000000083b00000| PB 0x0000000083b00000| Untracked 
|  34|0x0000000083c00000, 0x0000000083c00000, 0x0000000083d00000|  0%| F|  |TAMS 0x0000000083c00000| PB 0x0000000083c00000| Untracked 
|  35|0x0000000083d00000, 0x0000000083d00000, 0x0000000083e00000|  0%| F|  |TAMS 0x0000000083d00000| PB 0x0000000083d00000| Untracked 
|  36|0x0000000083e00000, 0x0000000083e00000, 0x0000000083f00000|  0%| F|  |TAMS 0x0000000083e00000| PB 0x0000000083e00000| Untracked 
|  37|0x0000000083f00000, 0x0000000083f00000, 0x0000000084000000|  0%| F|  |TAMS 0x0000000083f00000| PB 0x0000000083f00000| Untracked 
|  38|0x0000000084000000, 0x0000000084000000, 0x0000000084100000|  0%| F|  |TAMS 0x0000000084000000| PB 0x0000000084000000| Untracked 
|  39|0x0000000084100000, 0x0000000084100000, 0x0000000084200000|  0%| F|  |TAMS 0x0000000084100000| PB 0x0000000084100000| Untracked 
| 101|0x0000000087f00000, 0x0000000087f00000, 0x0000000088000000|  0%| F|  |TAMS 0x0000000087f00000| PB 0x0000000087f00000| Untracked 
| 102|0x0000000088000000, 0x0000000088000000, 0x0000000088100000|  0%| F|  |TAMS 0x0000000088000000| PB 0x0000000088000000| Untracked 
| 103|0x0000000088100000, 0x0000000088100000, 0x0000000088200000|  0%| F|  |TAMS 0x0000000088100000| PB 0x0000000088100000| Untracked 
| 104|0x0000000088200000, 0x00000000882aa878, 0x0000000088300000| 66%| E|  |TAMS 0x0000000088200000| PB 0x0000000088200000| Complete 
| 105|0x0000000088300000, 0x0000000088400000, 0x0000000088400000|100%| E|CS|TAMS 0x0000000088300000| PB 0x0000000088300000| Complete 
| 106|0x0000000088400000, 0x0000000088500000, 0x0000000088500000|100%| E|CS|TAMS 0x0000000088400000| PB 0x0000000088400000| Complete 
| 127|0x0000000089900000, 0x0000000089a00000, 0x0000000089a00000|100%| E|CS|TAMS 0x0000000089900000| PB 0x0000000089900000| Complete 

Card table byte_map: [0x0000020f729f0000,0x0000020f72df0000] _byte_map_base: 0x0000020f725e3000

Marking Bits: (CMBitMap*) 0x0000020f5b1f7880
 Bits: [0x0000020f72df0000, 0x0000020f74d88000)

Polling page: 0x0000020f59120000

Metaspace:

Usage:
  Non-class:     50.85 MB used.
      Class:      7.97 MB used.
       Both:     58.82 MB used.

Virtual space:
  Non-class space:       64.00 MB reserved,      51.25 MB ( 80%) committed,  1 nodes.
      Class space:        1.00 GB reserved,       8.25 MB ( <1%) committed,  1 nodes.
             Both:        1.06 GB reserved,      59.50 MB (  5%) committed. 

Chunk freelists:
   Non-Class:  12.42 MB
       Class:  7.56 MB
        Both:  19.98 MB

MaxMetaspaceSize: unlimited
CompressedClassSpaceSize: 1.00 GB
Initial GC threshold: 21.00 MB
Current GC threshold: 92.44 MB
CDS: on
 - commit_granule_bytes: 65536.
 - commit_granule_words: 8192.
 - virtual_space_node_default_size: 8388608.
 - enlarge_chunks_in_place: 1.
 - use_allocation_guard: 0.


Internal statistics:

num_allocs_failed_limit: 6.
num_arena_births: 912.
num_arena_deaths: 0.
num_vsnodes_births: 2.
num_vsnodes_deaths: 0.
num_space_committed: 952.
num_space_uncommitted: 0.
num_chunks_returned_to_freelist: 6.
num_chunks_taken_from_freelist: 3013.
num_chunk_merges: 6.
num_chunk_splits: 2168.
num_chunks_enlarged: 1670.
num_inconsistent_stats: 0.

CodeHeap 'non-profiled nmethods': size=120000Kb used=2867Kb max_used=3086Kb free=117132Kb
 bounds [0x0000020f6b0c0000, 0x0000020f6b3d0000, 0x0000020f725f0000]
CodeHeap 'profiled nmethods': size=120000Kb used=9378Kb max_used=9787Kb free=110621Kb
 bounds [0x0000020f635f0000, 0x0000020f63f80000, 0x0000020f6ab20000]
CodeHeap 'non-nmethods': size=5760Kb used=1678Kb max_used=1699Kb free=4081Kb
 bounds [0x0000020f6ab20000, 0x0000020f6ad90000, 0x0000020f6b0c0000]
 total_blobs=5543 nmethods=4827 adapters=620
 compilation: enabled
              stopped_count=0, restarted_count=0
 full_count=0

Compilation events (20 events):
Event: 12.864 Thread 0x0000020f772a7180 5519       1       com.mysql.cj.MysqlType::getName (5 bytes)
Event: 12.864 Thread 0x0000020f772a7180 nmethod 5519 0x0000020f6b28e790 code [0x0000020f6b28e920, 0x0000020f6b28e9e8]
Event: 12.864 Thread 0x0000020f772a7180 5522       1       com.mysql.cj.protocol.a.result.OkPacket::getStatusFlags (5 bytes)
Event: 12.864 Thread 0x0000020f772a7180 nmethod 5522 0x0000020f6b28e490 code [0x0000020f6b28e620, 0x0000020f6b28e6e8]
Event: 12.864 Thread 0x0000020f772a7180 5523       1       org.hibernate.boot.internal.BootstrapContextImpl::getReflectionManager (5 bytes)
Event: 12.865 Thread 0x0000020f772a7180 nmethod 5523 0x0000020f6b28e190 code [0x0000020f6b28e320, 0x0000020f6b28e3e8]
Event: 12.866 Thread 0x0000020f772844b0 nmethod 5515 0x0000020f6b23c610 code [0x0000020f6b23c820, 0x0000020f6b23d0d8]
Event: 12.866 Thread 0x0000020f772844b0 5524       4       jdk.internal.org.objectweb.asm.MethodWriter::visitFieldInsn (258 bytes)
Event: 12.870 Thread 0x0000020f772a7180 5525       1       org.springframework.beans.factory.support.AbstractBeanDefinition::setBeanClass (6 bytes)
Event: 12.870 Thread 0x0000020f772a7180 nmethod 5525 0x0000020f6b28de90 code [0x0000020f6b28e020, 0x0000020f6b28e138]
Event: 12.875 Thread 0x0000020f772844b0 nmethod 5524 0x0000020f6b23b990 code [0x0000020f6b23bba0, 0x0000020f6b23c0f0]
Event: 12.875 Thread 0x0000020f772844b0 5518       4       com.mysql.cj.protocol.a.NativePacketPayload::readInteger (662 bytes)
Event: 12.880 Thread 0x0000020f772844b0 nmethod 5518 0x0000020f6b23b190 code [0x0000020f6b23b360, 0x0000020f6b23b708]
Event: 12.880 Thread 0x0000020f772844b0 5526       4       jdk.internal.org.objectweb.asm.SymbolTable::addTypeInternal (85 bytes)
Event: 12.881 Thread 0x0000020f772a7180 5527       3       org.springframework.beans.factory.support.RootBeanDefinition::<init> (43 bytes)
Event: 12.881 Thread 0x0000020f772a7180 nmethod 5527 0x0000020f63a4e790 code [0x0000020f63a4e960, 0x0000020f63a4ece8]
Event: 12.881 Thread 0x0000020f772a7180 5528       3       org.springframework.beans.factory.support.AbstractBeanDefinition::<init> (461 bytes)
Event: 12.889 Thread 0x0000020f772a7180 nmethod 5528 0x0000020f63bdce90 code [0x0000020f63bdd740, 0x0000020f63be5f20]
Event: 12.890 Thread 0x0000020f772a7180 5529       3       org.springframework.beans.factory.support.AbstractBeanDefinition::copyQualifiersFrom (21 bytes)
Event: 12.890 Thread 0x0000020f772a7180 nmethod 5529 0x0000020f638c2410 code [0x0000020f638c25e0, 0x0000020f638c2938]

GC Heap History (20 events):
Event: 4.587 GC heap before
{Heap before GC invocations=5 (full 0):
 garbage-first heap   total 48128K, used 35088K [0x0000000081a00000, 0x0000000100000000)
  region size 1024K, 28 young (28672K), 6 survivors (6144K)
 Metaspace       used 23955K, committed 24256K, reserved 1114112K
  class space    used 2957K, committed 3072K, reserved 1048576K
}
Event: 4.597 GC heap after
{Heap after GC invocations=6 (full 0):
 garbage-first heap   total 48128K, used 14189K [0x0000000081a00000, 0x0000000100000000)
  region size 1024K, 4 young (4096K), 4 survivors (4096K)
 Metaspace       used 23955K, committed 24256K, reserved 1114112K
  class space    used 2957K, committed 3072K, reserved 1048576K
}
Event: 5.587 GC heap before
{Heap before GC invocations=6 (full 0):
 garbage-first heap   total 48128K, used 36717K [0x0000000081a00000, 0x0000000100000000)
  region size 1024K, 26 young (26624K), 4 survivors (4096K)
 Metaspace       used 27339K, committed 27712K, reserved 1114112K
  class space    used 3414K, committed 3584K, reserved 1048576K
}
Event: 5.594 GC heap after
{Heap after GC invocations=7 (full 0):
 garbage-first heap   total 48128K, used 15536K [0x0000000081a00000, 0x0000000100000000)
  region size 1024K, 4 young (4096K), 4 survivors (4096K)
 Metaspace       used 27339K, committed 27712K, reserved 1114112K
  class space    used 3414K, committed 3584K, reserved 1048576K
}
Event: 6.884 GC heap before
{Heap before GC invocations=7 (full 0):
 garbage-first heap   total 48128K, used 38064K [0x0000000081a00000, 0x0000000100000000)
  region size 1024K, 26 young (26624K), 4 survivors (4096K)
 Metaspace       used 31181K, committed 31616K, reserved 1114112K
  class space    used 3963K, committed 4160K, reserved 1048576K
}
Event: 6.895 GC heap after
{Heap after GC invocations=8 (full 0):
 garbage-first heap   total 48128K, used 17975K [0x0000000081a00000, 0x0000000100000000)
  region size 1024K, 4 young (4096K), 4 survivors (4096K)
 Metaspace       used 31181K, committed 31616K, reserved 1114112K
  class space    used 3963K, committed 4160K, reserved 1048576K
}
Event: 8.026 GC heap before
{Heap before GC invocations=8 (full 0):
 garbage-first heap   total 48128K, used 39479K [0x0000000081a00000, 0x0000000100000000)
  region size 1024K, 25 young (25600K), 4 survivors (4096K)
 Metaspace       used 34950K, committed 35456K, reserved 1114112K
  class space    used 4440K, committed 4672K, reserved 1048576K
}
Event: 8.036 GC heap after
{Heap after GC invocations=9 (full 0):
 garbage-first heap   total 48128K, used 20985K [0x0000000081a00000, 0x0000000100000000)
  region size 1024K, 3 young (3072K), 3 survivors (3072K)
 Metaspace       used 34950K, committed 35456K, reserved 1114112K
  class space    used 4440K, committed 4672K, reserved 1048576K
}
Event: 8.244 GC heap before
{Heap before GC invocations=9 (full 0):
 garbage-first heap   total 48128K, used 25081K [0x0000000081a00000, 0x0000000100000000)
  region size 1024K, 8 young (8192K), 3 survivors (3072K)
 Metaspace       used 35445K, committed 35968K, reserved 1114112K
  class space    used 4524K, committed 4736K, reserved 1048576K
}
Event: 8.249 GC heap after
{Heap after GC invocations=10 (full 0):
 garbage-first heap   total 48128K, used 21311K [0x0000000081a00000, 0x0000000100000000)
  region size 1024K, 1 young (1024K), 1 survivors (1024K)
 Metaspace       used 35445K, committed 35968K, reserved 1114112K
  class space    used 4524K, committed 4736K, reserved 1048576K
}
Event: 9.771 GC heap before
{Heap before GC invocations=11 (full 0):
 garbage-first heap   total 48128K, used 40767K [0x0000000081a00000, 0x0000000100000000)
  region size 1024K, 20 young (20480K), 1 survivors (1024K)
 Metaspace       used 40720K, committed 41280K, reserved 1114112K
  class space    used 5322K, committed 5568K, reserved 1048576K
}
Event: 9.774 GC heap after
{Heap after GC invocations=12 (full 0):
 garbage-first heap   total 48128K, used 21937K [0x0000000081a00000, 0x0000000100000000)
  region size 1024K, 2 young (2048K), 2 survivors (2048K)
 Metaspace       used 40720K, committed 41280K, reserved 1114112K
  class space    used 5322K, committed 5568K, reserved 1048576K
}
Event: 10.686 GC heap before
{Heap before GC invocations=12 (full 0):
 garbage-first heap   total 48128K, used 40369K [0x0000000081a00000, 0x0000000100000000)
  region size 1024K, 21 young (21504K), 2 survivors (2048K)
 Metaspace       used 46550K, committed 47168K, reserved 1114112K
  class space    used 6039K, committed 6336K, reserved 1048576K
}
Event: 10.692 GC heap after
{Heap after GC invocations=13 (full 0):
 garbage-first heap   total 48128K, used 23843K [0x0000000081a00000, 0x0000000100000000)
  region size 1024K, 3 young (3072K), 3 survivors (3072K)
 Metaspace       used 46550K, committed 47168K, reserved 1114112K
  class space    used 6039K, committed 6336K, reserved 1048576K
}
Event: 11.299 GC heap before
{Heap before GC invocations=13 (full 0):
 garbage-first heap   total 48128K, used 40227K [0x0000000081a00000, 0x0000000100000000)
  region size 1024K, 20 young (20480K), 3 survivors (3072K)
 Metaspace       used 50389K, committed 51008K, reserved 1114112K
  class space    used 6543K, committed 6848K, reserved 1048576K
}
Event: 11.305 GC heap after
{Heap after GC invocations=14 (full 0):
 garbage-first heap   total 48128K, used 25086K [0x0000000081a00000, 0x0000000100000000)
  region size 1024K, 2 young (2048K), 2 survivors (2048K)
 Metaspace       used 50389K, committed 51008K, reserved 1114112K
  class space    used 6543K, committed 6848K, reserved 1048576K
}
Event: 11.870 GC heap before
{Heap before GC invocations=14 (full 0):
 garbage-first heap   total 48128K, used 41470K [0x0000000081a00000, 0x0000000100000000)
  region size 1024K, 18 young (18432K), 2 survivors (2048K)
 Metaspace       used 55827K, committed 56448K, reserved 1114112K
  class space    used 7470K, committed 7744K, reserved 1048576K
}
Event: 11.874 GC heap after
{Heap after GC invocations=15 (full 0):
 garbage-first heap   total 48128K, used 25766K [0x0000000081a00000, 0x0000000100000000)
  region size 1024K, 2 young (2048K), 2 survivors (2048K)
 Metaspace       used 55827K, committed 56448K, reserved 1114112K
  class space    used 7470K, committed 7744K, reserved 1048576K
}
Event: 12.518 GC heap before
{Heap before GC invocations=16 (full 0):
 garbage-first heap   total 48128K, used 41126K [0x0000000081a00000, 0x0000000100000000)
  region size 1024K, 18 young (18432K), 2 survivors (2048K)
 Metaspace       used 59452K, committed 60096K, reserved 1114112K
  class space    used 8058K, committed 8384K, reserved 1048576K
}
Event: 12.522 GC heap after
{Heap after GC invocations=17 (full 0):
 garbage-first heap   total 48128K, used 26362K [0x0000000081a00000, 0x0000000100000000)
  region size 1024K, 2 young (2048K), 2 survivors (2048K)
 Metaspace       used 59452K, committed 60096K, reserved 1114112K
  class space    used 8058K, committed 8384K, reserved 1048576K
}

Dll operation events (11 events):
Event: 0.016 Loaded shared library C:\Program Files\Java\jdk-21\bin\java.dll
Event: 0.115 Loaded shared library C:\Program Files\Java\jdk-21\bin\jsvml.dll
Event: 0.278 Loaded shared library C:\Program Files\Java\jdk-21\bin\jimage.dll
Event: 0.291 Loaded shared library C:\Program Files\Java\jdk-21\bin\net.dll
Event: 0.293 Loaded shared library C:\Program Files\Java\jdk-21\bin\nio.dll
Event: 0.296 Loaded shared library C:\Program Files\Java\jdk-21\bin\zip.dll
Event: 0.414 Loaded shared library C:\Program Files\Java\jdk-21\bin\management.dll
Event: 0.429 Loaded shared library C:\Program Files\Java\jdk-21\bin\management_ext.dll
Event: 0.924 Loaded shared library C:\Program Files\Java\jdk-21\bin\extnet.dll
Event: 7.309 Loaded shared library C:\Program Files\Java\jdk-21\bin\sunmscapi.dll
Event: 9.364 Loaded shared library C:\Program Files\Java\jdk-21\bin\verify.dll

Deoptimization events (20 events):
Event: 12.811 Thread 0x0000020f77e49300 Uncommon trap: trap_request=0xffffffc6 fr.pc=0x0000020f6b2f6150 relative=0x0000000000000b70
Event: 12.811 Thread 0x0000020f77e49300 Uncommon trap: reason=bimorphic_or_optimized_type_check action=maybe_recompile pc=0x0000020f6b2f6150 method=java.util.regex.Pattern$Start.match(Ljava/util/regex/Matcher;ILjava/lang/CharSequence;)Z @ 44 c2
Event: 12.811 Thread 0x0000020f77e49300 DEOPT PACKING pc=0x0000020f6b2f6150 sp=0x0000001dc79fcd80
Event: 12.811 Thread 0x0000020f77e49300 DEOPT UNPACKING pc=0x0000020f6ab746a2 sp=0x0000001dc79fccd0 mode 2
Event: 12.812 Thread 0x0000020f77e49300 Uncommon trap: trap_request=0xffffffc6 fr.pc=0x0000020f6b2f6150 relative=0x0000000000000b70
Event: 12.812 Thread 0x0000020f77e49300 Uncommon trap: reason=bimorphic_or_optimized_type_check action=maybe_recompile pc=0x0000020f6b2f6150 method=java.util.regex.Pattern$Start.match(Ljava/util/regex/Matcher;ILjava/lang/CharSequence;)Z @ 44 c2
Event: 12.812 Thread 0x0000020f77e49300 DEOPT PACKING pc=0x0000020f6b2f6150 sp=0x0000001dc79fce60
Event: 12.812 Thread 0x0000020f77e49300 DEOPT UNPACKING pc=0x0000020f6ab746a2 sp=0x0000001dc79fcdb0 mode 2
Event: 12.812 Thread 0x0000020f77e49300 Uncommon trap: trap_request=0xffffffc6 fr.pc=0x0000020f6b2f6150 relative=0x0000000000000b70
Event: 12.812 Thread 0x0000020f77e49300 Uncommon trap: reason=bimorphic_or_optimized_type_check action=maybe_recompile pc=0x0000020f6b2f6150 method=java.util.regex.Pattern$Start.match(Ljava/util/regex/Matcher;ILjava/lang/CharSequence;)Z @ 44 c2
Event: 12.812 Thread 0x0000020f77e49300 DEOPT PACKING pc=0x0000020f6b2f6150 sp=0x0000001dc79fce60
Event: 12.812 Thread 0x0000020f77e49300 DEOPT UNPACKING pc=0x0000020f6ab746a2 sp=0x0000001dc79fcdb0 mode 2
Event: 12.842 Thread 0x0000020f77e49300 Uncommon trap: trap_request=0xffffffc6 fr.pc=0x0000020f6b2f4ab4 relative=0x0000000000000974
Event: 12.842 Thread 0x0000020f77e49300 Uncommon trap: reason=bimorphic_or_optimized_type_check action=maybe_recompile pc=0x0000020f6b2f4ab4 method=java.util.regex.Pattern$Start.match(Ljava/util/regex/Matcher;ILjava/lang/CharSequence;)Z @ 44 c2
Event: 12.842 Thread 0x0000020f77e49300 DEOPT PACKING pc=0x0000020f6b2f4ab4 sp=0x0000001dc79fcd00
Event: 12.842 Thread 0x0000020f77e49300 DEOPT UNPACKING pc=0x0000020f6ab746a2 sp=0x0000001dc79fccd0 mode 2
Event: 12.879 Thread 0x0000020f77e49300 Uncommon trap: trap_request=0xffffff45 fr.pc=0x0000020f6b3238f4 relative=0x00000000000043f4
Event: 12.879 Thread 0x0000020f77e49300 Uncommon trap: reason=unstable_if action=reinterpret pc=0x0000020f6b3238f4 method=org.springframework.core.annotation.TypeMappedAnnotations.scan(Ljava/lang/Object;Lorg/springframework/core/annotation/AnnotationsProcessor;)Ljava/lang/Object; @ 4 c2
Event: 12.879 Thread 0x0000020f77e49300 DEOPT PACKING pc=0x0000020f6b3238f4 sp=0x0000001dc79fddb0
Event: 12.879 Thread 0x0000020f77e49300 DEOPT UNPACKING pc=0x0000020f6ab746a2 sp=0x0000001dc79fdd08 mode 2

Classes loaded (20 events):
Event: 11.112 Loading class java/util/concurrent/CompletionStage
Event: 11.112 Loading class java/util/concurrent/CompletionStage done
Event: 11.113 Loading class java/util/concurrent/CompletableFuture
Event: 11.114 Loading class java/util/concurrent/CompletableFuture done
Event: 11.114 Loading class java/util/concurrent/CompletableFuture$AltResult
Event: 11.114 Loading class java/util/concurrent/CompletableFuture$AltResult done
Event: 11.114 Loading class java/util/concurrent/CompletableFuture$Completion
Event: 11.114 Loading class java/util/concurrent/CompletableFuture$AsynchronousCompletionTask
Event: 11.114 Loading class java/util/concurrent/CompletableFuture$AsynchronousCompletionTask done
Event: 11.115 Loading class java/util/concurrent/CompletableFuture$Completion done
Event: 11.209 Loading class sun/reflect/annotation/TypeAnnotation$TypeAnnotationTargetInfo
Event: 11.209 Loading class sun/reflect/annotation/TypeAnnotation$TypeAnnotationTargetInfo done
Event: 11.296 Loading class java/util/concurrent/CancellationException
Event: 11.296 Loading class java/util/concurrent/CancellationException done
Event: 11.637 Loading class java/util/ArrayList$ListItr
Event: 11.637 Loading class java/util/ArrayList$ListItr done
Event: 11.806 Loading class java/util/AbstractList$SubList
Event: 11.806 Loading class java/util/AbstractList$SubList done
Event: 12.859 Loading class javax/naming/Reference
Event: 12.859 Loading class javax/naming/Reference done

Classes unloaded (0 events):
No events

Classes redefined (0 events):
No events

Internal exceptions (20 events):
Event: 11.316 Thread 0x0000020f77e49300 Exception <a 'java/lang/IncompatibleClassChangeError'{0x00000000899359d8}: Found class java.lang.Object, but interface was expected> (0x00000000899359d8) 
thrown [s\open\src\hotspot\share\interpreter\linkResolver.cpp, line 840]
Event: 11.339 Thread 0x0000020f77e49300 Exception <a 'java/lang/NoSuchMethodError'{0x00000000899eb130}: 'java.lang.Object java.lang.invoke.DirectMethodHandle$Holder.invokeStatic(java.lang.Object, java.lang.Object, int, java.lang.Object)'> (0x00000000899eb130) 
thrown [s\open\src\hotspot\share\interpreter\linkResolver.cpp, line 773]
Event: 11.339 Thread 0x0000020f77e49300 Exception <a 'java/lang/NoSuchMethodError'{0x00000000899ee928}: 'java.lang.Object java.lang.invoke.DirectMethodHandle$Holder.invokeStaticInit(java.lang.Object, java.lang.Object, int, java.lang.Object)'> (0x00000000899ee928) 
thrown [s\open\src\hotspot\share\interpreter\linkResolver.cpp, line 773]
Event: 12.143 Thread 0x0000020f77e49300 Exception <a 'java/lang/NoSuchMethodError'{0x0000000087f96580}: 'void java.lang.invoke.DirectMethodHandle$Holder.invokeStaticInit(java.lang.Object, int, java.lang.Object, java.lang.Object, java.lang.Object, java.lang.Object)'> (0x0000000087f96580) 
thrown [s\open\src\hotspot\share\interpreter\linkResolver.cpp, line 773]
Event: 12.218 Thread 0x0000020f77e49300 Exception <a 'java/lang/NoSuchMethodError'{0x0000000084003b38}: 'java.lang.Object java.lang.invoke.DirectMethodHandle$Holder.newInvokeSpecial(java.lang.Object, java.lang.Object, java.lang.Object, java.lang.Object, java.lang.Object, java.lang.Object)'> (0x0000000084003b38) 
thrown [s\open\src\hotspot\share\interpreter\linkResolver.cpp, line 773]
Event: 12.222 Thread 0x0000020f77e49300 Exception <a 'java/lang/NoSuchMethodError'{0x0000000084013040}: 'int java.lang.invoke.DirectMethodHandle$Holder.invokeStatic(java.lang.Object, java.lang.Object, java.lang.Object, java.lang.Object, java.lang.Object)'> (0x0000000084013040) 
thrown [s\open\src\hotspot\share\interpreter\linkResolver.cpp, line 773]
Event: 12.268 Thread 0x0000020f77e49300 Exception <a 'java/lang/NoSuchMethodError'{0x00000000840ead50}: 'void java.lang.invoke.DirectMethodHandle$Holder.invokeInterface(java.lang.Object, java.lang.Object, int, java.lang.Object)'> (0x00000000840ead50) 
thrown [s\open\src\hotspot\share\interpreter\linkResolver.cpp, line 773]
Event: 12.273 Thread 0x0000020f77e49300 Exception <a 'java/lang/NoSuchMethodError'{0x0000000083f0fd60}: 'java.lang.Object java.lang.invoke.DirectMethodHandle$Holder.newInvokeSpecial(java.lang.Object, java.lang.Object, int, java.lang.Object)'> (0x0000000083f0fd60) 
thrown [s\open\src\hotspot\share\interpreter\linkResolver.cpp, line 773]
Event: 12.274 Thread 0x0000020f77e49300 Exception <a 'java/lang/NoSuchMethodError'{0x0000000083f136c0}: 'java.lang.Object java.lang.invoke.Invokers$Holder.linkToTargetMethod(java.lang.Object, int, java.lang.Object, java.lang.Object)'> (0x0000000083f136c0) 
thrown [s\open\src\hotspot\share\interpreter\linkResolver.cpp, line 773]
Event: 12.295 Thread 0x0000020f77e49300 Exception <a 'java/lang/IncompatibleClassChangeError'{0x0000000083f9fbc0}: Found class java.lang.Object, but interface was expected> (0x0000000083f9fbc0) 
thrown [s\open\src\hotspot\share\interpreter\linkResolver.cpp, line 840]
Event: 12.336 Thread 0x0000020f77e49300 Exception <a 'java/lang/NoSuchMethodError'{0x0000000083ed6b78}: 'int java.lang.invoke.DirectMethodHandle$Holder.invokeStatic(java.lang.Object, int, java.lang.Object)'> (0x0000000083ed6b78) 
thrown [s\open\src\hotspot\share\interpreter\linkResolver.cpp, line 773]
Event: 12.341 Thread 0x0000020f77e49300 Exception <a 'java/lang/NoSuchMethodError'{0x0000000083ef0d78}: 'java.lang.Object java.lang.invoke.DirectMethodHandle$Holder.newInvokeSpecial(java.lang.Object, java.lang.Object, java.lang.Object, java.lang.Object, java.lang.Object, int, java.lang.Object)'> (0x0000000083ef0d78) 
thrown [s\open\src\hotspot\share\interpreter\linkResolver.cpp, line 773]
Event: 12.415 Thread 0x0000020f77e49300 Exception <a 'java/lang/NoSuchMethodError'{0x0000000083cdacd8}: 'java.lang.Object java.lang.invoke.DirectMethodHandle$Holder.newInvokeSpecial(java.lang.Object, java.lang.Object, int, java.lang.Object, int, java.lang.Object, java.lang.Object)'> (0x0000000083cdacd8) 
thrown [s\open\src\hotspot\share\interpreter\linkResolver.cpp, line 773]
Event: 12.432 Thread 0x0000020f77e49300 Exception <a 'java/lang/NoSuchMethodError'{0x0000000083b48b20}: 'java.lang.Object java.lang.invoke.DirectMethodHandle$Holder.newInvokeSpecial(java.lang.Object, java.lang.Object, java.lang.Object, java.lang.Object, java.lang.Object, java.lang.Object, java.lang.Object, int)'> (0x0000000083b48b20) 
thrown [s\open\src\hotspot\share\interpreter\linkResolver.cpp, line 773]
Event: 12.432 Thread 0x0000020f77e49300 Exception <a 'java/lang/NoSuchMethodError'{0x0000000083b4d080}: 'java.lang.Object java.lang.invoke.DirectMethodHandle$Holder.invokeSpecial(java.lang.Object, java.lang.Object, java.lang.Object, java.lang.Object, java.lang.Object, java.lang.Object, java.lang.Object, java.lang.Object, int)'> (0x0000000083b4d080) 
thrown [s\open\src\hotspot\share\interpreter\linkResolver.cpp, line 773]
Event: 12.432 Thread 0x0000020f77e49300 Exception <a 'java/lang/NoSuchMethodError'{0x0000000083b512d8}: 'java.lang.Object java.lang.invoke.Invokers$Holder.linkToTargetMethod(java.lang.Object, java.lang.Object, java.lang.Object, java.lang.Object, java.lang.Object, java.lang.Object, int, java.lang.Object)'> (0x0000000083b512d8) 
thrown [s\open\src\hotspot\share\interpreter\linkResolver.cpp, line 773]
Event: 12.458 Thread 0x0000020f77e49300 Exception <a 'java/lang/NoSuchMethodError'{0x0000000083a103d8}: 'void java.lang.invoke.DirectMethodHandle$Holder.invokeInterface(java.lang.Object, java.lang.Object)'> (0x0000000083a103d8) 
thrown [s\open\src\hotspot\share\interpreter\linkResolver.cpp, line 773]
Event: 12.822 Thread 0x0000020f77e49300 Exception <a 'java/lang/NoSuchMethodError'{0x0000000088314148}: 'java.lang.Object java.lang.invoke.DirectMethodHandle$Holder.invokeSpecial(java.lang.Object, java.lang.Object, int, java.lang.Object, int)'> (0x0000000088314148) 
thrown [s\open\src\hotspot\share\interpreter\linkResolver.cpp, line 773]
Event: 12.871 Thread 0x0000020f77e49300 Exception <a 'java/lang/NoSuchMethodError'{0x0000000088218278}: 'void java.lang.invoke.Invokers$Holder.invokeExact_MT(java.lang.Object, java.lang.Object, java.lang.Object, java.lang.Object)'> (0x0000000088218278) 
thrown [s\open\src\hotspot\share\interpreter\linkResolver.cpp, line 773]
Event: 12.891 Thread 0x0000020f77e49300 Implicit null exception at 0x0000020f63c23edf to 0x0000000000000000

ZGC Phase Switch (0 events):
No events

VM Operations (20 events):
Event: 8.733 Executing VM operation: HandshakeAllThreads (Deoptimize)
Event: 8.733 Executing VM operation: HandshakeAllThreads (Deoptimize) done
Event: 9.733 Executing VM operation: Cleanup
Event: 9.733 Executing VM operation: Cleanup done
Event: 9.771 Executing VM operation: G1CollectForAllocation (G1 Evacuation Pause)
Event: 9.774 Executing VM operation: G1CollectForAllocation (G1 Evacuation Pause) done
Event: 10.686 Executing VM operation: G1CollectForAllocation (G1 Evacuation Pause)
Event: 10.692 Executing VM operation: G1CollectForAllocation (G1 Evacuation Pause) done
Event: 11.299 Executing VM operation: G1CollectForAllocation (G1 Evacuation Pause)
Event: 11.305 Executing VM operation: G1CollectForAllocation (G1 Evacuation Pause) done
Event: 11.637 Executing VM operation: HandshakeAllThreads (Deoptimize)
Event: 11.637 Executing VM operation: HandshakeAllThreads (Deoptimize) done
Event: 11.870 Executing VM operation: G1CollectForAllocation (G1 Evacuation Pause)
Event: 11.874 Executing VM operation: G1CollectForAllocation (G1 Evacuation Pause) done
Event: 11.933 Executing VM operation: G1PauseRemark
Event: 11.939 Executing VM operation: G1PauseRemark done
Event: 11.964 Executing VM operation: G1PauseCleanup
Event: 11.965 Executing VM operation: G1PauseCleanup done
Event: 12.518 Executing VM operation: G1CollectForAllocation (G1 Evacuation Pause)
Event: 12.522 Executing VM operation: G1CollectForAllocation (G1 Evacuation Pause) done

Events (20 events):
Event: 11.938 Thread 0x0000020f772479d0 flushing nmethod 0x0000020f6b1c2b90
Event: 11.938 Thread 0x0000020f772479d0 flushing nmethod 0x0000020f6b1d9290
Event: 11.938 Thread 0x0000020f772479d0 flushing nmethod 0x0000020f6b1d5b90
Event: 11.938 Thread 0x0000020f772479d0 flushing nmethod 0x0000020f6b184490
Event: 11.938 Thread 0x0000020f772479d0 flushing nmethod 0x0000020f6b1b8090
Event: 11.938 Thread 0x0000020f772479d0 flushing nmethod 0x0000020f6b1b0f90
Event: 11.938 Thread 0x0000020f772479d0 flushing nmethod 0x0000020f6b17d190
Event: 11.938 Thread 0x0000020f772479d0 flushing nmethod 0x0000020f6b1a5390
Event: 11.938 Thread 0x0000020f772479d0 flushing nmethod 0x0000020f6b155990
Event: 11.938 Thread 0x0000020f772479d0 flushing nmethod 0x0000020f6b197d10
Event: 11.938 Thread 0x0000020f772479d0 flushing nmethod 0x0000020f6b192a90
Event: 11.938 Thread 0x0000020f772479d0 flushing nmethod 0x0000020f6b18d510
Event: 11.938 Thread 0x0000020f772479d0 flushing nmethod 0x0000020f6b153610
Event: 11.938 Thread 0x0000020f772479d0 flushing nmethod 0x0000020f6b15f890
Event: 11.938 Thread 0x0000020f772479d0 flushing nmethod 0x0000020f6b125d10
Event: 11.938 Thread 0x0000020f772479d0 flushing nmethod 0x0000020f6b110690
Event: 11.938 Thread 0x0000020f772479d0 flushing nmethod 0x0000020f6b115390
Event: 11.938 Thread 0x0000020f772479d0 flushing nmethod 0x0000020f6b0cd110
Event: 12.037 Thread 0x0000020f7da95d40 Thread added: 0x0000020f7da95d40
Event: 12.455 Thread 0x0000020f7da95d40 Thread exited: 0x0000020f7da95d40


Dynamic libraries:
0x00007ff739520000 - 0x00007ff739530000 	C:\Program Files\Java\jdk-21\bin\java.exe
0x00007ffe536f0000 - 0x00007ffe538e8000 	C:\Windows\SYSTEM32\ntdll.dll
0x00007ffe53550000 - 0x00007ffe5360d000 	C:\Windows\System32\KERNEL32.DLL
0x00007ffe51140000 - 0x00007ffe51436000 	C:\Windows\System32\KERNELBASE.dll
0x00007ffe50fb0000 - 0x00007ffe510b0000 	C:\Windows\System32\ucrtbase.dll
0x00007ffe454b0000 - 0x00007ffe454c9000 	C:\Program Files\Java\jdk-21\bin\jli.dll
0x00007ffe52770000 - 0x00007ffe52820000 	C:\Windows\System32\ADVAPI32.dll
0x00007ffe53610000 - 0x00007ffe536ae000 	C:\Windows\System32\msvcrt.dll
0x00007ffe52cf0000 - 0x00007ffe52d90000 	C:\Windows\System32\sechost.dll
0x00007ffe52bc0000 - 0x00007ffe52ce5000 	C:\Windows\System32\RPCRT4.dll
0x00007ffe50df0000 - 0x00007ffe50e17000 	C:\Windows\System32\bcrypt.dll
0x00007ffe52a20000 - 0x00007ffe52bbe000 	C:\Windows\System32\USER32.dll
0x00007ffe51640000 - 0x00007ffe51662000 	C:\Windows\System32\win32u.dll
0x00007ffe52f00000 - 0x00007ffe52f2b000 	C:\Windows\System32\GDI32.dll
0x00007ffe50e90000 - 0x00007ffe50fa7000 	C:\Windows\System32\gdi32full.dll
0x00007ffe51440000 - 0x00007ffe514dd000 	C:\Windows\System32\msvcp_win.dll
0x00007ffe452b0000 - 0x00007ffe452cb000 	C:\Program Files\Java\jdk-21\bin\VCRUNTIME140.dll
0x00007ffe42ba0000 - 0x00007ffe42e3a000 	C:\Windows\WinSxS\amd64_microsoft.windows.common-controls_6595b64144ccf1df_6.0.19041.3636_none_60b6a03d71f818d5\COMCTL32.dll
0x00007ffe42f40000 - 0x00007ffe42f4a000 	C:\Windows\SYSTEM32\VERSION.dll
0x00007ffe52920000 - 0x00007ffe52952000 	C:\Windows\System32\IMM32.DLL
0x00007ffe4c130000 - 0x00007ffe4c13c000 	C:\Program Files\Java\jdk-21\bin\vcruntime140_1.dll
0x00007ffe21860000 - 0x00007ffe218ee000 	C:\Program Files\Java\jdk-21\bin\msvcp140.dll
0x00007ffdeb640000 - 0x00007ffdec355000 	C:\Program Files\Java\jdk-21\bin\server\jvm.dll
0x00007ffe52820000 - 0x00007ffe5288b000 	C:\Windows\System32\WS2_32.dll
0x00007ffe50c00000 - 0x00007ffe50c4b000 	C:\Windows\SYSTEM32\POWRPROF.dll
0x00007ffe47410000 - 0x00007ffe47437000 	C:\Windows\SYSTEM32\WINMM.dll
0x00007ffe50be0000 - 0x00007ffe50bf2000 	C:\Windows\SYSTEM32\UMPDC.dll
0x00007ffe4f5e0000 - 0x00007ffe4f5f2000 	C:\Windows\SYSTEM32\kernel.appcore.dll
0x00007ffe49710000 - 0x00007ffe4971a000 	C:\Program Files\Java\jdk-21\bin\jimage.dll
0x00007ffe4eb00000 - 0x00007ffe4ece4000 	C:\Windows\SYSTEM32\DBGHELP.DLL
0x00007ffe41000000 - 0x00007ffe41034000 	C:\Windows\SYSTEM32\dbgcore.DLL
0x00007ffe510b0000 - 0x00007ffe51132000 	C:\Windows\System32\bcryptPrimitives.dll
0x00007ffe45250000 - 0x00007ffe4526f000 	C:\Program Files\Java\jdk-21\bin\java.dll
0x00007ffe52000000 - 0x00007ffe5276b000 	C:\Windows\System32\SHELL32.dll
0x00007ffe4ee30000 - 0x00007ffe4f5ce000 	C:\Windows\SYSTEM32\windows.storage.dll
0x00007ffe53060000 - 0x00007ffe533b3000 	C:\Windows\System32\combase.dll
0x00007ffe50700000 - 0x00007ffe5072e000 	C:\Windows\SYSTEM32\Wldp.dll
0x00007ffe51720000 - 0x00007ffe517ed000 	C:\Windows\System32\OLEAUT32.dll
0x00007ffe52dd0000 - 0x00007ffe52e7d000 	C:\Windows\System32\SHCORE.dll
0x00007ffe51e70000 - 0x00007ffe51ec5000 	C:\Windows\System32\shlwapi.dll
0x00007ffe50cd0000 - 0x00007ffe50cf5000 	C:\Windows\SYSTEM32\profapi.dll
0x00007ffe21360000 - 0x00007ffe21437000 	C:\Program Files\Java\jdk-21\bin\jsvml.dll
0x00007ffe452a0000 - 0x00007ffe452b0000 	C:\Program Files\Java\jdk-21\bin\net.dll
0x00007ffe46550000 - 0x00007ffe4665a000 	C:\Windows\SYSTEM32\WINHTTP.dll
0x00007ffe50460000 - 0x00007ffe504ca000 	C:\Windows\system32\mswsock.dll
0x00007ffe43bb0000 - 0x00007ffe43bc6000 	C:\Program Files\Java\jdk-21\bin\nio.dll
0x00007ffe33a70000 - 0x00007ffe33a88000 	C:\Program Files\Java\jdk-21\bin\zip.dll
0x00007ffe45240000 - 0x00007ffe4524a000 	C:\Program Files\Java\jdk-21\bin\management.dll
0x00007ffe44820000 - 0x00007ffe4482b000 	C:\Program Files\Java\jdk-21\bin\management_ext.dll
0x00007ffe51ff0000 - 0x00007ffe51ff8000 	C:\Windows\System32\PSAPI.DLL
0x00007ffdc4f70000 - 0x00007ffdc4f87000 	C:\Windows\system32\napinsp.dll
0x00007ffdc4f90000 - 0x00007ffdc4fab000 	C:\Windows\system32\pnrpnsp.dll
0x00007ffe2f850000 - 0x00007ffe2f865000 	C:\Windows\system32\wshbth.dll
0x00007ffe4c170000 - 0x00007ffe4c18d000 	C:\Windows\system32\NLAapi.dll
0x00007ffe50150000 - 0x00007ffe5018b000 	C:\Windows\SYSTEM32\IPHLPAPI.DLL
0x00007ffe50190000 - 0x00007ffe5025b000 	C:\Windows\SYSTEM32\DNSAPI.dll
0x00007ffe52d90000 - 0x00007ffe52d98000 	C:\Windows\System32\NSI.dll
0x00007ffdca760000 - 0x00007ffdca772000 	C:\Windows\System32\winrnr.dll
0x00007ffe43640000 - 0x00007ffe4364a000 	C:\Windows\System32\rasadhlp.dll
0x00007ffe43660000 - 0x00007ffe436e0000 	C:\Windows\System32\fwpuclnt.dll
0x00007ffe50650000 - 0x00007ffe50668000 	C:\Windows\SYSTEM32\CRYPTSP.dll
0x00007ffe4fd90000 - 0x00007ffe4fdc4000 	C:\Windows\system32\rsaenh.dll
0x00007ffe50c90000 - 0x00007ffe50cbe000 	C:\Windows\SYSTEM32\USERENV.dll
0x00007ffe50670000 - 0x00007ffe5067c000 	C:\Windows\SYSTEM32\CRYPTBASE.dll
0x00007ffe43d90000 - 0x00007ffe43d97000 	C:\Program Files\Java\jdk-21\bin\extnet.dll
0x00007ffe42940000 - 0x00007ffe4294e000 	C:\Program Files\Java\jdk-21\bin\sunmscapi.dll
0x00007ffe514e0000 - 0x00007ffe5163d000 	C:\Windows\System32\CRYPT32.dll
0x00007ffe50770000 - 0x00007ffe50798000 	C:\Windows\SYSTEM32\ncrypt.dll
0x00007ffe50730000 - 0x00007ffe5076b000 	C:\Windows\SYSTEM32\NTASN1.dll
0x00007ffe422d0000 - 0x00007ffe422e0000 	C:\Program Files\Java\jdk-21\bin\verify.dll

dbghelp: loaded successfully - version: 4.0.5 - missing functions: none
symbol engine: initialized successfully - sym options: 0x614 - pdb path: .;C:\Program Files\Java\jdk-21\bin;C:\Windows\SYSTEM32;C:\Windows\WinSxS\amd64_microsoft.windows.common-controls_6595b64144ccf1df_6.0.19041.3636_none_60b6a03d71f818d5;C:\Program Files\Java\jdk-21\bin\server

VM Arguments:
jvm_args: -Dcom.sun.management.jmxremote -Dcom.sun.management.jmxremote.port=63617 -Dcom.sun.management.jmxremote.authenticate=false -Dcom.sun.management.jmxremote.ssl=false -Dspring.jmx.enabled=true -Djava.rmi.server.hostname=localhost -Dspring.application.admin.enabled=true -Dspring.boot.project.name=myproject -XX:+ShowCodeDetailsInExceptionMessages 
java_command: com.itvedant.myproject.MyprojectApplication
java_class_path (initial): C:\Java_Practical\myproject\target\classes;C:\Users\Om\.m2\repository\org\springframework\boot\spring-boot-starter-web\3.1.9\spring-boot-starter-web-3.1.9.jar;C:\Users\Om\.m2\repository\org\springframework\boot\spring-boot-starter\3.1.9\spring-boot-starter-3.1.9.jar;C:\Users\Om\.m2\repository\org\springframework\boot\spring-boot-starter-logging\3.1.9\spring-boot-starter-logging-3.1.9.jar;C:\Users\Om\.m2\repository\ch\qos\logback\logback-classic\1.4.14\logback-classic-1.4.14.jar;C:\Users\Om\.m2\repository\ch\qos\logback\logback-core\1.4.14\logback-core-1.4.14.jar;C:\Users\Om\.m2\repository\org\apache\logging\log4j\log4j-to-slf4j\2.20.0\log4j-to-slf4j-2.20.0.jar;C:\Users\Om\.m2\repository\org\apache\logging\log4j\log4j-api\2.20.0\log4j-api-2.20.0.jar;C:\Users\Om\.m2\repository\org\slf4j\jul-to-slf4j\2.0.12\jul-to-slf4j-2.0.12.jar;C:\Users\Om\.m2\repository\jakarta\annotation\jakarta.annotation-api\2.1.1\jakarta.annotation-api-2.1.1.jar;C:\Users\Om\.m2\repository\org\yaml\snakeyaml\1.33\snakeyaml-1.33.jar;C:\Users\Om\.m2\repository\org\springframework\boot\spring-boot-starter-json\3.1.9\spring-boot-starter-json-3.1.9.jar;C:\Users\Om\.m2\repository\com\fasterxml\jackson\core\jackson-databind\2.15.4\jackson-databind-2.15.4.jar;C:\Users\Om\.m2\repository\com\fasterxml\jackson\core\jackson-core\2.15.4\jackson-core-2.15.4.jar;C:\Users\Om\.m2\repository\com\fasterxml\jackson\datatype\jackson-datatype-jdk8\2.15.4\jackson-datatype-jdk8-2.15.4.jar;C:\Users\Om\.m2\repository\com\fasterxml\jackson\datatype\jackson-datatype-jsr310\2.15.4\jackson-datatype-jsr310-2.15.4.jar;C:\Users\Om\.m2\repository\com\fasterxml\jackson\module\jackson-module-parameter-names\2.15.4\jackson-module-parameter-names-2.15.4.jar;C:\Users\Om\.m2\repository\org\springframework\boot\spring-boot-starter-tomcat\3.1.9\spring-boot-starter-tomcat-3.1.9.jar;C:\Users\Om\.m2\repository\org\apache\tomcat\embed\tomcat-embed-core\10.1.19\tomcat-embed-core-10.1.19.jar;C:\Users\Om\.m2\repository\org\apache\tomcat\embed\tomcat-embed-websocket\10.1.19\tomcat-embed-websocket-10.1.19.jar;C:\Users\Om\.m2\repository\org\springframework\spring-web\6.0.17\spring-web-6.0.17.jar;C:\Users\Om\.m2\repository\org\springframework\spring-beans\6.0.17\spring-beans-6.0.17.jar;C:\Users\Om\.m2\repository\io\micrometer\micrometer-observation\1.11.9\micrometer-observation-1.11.9.jar;C:\Users\Om\.m2\repository\io\micrometer\micrometer-commons\1.11.9\micrometer-commons-1.11.9.jar;C:\Users\Om\.m2\repository\org\springframework\spring-webmvc\6.0.17\spring-webmvc-6.0.17.jar;C:\Users\Om\.m2\repository\org\springframework\spring-context\6.0.17\spring-context-6.0.17.jar;C:\Users\Om\.m2\repository\org\springframework\spring-expression\6.0.17\spring-expression-6.0.17.jar;C:\Users\Om\.m2\repository\com\jayway\jsonpath\json-path\2.9.0\json-path-2.9.0.jar;C:\Users\Om\.m2\repository\org\slf4j\slf4j-api\2.0.12\slf4j-api-2.0.12.jar;C:\Users\Om\.m2\repository\jakarta\xml\bind\jakarta.xml.bind-api\4.0.1\jakarta.xml.bind-api-4.0.1.jar;C:\Users\Om\.m2\repository\jakarta\activation\jakarta.activation-api\2.1.2\jakarta.activation-api-2.1.2.jar;C:\Users\Om\.m2\repository\net\minidev\json-smart\2.4.11\json-smart-2.4.11.jar;C:\Users\Om\.m2\repository\net\minidev\accessors-smart\2.4.11\accessors-smart-2.4.11.jar;C:\Users\Om\.m2\repository\org\ow2\asm\asm\9.3\asm-9.3.jar;C:\Users\Om\.m2\repository\net\bytebuddy\byte-buddy\1.14.12\byte-buddy-1.14.12.jar;C:\Users\Om\.m2\repository\org\springframework\spring-core\6.0.17\spring-core-6.0.17.jar;C:\Users\Om\.m2\repository\org\springframework\spring-jcl\6.0.17\spring-jcl-6.0.17.jar;C:\Users\Om\.m2\repository\org\springframework\boot\spring-boot-devtools\3.1.9\spring-boot-devtools-3.1.9.jar;C:\Users\Om\.m2\repository\org\springframework\boot\spring-boot\3.1.9\spring-boot-3.1.9.jar;C:\Users\Om\.m2\repository\org\springframework\boot\spring-boot-autoconfigure\3.1.9\spring-boot-autoconfigure-3.1.9.jar;C:\Users\Om\.m2\repository\org\projectlombok\lombok\1.18.30\lombok-1.18.30.jar;C:\Users\Om\.m2\repository\org\springframework\boot\spring-boot-starter-validation\3.1.9\spring-boot-starter-validation-3.1.9.jar;C:\Users\Om\.m2\repository\org\apache\tomcat\embed\tomcat-embed-el\10.1.19\tomcat-embed-el-10.1.19.jar;C:\Users\Om\.m2\repository\org\hibernate\validator\hibernate-validator\8.0.1.Final\hibernate-validator-8.0.1.Final.jar;C:\Users\Om\.m2\repository\jakarta\validation\jakarta.validation-api\3.0.2\jakarta.validation-api-3.0.2.jar;C:\Users\Om\.m2\repository\org\jboss\logging\jboss-logging\3.5.3.Final\jboss-logging-3.5.3.Final.jar;C:\Users\Om\.m2\repository\com\fasterxml\classmate\1.5.1\classmate-1.5.1.jar;C:\Users\Om\.m2\repository\com\mysql\mysql-connector-j\8.0.33\mysql-connector-j-8.0.33.jar;C:\Users\Om\.m2\repository\org\springframework\boot\spring-boot-starter-data-jpa\3.1.9\spring-boot-starter-data-jpa-3.1.9.jar;C:\Users\Om\.m2\repository\org\springframework\boot\spring-boot-starter-aop\3.1.9\spring-boot-starter-aop-3.1.9.jar;C:\Users\Om\.m2\repository\org\aspectj\aspectjweaver\1.9.21\aspectjweaver-1.9.21.jar;C:\Users\Om\.m2\repository\org\springframework\boot\spring-boot-starter-jdbc\3.1.9\spring-boot-starter-jdbc-3.1.9.jar;C:\Users\Om\.m2\repository\com\zaxxer\HikariCP\5.0.1\HikariCP-5.0.1.jar;C:\Users\Om\.m2\repository\org\springframework\spring-jdbc\6.0.17\spring-jdbc-6.0.17.jar;C:\Users\Om\.m2\repository\org\hibernate\orm\hibernate-core\6.2.22.Final\hibernate-core-6.2.22.Final.jar;C:\Users\Om\.m2\repository\jakarta\persistence\jakarta.persistence-api\3.1.0\jakarta.persistence-api-3.1.0.jar;C:\Users\Om\.m2\repository\jakarta\transaction\jakarta.transaction-api\2.0.1\jakarta.transaction-api-2.0.1.jar;C:\Users\Om\.m2\repository\org\hibernate\common\hibernate-commons-annotations\6.0.6.Final\hibernate-commons-annotations-6.0.6.Final.jar;C:\Users\Om\.m2\repository\io\smallrye\jandex\3.0.5\jandex-3.0.5.jar;C:\Users\Om\.m2\repository\org\glassfish\jaxb\jaxb-runtime\4.0.4\jaxb-runtime-4.0.4.jar;C:\Users\Om\.m2\repository\org\glassfish\jaxb\jaxb-core\4.0.4\jaxb-core-4.0.4.jar;C:\Users\Om\.m2\repository\org\eclipse\angus\angus-activation\2.0.1\angus-activation-2.0.1.jar;C:\Users\Om\.m2\repository\org\glassfish\jaxb\txw2\4.0.4\txw2-4.0.4.jar;C:\Users\Om\.m2\repository\com\sun\istack\istack-commons-runtime\4.1.2\istack-commons-runtime-4.1.2.jar;C:\Users\Om\.m2\repository\jakarta\inject\jakarta.inject-api\2.0.1\jakarta.inject-api-2.0.1.jar;C:\Users\Om\.m2\repository\org\antlr\antlr4-runtime\4.10.1\antlr4-runtime-4.10.1.jar;C:\Users\Om\.m2\repository\org\springframework\data\spring-data-jpa\3.1.9\spring-data-jpa-3.1.9.jar;C:\Users\Om\.m2\repository\org\springframework\data\spring-data-commons\3.1.9\spring-data-commons-3.1.9.jar;C:\Users\Om\.m2\repository\org\springframework\spring-orm\6.0.17\spring-orm-6.0.17.jar;C:\Users\Om\.m2\repository\org\springframework\spring-tx\6.0.17\spring-tx-6.0.17.jar;C:\Users\Om\.m2\repository\org\springframework\spring-aspects\6.0.17\spring-aspects-6.0.17.jar;C:\Users\Om\.m2\repository\org\springframework\boot\spring-boot-starter-data-rest\3.1.9\spring-boot-starter-data-rest-3.1.9.jar;C:\Users\Om\.m2\repository\org\springframework\data\spring-data-rest-webmvc\4.1.9\spring-data-rest-webmvc-4.1.9.jar;C:\Users\Om\.m2\repository\org\springframework\data\spring-data-rest-core\4.1.9\spring-data-rest-core-4.1.9.jar;C:\Users\Om\.m2\repository\org\springframework\hateoas\spring-hateoas\2.1.3\spring-hateoas-2.1.3.jar;C:\Users\Om\.m2\repository\org\springframework\plugin\spring-plugin-core\3.0.0\spring-plugin-core-3.0.0.jar;C:\Users\Om\.m2\repository\org\atteo\evo-inflector\1.3\evo-inflector-1.3.jar;C:\Users\Om\.m2\repository\com\fasterxml\jackson\core\jackson-annotations\2.15.4\jackson-annotations-2.15.4.jar;C:\Users\Om\.m2\repository\org\springframework\boot\spring-boot-starter-security\3.1.9\spring-boot-starter-security-3.1.9.jar;C:\Users\Om\.m2\repository\org\springframework\spring-aop\6.0.17\spring-aop-6.0.17.jar;C:\Users\Om\.m2\repository\org\springframework\security\spring-security-config\6.1.7\spring-security-config-6.1.7.jar;C:\Users\Om\.m2\repository\org\springframework\security\spring-security-core\6.1.7\spring-security-core-6.1.7.jar;C:\Users\Om\.m2\repository\org\springframework\security\spring-security-crypto\6.1.7\spring-security-crypto-6.1.7.jar;C:\Users\Om\.m2\repository\org\springframework\security\spring-security-web\6.1.7\spring-security-web-6.1.7.jar
Launcher Type: SUN_STANDARD

[Global flags]
     intx CICompilerCount                          = 3                                         {product} {ergonomic}
     uint ConcGCThreads                            = 1                                         {product} {ergonomic}
     uint G1ConcRefinementThreads                  = 4                                         {product} {ergonomic}
   size_t G1HeapRegionSize                         = 1048576                                   {product} {ergonomic}
    uintx GCDrainStackTargetSize                   = 64                                        {product} {ergonomic}
   size_t InitialHeapSize                          = 134217728                                 {product} {ergonomic}
     bool ManagementServer                         = true                                      {product} {command line}
   size_t MarkStackSize                            = 4194304                                   {product} {ergonomic}
   size_t MaxHeapSize                              = 2120220672                                {product} {ergonomic}
   size_t MaxNewSize                               = 1271922688                                {product} {ergonomic}
   size_t MinHeapDeltaBytes                        = 1048576                                   {product} {ergonomic}
   size_t MinHeapSize                              = 8388608                                   {product} {ergonomic}
    uintx NonNMethodCodeHeapSize                   = 5832780                                {pd product} {ergonomic}
    uintx NonProfiledCodeHeapSize                  = 122912730                              {pd product} {ergonomic}
    uintx ProfiledCodeHeapSize                     = 122912730                              {pd product} {ergonomic}
    uintx ReservedCodeCacheSize                    = 251658240                              {pd product} {ergonomic}
     bool SegmentedCodeCache                       = true                                      {product} {ergonomic}
     bool ShowCodeDetailsInExceptionMessages       = true                                   {manageable} {command line}
   size_t SoftMaxHeapSize                          = 2120220672                             {manageable} {ergonomic}
     bool UseCompressedOops                        = true                           {product lp64_product} {ergonomic}
     bool UseG1GC                                  = true                                      {product} {ergonomic}
     bool UseLargePagesIndividualAllocation        = false                                  {pd product} {ergonomic}

Logging:
Log output configuration:
 #0: stdout all=warning uptime,level,tags foldmultilines=false
 #1: stderr all=off uptime,level,tags foldmultilines=false

Environment Variables:
JAVA_HOME=C:\Program Files\Java\jdk-21
PATH=C:\Program Files\Common Files\Oracle\Java\javapath;C:\Windows\system32;C:\Windows;C:\Windows\System32\Wbem;C:\Windows\System32\WindowsPowerShell\v1.0\;C:\Windows\System32\OpenSSH\;C:\Program Files\Git\cmd;C:\Users\Om\AppData\Local\Programs\Python\Python311\Scripts\;C:\Users\Om\AppData\Local\Programs\Python\Python311\;C:\Users\Om\AppData\Local\Microsoft\WindowsApps;;C:\Users\Om\AppData\Local\Programs\Microsoft VS Code\bin
USERNAME=Tejas
LANG=en_US.UTF-8
OS=Windows_NT
PROCESSOR_IDENTIFIER=Intel64 Family 6 Model 78 Stepping 3, GenuineIntel
TMP=C:\Users\Om\AppData\Local\Temp
TEMP=C:\Users\Om\AppData\Local\Temp




Periodic native trim disabled

---------------  S Y S T E M  ---------------

OS:
 Windows 10 , 64 bit Build 19041 (10.0.19041.3636)
OS uptime: 9 days 4:07 hours

CPU: total 4 (initial active 4) (2 cores per cpu, 2 threads per core) family 6 model 78 stepping 3 microcode 0xdc, cx8, cmov, fxsr, ht, mmx, 3dnowpref, sse, sse2, sse3, ssse3, sse4.1, sse4.2, popcnt, lzcnt, tsc, tscinvbit, avx, avx2, aes, erms, clmul, bmi1, bmi2, adx, fma, vzeroupper, clflush, clflushopt, rdtscp, f16c
Processor Information for processor 0
  Max Mhz: 2401, Current Mhz: 2401, Mhz Limit: 2401
Processor Information for processor 1
  Max Mhz: 2401, Current Mhz: 2401, Mhz Limit: 2401
Processor Information for processor 2
  Max Mhz: 2401, Current Mhz: 1500, Mhz Limit: 2401
Processor Information for processor 3
  Max Mhz: 2401, Current Mhz: 2401, Mhz Limit: 2401

Memory: 4k page, system-wide physical 8082M (2540M free)
TotalPageFile size 9362M (AvailPageFile size 2274M)
current process WorkingSet (physical memory assigned to process): 215M, peak: 216M
current process commit charge ("private bytes"): 244M, peak: 260M

vm_info: Java HotSpot(TM) 64-Bit Server VM (21.0.1+12-LTS-29) for windows-amd64 JRE (21.0.1+12-LTS-29), built on 2023-10-05T13:27:09Z by "mach5one" with MS VC++ 17.1 (VS2022)

END.
