#
# A fatal error has been detected by the Java Runtime Environment:
#
#  EXCEPTION_ACCESS_VIOLATION (0xc0000005) at pc=0x00007ffdc3c14b86, pid=16352, tid=11472
#
# JRE version: OpenJDK Runtime Environment Temurin-17.0.10+7 (17.0.10+7) (build 17.0.10+7)
# Java VM: OpenJDK 64-Bit Server VM Temurin-17.0.10+7 (17.0.10+7, mixed mode, tiered, compressed oops, compressed class ptrs, parallel gc, windows-amd64)
# Problematic frame:
# V  [jvm.dll+0x634b86]
#
# No core dump will be written. Minidumps are not enabled by default on client versions of Windows
#
# If you would like to submit a bug report, please visit:
#   https://github.com/adoptium/adoptium-support/issues
#

---------------  S U M M A R Y ------------

Command Line: --add-modules=ALL-SYSTEM --add-opens=java.base/java.util=ALL-UNNAMED --add-opens=java.base/java.lang=ALL-UNNAMED --add-opens=java.base/sun.nio.fs=ALL-UNNAMED -Declipse.application=org.eclipse.jdt.ls.core.id1 -Dosgi.bundles.defaultStartLevel=4 -Declipse.product=org.eclipse.jdt.ls.core.product -Djava.import.generatesMetadataFilesAtProjectRoot=false -DDetectVMInstallationsJob.disabled=true -Dfile.encoding=utf8 -XX:+UseParallelGC -XX:GCTimeRatio=4 -XX:AdaptiveSizePolicyWeight=90 -Dsun.zip.disableMemoryMapping=true -Xmx1G -Xms100m -Xlog:disable -javaagent:c:\Users\Om\.vscode\extensions\redhat.java-1.28.1-win32-x64\lombok\lombok-1.18.31.jar -XX:+HeapDumpOnOutOfMemoryError -XX:HeapDumpPath=c:\Users\Om\AppData\Roaming\Code\User\workspaceStorage\92ca915023de40b7a5fc7fc67341e035\redhat.java -Daether.dependencyCollector.impl=bf c:\Users\Om\.vscode\extensions\redhat.java-1.28.1-win32-x64\server\plugins\org.eclipse.equinox.launcher_1.6.700.v20231214-2017.jar -configuration c:\Users\Om\AppData\Roaming\Code\User\globalStorage\redhat.java\1.28.1\config_win -data c:\Users\Om\AppData\Roaming\Code\User\workspaceStorage\92ca915023de40b7a5fc7fc67341e035\redhat.java\jdt_ws --stdio

Host: Intel(R) Core(TM) i5-6200U CPU @ 2.30GHz, 4 cores, 7G,  Windows 10 , 64 bit Build 19041 (10.0.19041.3636)
Time: Mon Mar 25 20:56:45 2024 India Standard Time elapsed time: 2729.531911 seconds (0d 0h 45m 29s)

---------------  T H R E A D  ---------------

Current thread (0x000001e2efe56c90):  VMThread "VM Thread" [stack: 0x000000a98a600000,0x000000a98a700000] [id=11472]

Stack: [0x000000a98a600000,0x000000a98a700000],  sp=0x000000a98a6fe040,  free space=1016k
Native frames: (J=compiled Java code, j=interpreted, Vv=VM code, C=native code)
V  [jvm.dll+0x634b86]
V  [jvm.dll+0x634a40]
V  [jvm.dll+0x36f908]
V  [jvm.dll+0x54087c]
V  [jvm.dll+0x6b76d1]
V  [jvm.dll+0x6b6776]
V  [jvm.dll+0x6bcf31]
V  [jvm.dll+0x688643]
V  [jvm.dll+0x6be604]
V  [jvm.dll+0x83b11b]
V  [jvm.dll+0x83be61]
V  [jvm.dll+0x83c37d]
V  [jvm.dll+0x83c754]
V  [jvm.dll+0x83c820]
V  [jvm.dll+0x7e3fba]
V  [jvm.dll+0x67c1b5]
C  [ucrtbase.dll+0x21bb2]
C  [KERNEL32.DLL+0x17344]
C  [ntdll.dll+0x526b1]


siginfo: EXCEPTION_ACCESS_VIOLATION (0xc0000005), reading address 0x00000000000000b8


Registers:
RAX=0x000001e2f3b47188, RBX=0x000001e2dc0acf30, RCX=0x0000000000000020, RDX=0x0000000000000000
RSP=0x000000a98a6fe040, RBP=0x0000000000000000, RSI=0x0000000000000002, RDI=0x0000000000000000
R8 =0x0000000000000000, R9 =0x000001e2dc0cdc80, R10=0x0000000000000000, R11=0x0000000000000246
R12=0x000001e2dc0ace60, R13=0x000001e2dc0ad238, R14=0x0000000000000000, R15=0x000001e2dc0ace50
RIP=0x00007ffdc3c14b86, EFLAGS=0x0000000000010246


Register to memory mapping:

RIP=0x00007ffdc3c14b86 jvm.dll
RAX=0x000001e2f3b47188 is pointing into metadata
RBX=0x000001e2dc0acf30 points into unknown readable memory: 0x00007ffdc3f12378 | 78 23 f1 c3 fd 7f 00 00
RCX=0x0000000000000020 is an unknown value
RDX=0x0 is NULL
RSP=0x000000a98a6fe040 points into unknown readable memory: 0x000001e2f3b47188 | 88 71 b4 f3 e2 01 00 00
RBP=0x0 is NULL
RSI=0x0000000000000002 is an unknown value
RDI=0x0 is NULL
R8 =0x0 is NULL
R9 =0x000001e2dc0cdc80 points into unknown readable memory: 0x0002001500000002 | 02 00 00 00 15 00 02 00
R10=0x0 is NULL
R11=0x0000000000000246 is an unknown value
R12=0x000001e2dc0ace60 points into unknown readable memory: 0x00007ffdc3f125f8 | f8 25 f1 c3 fd 7f 00 00
R13=0x000001e2dc0ad238 points into unknown readable memory: 0x100d72c7f77890f9 | f9 90 78 f7 c7 72 0d 10
R14=0x0 is NULL
R15=0x000001e2dc0ace50 points into unknown readable memory: 0x0000000000000000 | 00 00 00 00 00 00 00 00


Top of Stack: (sp=0x000000a98a6fe040)
0x000000a98a6fe040:   000001e2f3b47188 000001e2f3b46cb0
0x000000a98a6fe050:   000001e2dc0ace50 0000000000000000
0x000000a98a6fe060:   0000000000000000 00007ffdc3c14a40
0x000000a98a6fe070:   000001e2f3b46cb0 00000000000004c0
0x000000a98a6fe080:   000001e2dc0cdc80 000001e2dc0acf30
0x000000a98a6fe090:   00007ffdc3f7f6b8 00007ffdc37d5e00
0x000000a98a6fe0a0:   00007ffdc3f6e9e0 00000000000000f0
0x000000a98a6fe0b0:   00007ffdc3f1df00 00007ffdc4159c00
0x000000a98a6fe0c0:   000000000000001e 00007ffdc394f908
0x000000a98a6fe0d0:   00000000000003d8 000001e2f3b46cb0
0x000000a98a6fe0e0:   00000001000c82a8 0000000000000001
0x000000a98a6fe0f0:   0000000000000000 000000010011b670
0x000000a98a6fe100:   0000000000000001 000000a98a6fe198
0x000000a98a6fe110:   00000001000c82a8 00007ffdc3b2087c
0x000000a98a6fe120:   00000001000c82a8 000000a98a6fe198
0x000000a98a6fe130:   0000000000000001 00007ffd00000002
0x000000a98a6fe140:   00007ffdc3f6e9e0 00000000000001fe
0x000000a98a6fe150:   ffffffffffffff00 0000000000000004
0x000000a98a6fe160:   0000000000000029 00000000000001fe
0x000000a98a6fe170:   0000000000000000 000001e2f9de5600
0x000000a98a6fe180:   0000000000000000 000000a98a6fe168
0x000000a98a6fe190:   00007ffdc4159c70 0000000000000000
0x000000a98a6fe1a0:   000000a98a6fe2b0 00007ffdc3c976d1
0x000000a98a6fe1b0:   0000000000000001 00007ffdc3f1df18
0x000000a98a6fe1c0:   00007ffdc410c7f0 0000000000000000
0x000000a98a6fe1d0:   000000065ae2660d 000005f527d45828
0x000000a98a6fe1e0:   0000000600000002 00007ffdc4159c70
0x000000a98a6fe1f0:   0000000000000002 00007ffdc4159c00
0x000000a98a6fe200:   00007ffdc3f1df00 0000000000000000
0x000000a98a6fe210:   00007ffdc3f91c20 000000000000000d
0x000000a98a6fe220:   0000000000000002 00007ffdc4159c00
0x000000a98a6fe230:   000001e200000002 00007ffdc4159c70 

Instructions: (pc=0x00007ffdc3c14b86)
0x00007ffdc3c14a86:   48 8d 8e 08 01 00 00 48 03 c8 e8 ab 0b 00 00 48
0x00007ffdc3c14a96:   8b c8 48 8b d8 48 8b 10 ff 52 68 33 c9 84 c0 48
0x00007ffdc3c14aa6:   0f 45 cb 48 85 c9 74 0d 48 8b 01 41 0f b6 d6 ff
0x00007ffdc3c14ab6:   90 80 00 00 00 48 8d 05 f6 ab 36 00 44 88 74 24
0x00007ffdc3c14ac6:   28 48 8d 54 24 20 48 89 44 24 20 48 8b ce e8 a7
0x00007ffdc3c14ad6:   fc ff ff 49 83 3f 00 74 13 48 8b d7 48 8b cd e8
0x00007ffdc3c14ae6:   96 82 a7 ff 49 8b cf e8 6e 82 a7 ff 4c 39 65 18
0x00007ffdc3c14af6:   74 0c 4c 89 7d 10 4c 89 65 18 4c 89 6d 20 48 8b
0x00007ffdc3c14b06:   5c 24 68 48 8b 6c 24 70 48 8b 74 24 78 48 83 c4
0x00007ffdc3c14b16:   30 41 5f 41 5e 41 5d 41 5c 5f c3 cc cc cc cc cc
0x00007ffdc3c14b26:   cc cc cc cc cc cc cc cc cc cc 48 89 5c 24 10 48
0x00007ffdc3c14b36:   89 6c 24 18 48 89 7c 24 20 41 56 48 83 ec 20 45
0x00007ffdc3c14b46:   33 f6 0f b6 ea 44 39 35 1e 42 4e 00 48 8b d9 41
0x00007ffdc3c14b56:   8b fe 0f 86 80 00 00 00 48 89 74 24 30 be 02 00
0x00007ffdc3c14b66:   00 00 0f 1f 84 00 00 00 00 00 48 8b 43 08 48 63
0x00007ffdc3c14b76:   ce 48 8b 4c c8 08 48 85 c9 74 4b 40 84 ed 75 10
0x00007ffdc3c14b86:   48 8b 89 98 00 00 00 e8 de 12 bc ff 84 c0 75 36
0x00007ffdc3c14b96:   48 8b 43 08 4c 89 70 08 48 63 c7 48 8d 0c 00 48
0x00007ffdc3c14ba6:   8b 43 08 4c 89 74 c8 18 48 8b 43 08 4c 89 74 c8
0x00007ffdc3c14bb6:   20 48 8b cb 48 8b 03 ff 50 28 84 c0 75 08 48 8b
0x00007ffdc3c14bc6:   43 08 4c 89 70 10 ff c7 83 c6 02 3b 3d 99 41 4e
0x00007ffdc3c14bd6:   00 72 97 48 8b 74 24 30 48 8b 5c 24 38 48 8b 6c
0x00007ffdc3c14be6:   24 40 48 8b 7c 24 48 48 83 c4 20 41 5e c3 cc cc
0x00007ffdc3c14bf6:   cc cc cc cc cc cc cc cc cc cc 48 89 5c 24 08 57
0x00007ffdc3c14c06:   48 83 ec 20 48 8b 01 48 8b f9 4c 63 49 08 4c 8b
0x00007ffdc3c14c16:   40 08 4b 8b 5c c8 08 48 8b cb 48 83 e1 fc 74 27
0x00007ffdc3c14c26:   84 d2 75 10 48 8b 89 98 00 00 00 e8 3a 12 bc ff
0x00007ffdc3c14c36:   84 c0 75 13 48 8b 07 83 e3 03 48 63 57 08 48 8b
0x00007ffdc3c14c46:   48 08 48 89 5c d1 08 48 8b 5c 24 30 48 83 c4 20
0x00007ffdc3c14c56:   5f c3 cc cc cc cc cc cc cc cc 48 89 5c 24 18 48
0x00007ffdc3c14c66:   89 7c 24 20 41 56 48 83 ec 20 33 db 44 0f b6 f2
0x00007ffdc3c14c76:   48 8b f9 39 59 10 7e 6f 48 89 6c 24 30 48 89 74 


Stack slot to memory mapping:
stack at sp + 0 slots: 0x000001e2f3b47188 is pointing into metadata
stack at sp + 1 slots: 0x000001e2f3b46cb0 is pointing into metadata
stack at sp + 2 slots: 0x000001e2dc0ace50 points into unknown readable memory: 0x0000000000000000 | 00 00 00 00 00 00 00 00
stack at sp + 3 slots: 0x0 is NULL
stack at sp + 4 slots: 0x0 is NULL
stack at sp + 5 slots: 0x00007ffdc3c14a40 jvm.dll
stack at sp + 6 slots: 0x000001e2f3b46cb0 is pointing into metadata
stack at sp + 7 slots: 0x00000000000004c0 is an unknown value

VM_Operation (0x000000a98c3fc600): ParallelGCFailedAllocation, mode: safepoint, requested by thread 0x000001e2f7a9dbf0


---------------  P R O C E S S  ---------------

Threads class SMR info:
_java_thread_list=0x000001e2f95fdc00, length=36, elements={
0x000001e2dc01f680, 0x000001e2dc0db340, 0x000001e2dc0dde70, 0x000001e2efe8f4d0,
0x000001e2efe90350, 0x000001e2efe911d0, 0x000001e2efe931a0, 0x000001e2efe94090,
0x000001e2f503abd0, 0x000001e2f503d990, 0x000001e2f50ac100, 0x000001e2f53fe910,
0x000001e2f5c19650, 0x000001e2f5c2c010, 0x000001e2f5c2cfd0, 0x000001e2f6110980,
0x000001e2f5e21aa0, 0x000001e2f5ebe160, 0x000001e2f5ebeb80, 0x000001e2f5ebfab0,
0x000001e2f5ebcd20, 0x000001e2f7a9d6e0, 0x000001e2f7aa3710, 0x000001e2f7a9fa50,
0x000001e2f7a9ff60, 0x000001e2f7aa18b0, 0x000001e2f7aa1dc0, 0x000001e2f7aa22d0,
0x000001e2f7aa27e0, 0x000001e2f7aa4b50, 0x000001e2f7a9dbf0, 0x000001e2f7aa4130,
0x000001e2f7a9f540, 0x000001e2f7aa0980, 0x000001e2f7aa4640, 0x000001e2f8b643b0
}

Java Threads: ( => current thread )
  0x000001e2dc01f680 JavaThread "main" [_thread_blocked, id=6844, stack(0x000000a98a300000,0x000000a98a400000)]
  0x000001e2dc0db340 JavaThread "Reference Handler" daemon [_thread_blocked, id=14640, stack(0x000000a98a700000,0x000000a98a800000)]
  0x000001e2dc0dde70 JavaThread "Finalizer" daemon [_thread_blocked, id=6596, stack(0x000000a98a800000,0x000000a98a900000)]
  0x000001e2efe8f4d0 JavaThread "Signal Dispatcher" daemon [_thread_blocked, id=17908, stack(0x000000a98a900000,0x000000a98aa00000)]
  0x000001e2efe90350 JavaThread "Attach Listener" daemon [_thread_blocked, id=11192, stack(0x000000a98aa00000,0x000000a98ab00000)]
  0x000001e2efe911d0 JavaThread "Service Thread" daemon [_thread_blocked, id=15924, stack(0x000000a98ab00000,0x000000a98ac00000)]
  0x000001e2efe931a0 JavaThread "Monitor Deflation Thread" daemon [_thread_blocked, id=18300, stack(0x000000a98ac00000,0x000000a98ad00000)]
  0x000001e2efe94090 JavaThread "C2 CompilerThread0" daemon [_thread_blocked, id=17340, stack(0x000000a98ad00000,0x000000a98ae00000)]
  0x000001e2f503abd0 JavaThread "C1 CompilerThread0" daemon [_thread_blocked, id=3688, stack(0x000000a98ae00000,0x000000a98af00000)]
  0x000001e2f503d990 JavaThread "Sweeper thread" daemon [_thread_blocked, id=15580, stack(0x000000a98af00000,0x000000a98b000000)]
  0x000001e2f50ac100 JavaThread "Common-Cleaner" daemon [_thread_blocked, id=18164, stack(0x000000a98b000000,0x000000a98b100000)]
  0x000001e2f53fe910 JavaThread "Notification Thread" daemon [_thread_blocked, id=15392, stack(0x000000a98b100000,0x000000a98b200000)]
  0x000001e2f5c19650 JavaThread "Active Thread: Equinox Container: 32d5ae4d-8e71-4b2a-aab7-4ce245845b93" [_thread_blocked, id=16392, stack(0x000000a98b700000,0x000000a98b800000)]
  0x000001e2f5c2c010 JavaThread "Framework Event Dispatcher: Equinox Container: 32d5ae4d-8e71-4b2a-aab7-4ce245845b93" daemon [_thread_blocked, id=15168, stack(0x000000a98b800000,0x000000a98b900000)]
  0x000001e2f5c2cfd0 JavaThread "Start Level: Equinox Container: 32d5ae4d-8e71-4b2a-aab7-4ce245845b93" daemon [_thread_blocked, id=12980, stack(0x000000a98b900000,0x000000a98ba00000)]
  0x000001e2f6110980 JavaThread "Bundle File Closer" daemon [_thread_blocked, id=20104, stack(0x000000a98b600000,0x000000a98b700000)]
  0x000001e2f5e21aa0 JavaThread "SCR Component Actor" daemon [_thread_blocked, id=20368, stack(0x000000a98bb00000,0x000000a98bc00000)]
  0x000001e2f5ebe160 JavaThread "Worker-JM" [_thread_blocked, id=10256, stack(0x000000a98bd00000,0x000000a98be00000)]
  0x000001e2f5ebeb80 JavaThread "Java indexing" daemon [_thread_blocked, id=20144, stack(0x000000a98c000000,0x000000a98c100000)]
  0x000001e2f5ebfab0 JavaThread "JNA Cleaner" daemon [_thread_blocked, id=19572, stack(0x000000a98c200000,0x000000a98c300000)]
  0x000001e2f5ebcd20 JavaThread "pool-2-thread-1" [_thread_blocked, id=380, stack(0x000000a98c500000,0x000000a98c600000)]
  0x000001e2f7a9d6e0 JavaThread "WorkspaceEventsHandler" [_thread_blocked, id=5424, stack(0x000000a98c600000,0x000000a98c700000)]
  0x000001e2f7aa3710 JavaThread "pool-1-thread-1" [_thread_blocked, id=5304, stack(0x000000a98c700000,0x000000a98c800000)]
  0x000001e2f7a9fa50 JavaThread "Java Debug Server" daemon [_thread_in_native, id=13904, stack(0x000000a98a400000,0x000000a98a500000)]
  0x000001e2f7a9ff60 JavaThread "pool-7-thread-1" [_thread_in_native, id=18448, stack(0x000000a98bf00000,0x000000a98c000000)]
  0x000001e2f7aa18b0 JavaThread "RxSchedulerPurge-1" daemon [_thread_blocked, id=12112, stack(0x000000a98cf00000,0x000000a98d000000)]
  0x000001e2f7aa1dc0 JavaThread "RxCachedWorkerPoolEvictor-1" daemon [_thread_blocked, id=4000, stack(0x000000a98d000000,0x000000a98d100000)]
  0x000001e2f7aa22d0 JavaThread "RxNewThreadScheduler-1" daemon [_thread_blocked, id=2640, stack(0x000000a98d100000,0x000000a98d200000)]
  0x000001e2f7aa27e0 JavaThread "process reaper (pid 7364)" daemon [_thread_in_native, id=12456, stack(0x000000a989f30000,0x000000a989f50000)]
  0x000001e2f7aa4b50 JavaThread "Worker-10" [_thread_blocked, id=11560, stack(0x000000a98c100000,0x000000a98c200000)]
  0x000001e2f7a9dbf0 JavaThread "Worker-11: Publish Diagnostics" [_thread_blocked, id=11792, stack(0x000000a98c300000,0x000000a98c400000)]
  0x000001e2f7aa4130 JavaThread "ForkJoinPool.commonPool-worker-12" daemon [_thread_blocked, id=16496, stack(0x000000a98a200000,0x000000a98a300000)]
  0x000001e2f7a9f540 JavaThread "ForkJoinPool.commonPool-worker-13" daemon [_thread_blocked, id=19640, stack(0x000000a98ba00000,0x000000a98bb00000)]
  0x000001e2f7aa0980 JavaThread "ForkJoinPool.commonPool-worker-14" daemon [_thread_blocked, id=16768, stack(0x000000a98bc00000,0x000000a98bd00000)]
  0x000001e2f7aa4640 JavaThread "ForkJoinPool.commonPool-worker-15" daemon [_thread_blocked, id=8104, stack(0x000000a98be00000,0x000000a98bf00000)]
  0x000001e2f8b643b0 JavaThread "C2 CompilerThread1" daemon [_thread_blocked, id=15552, stack(0x000000a98c400000,0x000000a98c500000)]

Other Threads:
=>0x000001e2efe56c90 VMThread "VM Thread" [stack: 0x000000a98a600000,0x000000a98a700000] [id=11472]
  0x000001e2f52548d0 WatcherThread [stack: 0x000000a98b200000,0x000000a98b300000] [id=13228]
  0x000001e2dc0349b0 GCTaskThread "GC Thread#0" [stack: 0x000000a98a500000,0x000000a98a600000] [id=15688]
  0x000001e2f55dcdd0 GCTaskThread "GC Thread#1" [stack: 0x000000a98b300000,0x000000a98b400000] [id=15332]
  0x000001e2f5690e60 GCTaskThread "GC Thread#2" [stack: 0x000000a98b400000,0x000000a98b500000] [id=19196]
  0x000001e2f5691120 GCTaskThread "GC Thread#3" [stack: 0x000000a98b500000,0x000000a98b600000] [id=13088]

Threads with active compile tasks:
C2 CompilerThread0  2729688 15190       4       org.eclipse.jdt.internal.compiler.lookup.PackageBinding::getTypeOrPackage (368 bytes)
C2 CompilerThread1  2729688 15208 %s!   4       org.eclipse.jdt.internal.core.index.DiskIndex::readCategoryTable @ 250 (698 bytes)

VM state: at safepoint (normal execution)

VM Mutex/Monitor currently owned by a thread:  ([mutex/lock_event])
[0x000001e2dc01ca30] Threads_lock - owner thread: 0x000001e2efe56c90
[0x000001e2dc01b7a0] Heap_lock - owner thread: 0x000001e2f7a9dbf0

Heap address: 0x00000000c0000000, size: 1024 MB, Compressed Oops mode: 32-bit

CDS archive(s) not mapped
Compressed class space mapped at: 0x0000000100000000-0x0000000140000000, reserved size: 1073741824
Narrow klass base: 0x0000000000000000, Narrow klass shift: 3, Narrow klass range: 0x140000000

GC Precious Log:
 CPUs: 4 total, 4 available
 Memory: 8082M
 Large Page Support: Disabled
 NUMA Support: Disabled
 Compressed Oops: Enabled (32-bit)
 Alignments: Space 512K, Generation 512K, Heap 2M
 Heap Min Capacity: 100M
 Heap Initial Capacity: 100M
 Heap Max Capacity: 1G
 Pre-touch: Disabled
 Parallel Workers: 4

Heap:
 PSYoungGen      total 2048K, used 608K [0x00000000eab00000, 0x00000000eaf80000, 0x0000000100000000)
  eden space 1024K, 0% used [0x00000000eab00000,0x00000000eab00000,0x00000000eac00000)
  from space 1024K, 59% used [0x00000000eac00000,0x00000000eac98000,0x00000000ead00000)
  to   space 1536K, 0% used [0x00000000eae00000,0x00000000eae00000,0x00000000eaf80000)
 ParOldGen       total 141824K, used 141326K [0x00000000c0000000, 0x00000000c8a80000, 0x00000000eab00000)
  object space 141824K, 99% used [0x00000000c0000000,0x00000000c8a03ba0,0x00000000c8a80000)
 Metaspace       used 82502K, committed 83968K, reserved 1179648K
  class space    used 8494K, committed 9152K, reserved 1048576K

Card table byte_map: [0x000001e2db9c0000,0x000001e2dbbd0000] _byte_map_base: 0x000001e2db3c0000

Marking Bits: (ParMarkBitMap*) 0x00007ffdc417d7d0
 Begin Bits: [0x000001e2edcc0000, 0x000001e2eecc0000)
 End Bits:   [0x000001e2eecc0000, 0x000001e2efcc0000)

Polling page: 0x000001e2d9e70000

Metaspace:

Usage:
  Non-class:     72.27 MB used.
      Class:      8.30 MB used.
       Both:     80.57 MB used.

Virtual space:
  Non-class space:      128.00 MB reserved,      73.06 MB ( 57%) committed,  2 nodes.
      Class space:        1.00 GB reserved,       8.94 MB ( <1%) committed,  1 nodes.
             Both:        1.12 GB reserved,      82.00 MB (  7%) committed. 

Chunk freelists:
   Non-Class:  6.48 MB
       Class:  7.01 MB
        Both:  13.50 MB

MaxMetaspaceSize: unlimited
CompressedClassSpaceSize: 1.00 GB
Initial GC threshold: 21.00 MB
Current GC threshold: 135.88 MB
CDS: off
MetaspaceReclaimPolicy: balanced
 - commit_granule_bytes: 65536.
 - commit_granule_words: 8192.
 - virtual_space_node_default_size: 8388608.
 - enlarge_chunks_in_place: 1.
 - new_chunks_are_fully_committed: 0.
 - uncommit_free_chunks: 1.
 - use_allocation_guard: 0.
 - handle_deallocations: 1.


Internal statistics:

num_allocs_failed_limit: 9.
num_arena_births: 1162.
num_arena_deaths: 370.
num_vsnodes_births: 3.
num_vsnodes_deaths: 0.
num_space_committed: 1312.
num_space_uncommitted: 0.
num_chunks_returned_to_freelist: 467.
num_chunks_taken_from_freelist: 4912.
num_chunk_merges: 161.
num_chunk_splits: 2898.
num_chunks_enlarged: 1617.
num_inconsistent_stats: 0.

CodeHeap 'non-profiled nmethods': size=120000Kb used=10492Kb max_used=10513Kb free=109507Kb
 bounds [0x000001e2e6790000, 0x000001e2e71e0000, 0x000001e2edcc0000]
CodeHeap 'profiled nmethods': size=120000Kb used=27933Kb max_used=27933Kb free=92066Kb
 bounds [0x000001e2decc0000, 0x000001e2e0810000, 0x000001e2e61f0000]
CodeHeap 'non-nmethods': size=5760Kb used=1398Kb max_used=1542Kb free=4361Kb
 bounds [0x000001e2e61f0000, 0x000001e2e6460000, 0x000001e2e6790000]
 total_blobs=13416 nmethods=12663 adapters=666
 compilation: enabled
              stopped_count=0, restarted_count=0
 full_count=0

Compilation events (20 events):
Event: 2729.268 Thread 0x000001e2f503abd0 15203       3       org.eclipse.jdt.internal.compiler.lookup.ParameterizedTypeBinding::capture (303 bytes)
Event: 2729.270 Thread 0x000001e2f503abd0 nmethod 15203 0x000001e2e0802790 code [0x000001e2e0802a80, 0x000001e2e0804218]
Event: 2729.279 Thread 0x000001e2f503abd0 15204       3       org.eclipse.jdt.internal.compiler.flow.FlowContext::expireNullCheckedFieldInfo (46 bytes)
Event: 2729.279 Thread 0x000001e2f503abd0 nmethod 15204 0x000001e2dfd33e10 code [0x000001e2dfd33fc0, 0x000001e2dfd34398]
Event: 2729.279 Thread 0x000001e2f503abd0 15205       3       org.eclipse.jdt.internal.compiler.codegen.CodeStream::recordPositionsFrom (813 bytes)
Event: 2729.281 Thread 0x000001e2f503abd0 nmethod 15205 0x000001e2e0804b90 code [0x000001e2e0804e80, 0x000001e2e0806328]
Event: 2729.282 Thread 0x000001e2f503abd0 15206       3       org.eclipse.jdt.internal.compiler.codegen.ConstantPool::literalIndexForNameAndType (220 bytes)
Event: 2729.283 Thread 0x000001e2f503abd0 nmethod 15206 0x000001e2e0806a90 code [0x000001e2e0806d20, 0x000001e2e08079a8]
Event: 2729.284 Thread 0x000001e2f503abd0 15207       3       org.eclipse.jdt.internal.compiler.lookup.ReferenceBinding::getAccessFlags (9 bytes)
Event: 2729.284 Thread 0x000001e2f503abd0 nmethod 15207 0x000001e2deef1790 code [0x000001e2deef1920, 0x000001e2deef1a38]
Event: 2729.296 Thread 0x000001e2f8b643b0 nmethod 15183 0x000001e2e6e57890 code [0x000001e2e6e57da0, 0x000001e2e6e5a3b0]
Event: 2729.297 Thread 0x000001e2f8b643b0 15208 %s!   4       org.eclipse.jdt.internal.core.index.DiskIndex::readCategoryTable @ 250 (698 bytes)
Event: 2729.334 Thread 0x000001e2f503abd0 15209       2       org.eclipse.jdt.core.dom.ASTNode$NodeList$Cursor::<init> (15 bytes)
Event: 2729.335 Thread 0x000001e2f503abd0 nmethod 15209 0x000001e2dede0090 code [0x000001e2dede0220, 0x000001e2dede0358]
Event: 2729.335 Thread 0x000001e2f503abd0 15210   !   3       org.eclipse.jdt.core.dom.ASTNode$NodeList::newCursor (50 bytes)
Event: 2729.335 Thread 0x000001e2f503abd0 nmethod 15210 0x000001e2dfadc490 code [0x000001e2dfadc660, 0x000001e2dfadcb38]
Event: 2729.336 Thread 0x000001e2f503abd0 15212  s    3       org.eclipse.jdt.core.dom.DefaultBindingResolver::getMethodBinding (8 bytes)
Event: 2729.336 Thread 0x000001e2f503abd0 nmethod 15212 0x000001e2e0807f90 code [0x000001e2e0808140, 0x000001e2e0808348]
Event: 2729.338 Thread 0x000001e2f503abd0 15213       3       org.eclipse.jdt.internal.compiler.lookup.SignatureWrapper::nextWord (131 bytes)
Event: 2729.339 Thread 0x000001e2f503abd0 nmethod 15213 0x000001e2e0808410 code [0x000001e2e08085e0, 0x000001e2e0808938]

GC Heap History (20 events):
Event: 2729.217 GC heap after
{Heap after GC invocations=251 (full 9):
 PSYoungGen      total 2048K, used 416K [0x00000000eab00000, 0x00000000eae00000, 0x0000000100000000)
  eden space 1536K, 0% used [0x00000000eab00000,0x00000000eab00000,0x00000000eac80000)
  from space 512K, 81% used [0x00000000ead80000,0x00000000eade8000,0x00000000eae00000)
  to   space 512K, 0% used [0x00000000ead00000,0x00000000ead00000,0x00000000ead80000)
 ParOldGen       total 141824K, used 134849K [0x00000000c0000000, 0x00000000c8a80000, 0x00000000eab00000)
  object space 141824K, 95% used [0x00000000c0000000,0x00000000c83b0660,0x00000000c8a80000)
 Metaspace       used 82475K, committed 83904K, reserved 1179648K
  class space    used 8487K, committed 9152K, reserved 1048576K
}
Event: 2729.249 GC heap before
{Heap before GC invocations=252 (full 9):
 PSYoungGen      total 2048K, used 1952K [0x00000000eab00000, 0x00000000eae00000, 0x0000000100000000)
  eden space 1536K, 100% used [0x00000000eab00000,0x00000000eac80000,0x00000000eac80000)
  from space 512K, 81% used [0x00000000ead80000,0x00000000eade8000,0x00000000eae00000)
  to   space 512K, 0% used [0x00000000ead00000,0x00000000ead00000,0x00000000ead80000)
 ParOldGen       total 141824K, used 134849K [0x00000000c0000000, 0x00000000c8a80000, 0x00000000eab00000)
  object space 141824K, 95% used [0x00000000c0000000,0x00000000c83b0660,0x00000000c8a80000)
 Metaspace       used 82492K, committed 83968K, reserved 1179648K
  class space    used 8493K, committed 9152K, reserved 1048576K
}
Event: 2729.250 GC heap after
{Heap after GC invocations=252 (full 9):
 PSYoungGen      total 2048K, used 224K [0x00000000eab00000, 0x00000000eae00000, 0x0000000100000000)
  eden space 1536K, 0% used [0x00000000eab00000,0x00000000eab00000,0x00000000eac80000)
  from space 512K, 43% used [0x00000000ead00000,0x00000000ead38000,0x00000000ead80000)
  to   space 512K, 0% used [0x00000000ead80000,0x00000000ead80000,0x00000000eae00000)
 ParOldGen       total 141824K, used 135209K [0x00000000c0000000, 0x00000000c8a80000, 0x00000000eab00000)
  object space 141824K, 95% used [0x00000000c0000000,0x00000000c840a660,0x00000000c8a80000)
 Metaspace       used 82492K, committed 83968K, reserved 1179648K
  class space    used 8493K, committed 9152K, reserved 1048576K
}
Event: 2729.255 GC heap before
{Heap before GC invocations=253 (full 9):
 PSYoungGen      total 2048K, used 1760K [0x00000000eab00000, 0x00000000eae00000, 0x0000000100000000)
  eden space 1536K, 100% used [0x00000000eab00000,0x00000000eac80000,0x00000000eac80000)
  from space 512K, 43% used [0x00000000ead00000,0x00000000ead38000,0x00000000ead80000)
  to   space 512K, 0% used [0x00000000ead80000,0x00000000ead80000,0x00000000eae00000)
 ParOldGen       total 141824K, used 135209K [0x00000000c0000000, 0x00000000c8a80000, 0x00000000eab00000)
  object space 141824K, 95% used [0x00000000c0000000,0x00000000c840a660,0x00000000c8a80000)
 Metaspace       used 82494K, committed 83968K, reserved 1179648K
  class space    used 8494K, committed 9152K, reserved 1048576K
}
Event: 2729.256 GC heap after
{Heap after GC invocations=253 (full 9):
 PSYoungGen      total 2048K, used 160K [0x00000000eab00000, 0x00000000eae00000, 0x0000000100000000)
  eden space 1536K, 0% used [0x00000000eab00000,0x00000000eab00000,0x00000000eac80000)
  from space 512K, 31% used [0x00000000ead80000,0x00000000eada8000,0x00000000eae00000)
  to   space 512K, 0% used [0x00000000ead00000,0x00000000ead00000,0x00000000ead80000)
 ParOldGen       total 141824K, used 135361K [0x00000000c0000000, 0x00000000c8a80000, 0x00000000eab00000)
  object space 141824K, 95% used [0x00000000c0000000,0x00000000c8430660,0x00000000c8a80000)
 Metaspace       used 82494K, committed 83968K, reserved 1179648K
  class space    used 8494K, committed 9152K, reserved 1048576K
}
Event: 2729.270 GC heap before
{Heap before GC invocations=254 (full 9):
 PSYoungGen      total 2048K, used 1696K [0x00000000eab00000, 0x00000000eae00000, 0x0000000100000000)
  eden space 1536K, 100% used [0x00000000eab00000,0x00000000eac80000,0x00000000eac80000)
  from space 512K, 31% used [0x00000000ead80000,0x00000000eada8000,0x00000000eae00000)
  to   space 512K, 0% used [0x00000000ead00000,0x00000000ead00000,0x00000000ead80000)
 ParOldGen       total 141824K, used 135361K [0x00000000c0000000, 0x00000000c8a80000, 0x00000000eab00000)
  object space 141824K, 95% used [0x00000000c0000000,0x00000000c8430660,0x00000000c8a80000)
 Metaspace       used 82502K, committed 83968K, reserved 1179648K
  class space    used 8494K, committed 9152K, reserved 1048576K
}
Event: 2729.273 GC heap after
{Heap after GC invocations=254 (full 9):
 PSYoungGen      total 2048K, used 489K [0x00000000eab00000, 0x00000000eaf80000, 0x0000000100000000)
  eden space 1536K, 0% used [0x00000000eab00000,0x00000000eab00000,0x00000000eac80000)
  from space 512K, 95% used [0x00000000ead00000,0x00000000ead7a5d0,0x00000000ead80000)
  to   space 1536K, 0% used [0x00000000eae00000,0x00000000eae00000,0x00000000eaf80000)
 ParOldGen       total 141824K, used 135795K [0x00000000c0000000, 0x00000000c8a80000, 0x00000000eab00000)
  object space 141824K, 95% used [0x00000000c0000000,0x00000000c849cc30,0x00000000c8a80000)
 Metaspace       used 82502K, committed 83968K, reserved 1179648K
  class space    used 8494K, committed 9152K, reserved 1048576K
}
Event: 2729.287 GC heap before
{Heap before GC invocations=255 (full 9):
 PSYoungGen      total 2048K, used 2025K [0x00000000eab00000, 0x00000000eaf80000, 0x0000000100000000)
  eden space 1536K, 100% used [0x00000000eab00000,0x00000000eac80000,0x00000000eac80000)
  from space 512K, 95% used [0x00000000ead00000,0x00000000ead7a5d0,0x00000000ead80000)
  to   space 1536K, 0% used [0x00000000eae00000,0x00000000eae00000,0x00000000eaf80000)
 ParOldGen       total 141824K, used 135795K [0x00000000c0000000, 0x00000000c8a80000, 0x00000000eab00000)
  object space 141824K, 95% used [0x00000000c0000000,0x00000000c849cc30,0x00000000c8a80000)
 Metaspace       used 82502K, committed 83968K, reserved 1179648K
  class space    used 8494K, committed 9152K, reserved 1048576K
}
Event: 2729.290 GC heap after
{Heap after GC invocations=255 (full 9):
 PSYoungGen      total 3072K, used 1338K [0x00000000eab00000, 0x00000000eaf80000, 0x0000000100000000)
  eden space 1536K, 0% used [0x00000000eab00000,0x00000000eab00000,0x00000000eac80000)
  from space 1536K, 87% used [0x00000000eae00000,0x00000000eaf4e900,0x00000000eaf80000)
  to   space 1536K, 0% used [0x00000000eac80000,0x00000000eac80000,0x00000000eae00000)
 ParOldGen       total 141824K, used 136284K [0x00000000c0000000, 0x00000000c8a80000, 0x00000000eab00000)
  object space 141824K, 96% used [0x00000000c0000000,0x00000000c8517200,0x00000000c8a80000)
 Metaspace       used 82502K, committed 83968K, reserved 1179648K
  class space    used 8494K, committed 9152K, reserved 1048576K
}
Event: 2729.323 GC heap before
{Heap before GC invocations=256 (full 9):
 PSYoungGen      total 3072K, used 2874K [0x00000000eab00000, 0x00000000eaf80000, 0x0000000100000000)
  eden space 1536K, 100% used [0x00000000eab00000,0x00000000eac80000,0x00000000eac80000)
  from space 1536K, 87% used [0x00000000eae00000,0x00000000eaf4e900,0x00000000eaf80000)
  to   space 1536K, 0% used [0x00000000eac80000,0x00000000eac80000,0x00000000eae00000)
 ParOldGen       total 141824K, used 136284K [0x00000000c0000000, 0x00000000c8a80000, 0x00000000eab00000)
  object space 141824K, 96% used [0x00000000c0000000,0x00000000c8517200,0x00000000c8a80000)
 Metaspace       used 82502K, committed 83968K, reserved 1179648K
  class space    used 8494K, committed 9152K, reserved 1048576K
}
Event: 2729.326 GC heap after
{Heap after GC invocations=256 (full 9):
 PSYoungGen      total 3072K, used 1088K [0x00000000eab00000, 0x00000000eaf80000, 0x0000000100000000)
  eden space 1536K, 0% used [0x00000000eab00000,0x00000000eab00000,0x00000000eac80000)
  from space 1536K, 70% used [0x00000000eac80000,0x00000000ead90000,0x00000000eae00000)
  to   space 1536K, 0% used [0x00000000eae00000,0x00000000eae00000,0x00000000eaf80000)
 ParOldGen       total 141824K, used 137446K [0x00000000c0000000, 0x00000000c8a80000, 0x00000000eab00000)
  object space 141824K, 96% used [0x00000000c0000000,0x00000000c8639b80,0x00000000c8a80000)
 Metaspace       used 82502K, committed 83968K, reserved 1179648K
  class space    used 8494K, committed 9152K, reserved 1048576K
}
Event: 2729.329 GC heap before
{Heap before GC invocations=257 (full 9):
 PSYoungGen      total 3072K, used 2624K [0x00000000eab00000, 0x00000000eaf80000, 0x0000000100000000)
  eden space 1536K, 100% used [0x00000000eab00000,0x00000000eac80000,0x00000000eac80000)
  from space 1536K, 70% used [0x00000000eac80000,0x00000000ead90000,0x00000000eae00000)
  to   space 1536K, 0% used [0x00000000eae00000,0x00000000eae00000,0x00000000eaf80000)
 ParOldGen       total 141824K, used 137446K [0x00000000c0000000, 0x00000000c8a80000, 0x00000000eab00000)
  object space 141824K, 96% used [0x00000000c0000000,0x00000000c8639b80,0x00000000c8a80000)
 Metaspace       used 82502K, committed 83968K, reserved 1179648K
  class space    used 8494K, committed 9152K, reserved 1048576K
}
Event: 2729.333 GC heap after
{Heap after GC invocations=257 (full 9):
 PSYoungGen      total 3072K, used 864K [0x00000000eab00000, 0x00000000eaf00000, 0x0000000100000000)
  eden space 2048K, 0% used [0x00000000eab00000,0x00000000eab00000,0x00000000ead00000)
  from space 1024K, 84% used [0x00000000eae00000,0x00000000eaed8000,0x00000000eaf00000)
  to   space 1024K, 0% used [0x00000000ead00000,0x00000000ead00000,0x00000000eae00000)
 ParOldGen       total 141824K, used 138478K [0x00000000c0000000, 0x00000000c8a80000, 0x00000000eab00000)
  object space 141824K, 97% used [0x00000000c0000000,0x00000000c873bba0,0x00000000c8a80000)
 Metaspace       used 82502K, committed 83968K, reserved 1179648K
  class space    used 8494K, committed 9152K, reserved 1048576K
}
Event: 2729.339 GC heap before
{Heap before GC invocations=258 (full 9):
 PSYoungGen      total 3072K, used 2911K [0x00000000eab00000, 0x00000000eaf00000, 0x0000000100000000)
  eden space 2048K, 99% used [0x00000000eab00000,0x00000000eacffff0,0x00000000ead00000)
  from space 1024K, 84% used [0x00000000eae00000,0x00000000eaed8000,0x00000000eaf00000)
  to   space 1024K, 0% used [0x00000000ead00000,0x00000000ead00000,0x00000000eae00000)
 ParOldGen       total 141824K, used 138478K [0x00000000c0000000, 0x00000000c8a80000, 0x00000000eab00000)
  object space 141824K, 97% used [0x00000000c0000000,0x00000000c873bba0,0x00000000c8a80000)
 Metaspace       used 82502K, committed 83968K, reserved 1179648K
  class space    used 8494K, committed 9152K, reserved 1048576K
}
Event: 2729.342 GC heap after
{Heap after GC invocations=258 (full 9):
 PSYoungGen      total 3072K, used 576K [0x00000000eab00000, 0x00000000eaf80000, 0x0000000100000000)
  eden space 2048K, 0% used [0x00000000eab00000,0x00000000eab00000,0x00000000ead00000)
  from space 1024K, 56% used [0x00000000ead00000,0x00000000ead90000,0x00000000eae00000)
  to   space 1024K, 0% used [0x00000000eae80000,0x00000000eae80000,0x00000000eaf80000)
 ParOldGen       total 141824K, used 139286K [0x00000000c0000000, 0x00000000c8a80000, 0x00000000eab00000)
  object space 141824K, 98% used [0x00000000c0000000,0x00000000c8805ba0,0x00000000c8a80000)
 Metaspace       used 82502K, committed 83968K, reserved 1179648K
  class space    used 8494K, committed 9152K, reserved 1048576K
}
Event: 2729.355 GC heap before
{Heap before GC invocations=259 (full 9):
 PSYoungGen      total 3072K, used 2624K [0x00000000eab00000, 0x00000000eaf80000, 0x0000000100000000)
  eden space 2048K, 100% used [0x00000000eab00000,0x00000000ead00000,0x00000000ead00000)
  from space 1024K, 56% used [0x00000000ead00000,0x00000000ead90000,0x00000000eae00000)
  to   space 1024K, 0% used [0x00000000eae80000,0x00000000eae80000,0x00000000eaf80000)
 ParOldGen       total 141824K, used 139286K [0x00000000c0000000, 0x00000000c8a80000, 0x00000000eab00000)
  object space 141824K, 98% used [0x00000000c0000000,0x00000000c8805ba0,0x00000000c8a80000)
 Metaspace       used 82502K, committed 83968K, reserved 1179648K
  class space    used 8494K, committed 9152K, reserved 1048576K
}
Event: 2729.358 GC heap after
{Heap after GC invocations=259 (full 9):
 PSYoungGen      total 2048K, used 1024K [0x00000000eab00000, 0x00000000eb280000, 0x0000000100000000)
  eden space 1024K, 0% used [0x00000000eab00000,0x00000000eab00000,0x00000000eac00000)
  from space 1024K, 100% used [0x00000000eae80000,0x00000000eaf80000,0x00000000eaf80000)
  to   space 2560K, 0% used [0x00000000eac00000,0x00000000eac00000,0x00000000eae80000)
 ParOldGen       total 141824K, used 140278K [0x00000000c0000000, 0x00000000c8a80000, 0x00000000eab00000)
  object space 141824K, 98% used [0x00000000c0000000,0x00000000c88fdba0,0x00000000c8a80000)
 Metaspace       used 82502K, committed 83968K, reserved 1179648K
  class space    used 8494K, committed 9152K, reserved 1048576K
}
Event: 2729.366 GC heap before
{Heap before GC invocations=260 (full 9):
 PSYoungGen      total 2048K, used 2048K [0x00000000eab00000, 0x00000000eb280000, 0x0000000100000000)
  eden space 1024K, 100% used [0x00000000eab00000,0x00000000eac00000,0x00000000eac00000)
  from space 1024K, 100% used [0x00000000eae80000,0x00000000eaf80000,0x00000000eaf80000)
  to   space 2560K, 0% used [0x00000000eac00000,0x00000000eac00000,0x00000000eae80000)
 ParOldGen       total 141824K, used 140278K [0x00000000c0000000, 0x00000000c8a80000, 0x00000000eab00000)
  object space 141824K, 98% used [0x00000000c0000000,0x00000000c88fdba0,0x00000000c8a80000)
 Metaspace       used 82502K, committed 83968K, reserved 1179648K
  class space    used 8494K, committed 9152K, reserved 1048576K
}
Event: 2729.368 GC heap after
{Heap after GC invocations=260 (full 9):
 PSYoungGen      total 2048K, used 608K [0x00000000eab00000, 0x00000000eaf80000, 0x0000000100000000)
  eden space 1024K, 0% used [0x00000000eab00000,0x00000000eab00000,0x00000000eac00000)
  from space 1024K, 59% used [0x00000000eac00000,0x00000000eac98000,0x00000000ead00000)
  to   space 1536K, 0% used [0x00000000eae00000,0x00000000eae00000,0x00000000eaf80000)
 ParOldGen       total 141824K, used 141326K [0x00000000c0000000, 0x00000000c8a80000, 0x00000000eab00000)
  object space 141824K, 99% used [0x00000000c0000000,0x00000000c8a03ba0,0x00000000c8a80000)
 Metaspace       used 82502K, committed 83968K, reserved 1179648K
  class space    used 8494K, committed 9152K, reserved 1048576K
}
Event: 2729.368 GC heap before
{Heap before GC invocations=261 (full 10):
 PSYoungGen      total 2048K, used 608K [0x00000000eab00000, 0x00000000eaf80000, 0x0000000100000000)
  eden space 1024K, 0% used [0x00000000eab00000,0x00000000eab00000,0x00000000eac00000)
  from space 1024K, 59% used [0x00000000eac00000,0x00000000eac98000,0x00000000ead00000)
  to   space 1536K, 0% used [0x00000000eae00000,0x00000000eae00000,0x00000000eaf80000)
 ParOldGen       total 141824K, used 141326K [0x00000000c0000000, 0x00000000c8a80000, 0x00000000eab00000)
  object space 141824K, 99% used [0x00000000c0000000,0x00000000c8a03ba0,0x00000000c8a80000)
 Metaspace       used 82502K, committed 83968K, reserved 1179648K
  class space    used 8494K, committed 9152K, reserved 1048576K
}

Dll operation events (12 events):
Event: 0.021 Loaded shared library c:\Users\Om\.vscode\extensions\redhat.java-1.28.1-win32-x64\jre\17.0.10-win32-x86_64\bin\java.dll
Event: 0.515 Loaded shared library c:\Users\Om\.vscode\extensions\redhat.java-1.28.1-win32-x64\jre\17.0.10-win32-x86_64\bin\zip.dll
Event: 0.521 Loaded shared library C:\Users\Om\.vscode\extensions\redhat.java-1.28.1-win32-x64\jre\17.0.10-win32-x86_64\bin\instrument.dll
Event: 0.566 Loaded shared library C:\Users\Om\.vscode\extensions\redhat.java-1.28.1-win32-x64\jre\17.0.10-win32-x86_64\bin\net.dll
Event: 0.569 Loaded shared library C:\Users\Om\.vscode\extensions\redhat.java-1.28.1-win32-x64\jre\17.0.10-win32-x86_64\bin\nio.dll
Event: 0.607 Loaded shared library C:\Users\Om\.vscode\extensions\redhat.java-1.28.1-win32-x64\jre\17.0.10-win32-x86_64\bin\zip.dll
Event: 0.651 Loaded shared library C:\Users\Om\.vscode\extensions\redhat.java-1.28.1-win32-x64\jre\17.0.10-win32-x86_64\bin\jimage.dll
Event: 0.817 Loaded shared library c:\Users\Om\.vscode\extensions\redhat.java-1.28.1-win32-x64\jre\17.0.10-win32-x86_64\bin\verify.dll
Event: 3.318 Loaded shared library C:\Users\Om\AppData\Roaming\Code\User\globalStorage\redhat.java\1.28.1\config_win\org.eclipse.equinox.launcher\org.eclipse.equinox.launcher.win32.win32.x86_64_1.2.900.v20240129-1338\eclipse_11900.dll
Event: 8.585 Loaded shared library C:\Users\Om\AppData\Local\Temp\jna-80689643\jna2199867810554022836.dll
Event: 62.572 Loaded shared library C:\Users\Om\.vscode\extensions\redhat.java-1.28.1-win32-x64\jre\17.0.10-win32-x86_64\bin\extnet.dll
Event: 1669.954 Loaded shared library C:\Users\Om\.vscode\extensions\redhat.java-1.28.1-win32-x64\jre\17.0.10-win32-x86_64\bin\sunmscapi.dll

Deoptimization events (20 events):
Event: 2729.030 Thread 0x000001e2f7aa0980 Uncommon trap: trap_request=0xffffff66 fr.pc=0x000001e2e6dbc710 relative=0x0000000000001950
Event: 2729.030 Thread 0x000001e2f7aa0980 Uncommon trap: reason=speculate_class_check action=maybe_recompile pc=0x000001e2e6dbc710 method=org.eclipse.jdt.internal.core.JavaElement.getElementInfo(Lorg/eclipse/core/runtime/IProgressMonitor;)Lorg/eclipse/jdt/internal/compiler/env/IElementInfo; @ 18 
Event: 2729.030 Thread 0x000001e2f7aa0980 DEOPT PACKING pc=0x000001e2e6dbc710 sp=0x000000a98bcfe430
Event: 2729.030 Thread 0x000001e2f7aa0980 DEOPT UNPACKING pc=0x000001e2e62466a3 sp=0x000000a98bcfe2b0 mode 2
Event: 2729.126 Thread 0x000001e2f7aa4130 Uncommon trap: trap_request=0xffffffc6 fr.pc=0x000001e2e712e04c relative=0x000000000000010c
Event: 2729.126 Thread 0x000001e2f7aa4130 Uncommon trap: reason=bimorphic_or_optimized_type_check action=maybe_recompile pc=0x000001e2e712e04c method=org.eclipse.core.runtime.ProgressMonitorWrapper.isCanceled()Z @ 4 c2
Event: 2729.126 Thread 0x000001e2f7aa4130 DEOPT PACKING pc=0x000001e2e712e04c sp=0x000000a98a2fde60
Event: 2729.126 Thread 0x000001e2f7aa4130 DEOPT UNPACKING pc=0x000001e2e62466a3 sp=0x000000a98a2fddf8 mode 2
Event: 2729.243 Thread 0x000001e2f7aa4130 Uncommon trap: trap_request=0xffffffc6 fr.pc=0x000001e2e712e04c relative=0x000000000000010c
Event: 2729.243 Thread 0x000001e2f7aa4130 Uncommon trap: reason=bimorphic_or_optimized_type_check action=maybe_recompile pc=0x000001e2e712e04c method=org.eclipse.core.runtime.ProgressMonitorWrapper.isCanceled()Z @ 4 c2
Event: 2729.243 Thread 0x000001e2f7aa4130 DEOPT PACKING pc=0x000001e2e712e04c sp=0x000000a98a2fdc10
Event: 2729.243 Thread 0x000001e2f7aa4130 DEOPT UNPACKING pc=0x000001e2e62466a3 sp=0x000000a98a2fdba8 mode 2
Event: 2729.244 Thread 0x000001e2f7aa4130 Uncommon trap: trap_request=0xffffff45 fr.pc=0x000001e2e6b858d8 relative=0x00000000000000b8
Event: 2729.244 Thread 0x000001e2f7aa4130 Uncommon trap: reason=unstable_if action=reinterpret pc=0x000001e2e6b858d8 method=org.eclipse.core.internal.resources.Resource.checkExists(IZ)V @ 6 c2
Event: 2729.244 Thread 0x000001e2f7aa4130 DEOPT PACKING pc=0x000001e2e6b858d8 sp=0x000000a98a2fd690
Event: 2729.244 Thread 0x000001e2f7aa4130 DEOPT UNPACKING pc=0x000001e2e62466a3 sp=0x000000a98a2fd610 mode 2
Event: 2729.257 Thread 0x000001e2f7aa4130 Uncommon trap: trap_request=0xffffff45 fr.pc=0x000001e2e701a6a0 relative=0x0000000000000640
Event: 2729.257 Thread 0x000001e2f7aa4130 Uncommon trap: reason=unstable_if action=reinterpret pc=0x000001e2e701a6a0 method=org.eclipse.jdt.internal.core.index.DiskIndex.addQueryResults([[C[CILorg/eclipse/jdt/internal/core/index/MemoryIndex;)Lorg/eclipse/jdt/internal/compiler/util/HashtableOfObje
Event: 2729.257 Thread 0x000001e2f7aa4130 DEOPT PACKING pc=0x000001e2e701a6a0 sp=0x000000a98a2fd750
Event: 2729.257 Thread 0x000001e2f7aa4130 DEOPT UNPACKING pc=0x000001e2e62466a3 sp=0x000000a98a2fd6c0 mode 2

Classes unloaded (20 events):
Event: 2729.459 Thread 0x000001e2efe56c90 Unloading class 0x00000001008e4400 'java/lang/invoke/LambdaForm$MH+0x00000001008e4400'
Event: 2729.459 Thread 0x000001e2efe56c90 Unloading class 0x00000001008e4000 'java/lang/invoke/LambdaForm$MH+0x00000001008e4000'
Event: 2729.459 Thread 0x000001e2efe56c90 Unloading class 0x00000001008cd800 'java/lang/invoke/LambdaForm$MH+0x00000001008cd800'
Event: 2729.459 Thread 0x000001e2efe56c90 Unloading class 0x00000001008cd400 'java/lang/invoke/LambdaForm$MH+0x00000001008cd400'
Event: 2729.459 Thread 0x000001e2efe56c90 Unloading class 0x00000001008cd000 'java/lang/invoke/LambdaForm$MH+0x00000001008cd000'
Event: 2729.459 Thread 0x000001e2efe56c90 Unloading class 0x00000001008ccc00 'java/lang/invoke/LambdaForm$MH+0x00000001008ccc00'
Event: 2729.459 Thread 0x000001e2efe56c90 Unloading class 0x00000001008cc800 'java/lang/invoke/LambdaForm$MH+0x00000001008cc800'
Event: 2729.459 Thread 0x000001e2efe56c90 Unloading class 0x00000001005c0000 'java/lang/invoke/LambdaForm$MH+0x00000001005c0000'
Event: 2729.459 Thread 0x000001e2efe56c90 Unloading class 0x000000010027d400 'java/lang/invoke/LambdaForm$MH+0x000000010027d400'
Event: 2729.459 Thread 0x000001e2efe56c90 Unloading class 0x000000010027d000 'java/lang/invoke/LambdaForm$MH+0x000000010027d000'
Event: 2729.459 Thread 0x000001e2efe56c90 Unloading class 0x0000000100222400 'java/lang/invoke/LambdaForm$MH+0x0000000100222400'
Event: 2729.459 Thread 0x000001e2efe56c90 Unloading class 0x0000000100222000 'java/lang/invoke/LambdaForm$MH+0x0000000100222000'
Event: 2729.459 Thread 0x000001e2efe56c90 Unloading class 0x0000000100221c00 'java/lang/invoke/LambdaForm$MH+0x0000000100221c00'
Event: 2729.459 Thread 0x000001e2efe56c90 Unloading class 0x0000000100221800 'java/lang/invoke/LambdaForm$MH+0x0000000100221800'
Event: 2729.459 Thread 0x000001e2efe56c90 Unloading class 0x0000000100199c00 'java/lang/invoke/LambdaForm$MH+0x0000000100199c00'
Event: 2729.459 Thread 0x000001e2efe56c90 Unloading class 0x0000000100199400 'java/lang/invoke/LambdaForm$MH+0x0000000100199400'
Event: 2729.459 Thread 0x000001e2efe56c90 Unloading class 0x0000000100199000 'java/lang/invoke/LambdaForm$MH+0x0000000100199000'
Event: 2729.459 Thread 0x000001e2efe56c90 Unloading class 0x0000000100198c00 'java/lang/invoke/LambdaForm$MH+0x0000000100198c00'
Event: 2729.459 Thread 0x000001e2efe56c90 Unloading class 0x0000000100198800 'java/lang/invoke/LambdaForm$MH+0x0000000100198800'
Event: 2729.459 Thread 0x000001e2efe56c90 Unloading class 0x0000000100198000 'java/lang/invoke/LambdaForm$MH+0x0000000100198000'

Classes redefined (0 events):
No events

Internal exceptions (20 events):
Event: 62.963 Thread 0x000001e2f7aa22d0 Exception <a 'sun/nio/fs/WindowsException'{0x00000000eb332f20}> (0x00000000eb332f20) 
thrown [s\src\hotspot\share\prims\jni.cpp, line 516]
Event: 62.963 Thread 0x000001e2f7aa22d0 Exception <a 'sun/nio/fs/WindowsException'{0x00000000eb3331e8}> (0x00000000eb3331e8) 
thrown [s\src\hotspot\share\prims\jni.cpp, line 516]
Event: 62.963 Thread 0x000001e2f7aa22d0 Exception <a 'sun/nio/fs/WindowsException'{0x00000000eb334550}> (0x00000000eb334550) 
thrown [s\src\hotspot\share\prims\jni.cpp, line 516]
Event: 62.963 Thread 0x000001e2f7aa22d0 Exception <a 'sun/nio/fs/WindowsException'{0x00000000eb334818}> (0x00000000eb334818) 
thrown [s\src\hotspot\share\prims\jni.cpp, line 516]
Event: 62.998 Thread 0x000001e2f7aa22d0 Exception <a 'java/lang/NoSuchMethodError'{0x00000000eab60d98}: 'void java.lang.invoke.DirectMethodHandle$Holder.invokeStatic(java.lang.Object, java.lang.Object, java.lang.Object, java.lang.Object, java.lang.Object, java.lang.Object, java.lang.Object)'> (0x00000000eab60d98) 
thrown [s\src\hotspot\share\interpreter\linkResolver.cpp, line 759]
Event: 321.000 Thread 0x000001e2f5ec04d0 Implicit null exception at 0x000001e2e6b92865 to 0x000001e2e6b92c10
Event: 321.030 Thread 0x000001e2f5ec04d0 Exception <a 'java/lang/NoSuchMethodError'{0x00000000eadca0b0}: static [J.<clinit>()V> (0x00000000eadca0b0) 
thrown [s\src\hotspot\share\prims\jni.cpp, line 1107]
Event: 1668.722 Thread 0x000001e2f5ec04d0 Exception <a 'java/lang/NoSuchMethodError'{0x00000000eabe26a0}: 'java.lang.Object java.lang.invoke.DirectMethodHandle$Holder.invokeSpecial(java.lang.Object, java.lang.Object, int, long)'> (0x00000000eabe26a0) 
thrown [s\src\hotspot\share\interpreter\linkResolver.cpp, line 759]
Event: 1669.828 Thread 0x000001e2f7a9dbf0 Exception <a 'java/lang/ArrayIndexOutOfBoundsException'{0x00000000eb0d7628}: Index 891 out of bounds for length 890> (0x00000000eb0d7628) 
thrown [s\src\hotspot\share\interpreter\interpreterRuntime.cpp, line 428]
Event: 1669.976 Thread 0x000001e2f7aa4130 Exception <a 'sun/nio/fs/WindowsException'{0x00000000ead642b8}> (0x00000000ead642b8) 
thrown [s\src\hotspot\share\prims\jni.cpp, line 516]
Event: 1670.021 Thread 0x000001e2f7a9f540 Implicit null exception at 0x000001e2e6d818f7 to 0x000001e2e6d81abc
Event: 1670.318 Thread 0x000001e2f7a9f540 Exception <a 'java/lang/NoSuchMethodError'{0x00000000eb1d1e30}: 'java.lang.Object java.lang.invoke.DirectMethodHandle$Holder.newInvokeSpecial(java.lang.Object, java.lang.Object, int, java.lang.Object, java.lang.Object, java.lang.Object, java.lang.Object)'> (0x00000000eb1d1e30) 
thrown [s\src\hotspot\share\interpreter\linkResolver.cpp, line 759]
Event: 1675.207 Thread 0x000001e2f7a9f540 Implicit null exception at 0x000001e2e67c516d to 0x000001e2e67c5368
Event: 1675.208 Thread 0x000001e2f7aa3710 Implicit null exception at 0x000001e2e68660af to 0x000001e2e6866420
Event: 1677.069 Thread 0x000001e2f7aa3710 Implicit null exception at 0x000001e2e6825162 to 0x000001e2e682589c
Event: 1678.353 Thread 0x000001e2f7aa0980 Implicit null exception at 0x000001e2e6ded52f to 0x000001e2e6ded88c
Event: 2211.037 Thread 0x000001e2f7aa4b50 Exception <a 'java/lang/NoSuchMethodError'{0x00000000eac2b908}: static Lorg/eclipse/m2e/core/internal/lifecyclemapping/model/PluginExecutionMetadata;.<clinit>()V> (0x00000000eac2b908) 
thrown [s\src\hotspot\share\prims\jni.cpp, line 1107]
Event: 2211.041 Thread 0x000001e2f7aa4b50 Exception <a 'java/lang/NoSuchMethodError'{0x00000000eac50cc0}: static Lorg/eclipse/m2e/core/internal/lifecyclemapping/model/PluginExecutionFilter;.<clinit>()V> (0x00000000eac50cc0) 
thrown [s\src\hotspot\share\prims\jni.cpp, line 1107]
Event: 2211.052 Thread 0x000001e2f7aa4b50 Exception <a 'java/lang/NoSuchMethodError'{0x00000000eac73590}: static Lorg/eclipse/m2e/core/internal/project/registry/MavenProjectFacade$MavenProjectConfiguration;.<clinit>()V> (0x00000000eac73590) 
thrown [s\src\hotspot\share\prims\jni.cpp, line 1107]
Event: 2211.071 Thread 0x000001e2f7aa4b50 Exception <a 'java/lang/NoSuchMethodError'{0x00000000eac90408}: static [J.<clinit>()V> (0x00000000eac90408) 
thrown [s\src\hotspot\share\prims\jni.cpp, line 1107]

VM Operations (20 events):
Event: 2729.203 Executing VM operation: HandshakeAllThreads done
Event: 2729.215 Executing VM operation: ParallelGCFailedAllocation
Event: 2729.217 Executing VM operation: ParallelGCFailedAllocation done
Event: 2729.249 Executing VM operation: ParallelGCFailedAllocation
Event: 2729.250 Executing VM operation: ParallelGCFailedAllocation done
Event: 2729.255 Executing VM operation: ParallelGCFailedAllocation
Event: 2729.257 Executing VM operation: ParallelGCFailedAllocation done
Event: 2729.270 Executing VM operation: ParallelGCFailedAllocation
Event: 2729.273 Executing VM operation: ParallelGCFailedAllocation done
Event: 2729.287 Executing VM operation: ParallelGCFailedAllocation
Event: 2729.290 Executing VM operation: ParallelGCFailedAllocation done
Event: 2729.298 Executing VM operation: ParallelGCFailedAllocation
Event: 2729.326 Executing VM operation: ParallelGCFailedAllocation done
Event: 2729.329 Executing VM operation: ParallelGCFailedAllocation
Event: 2729.333 Executing VM operation: ParallelGCFailedAllocation done
Event: 2729.339 Executing VM operation: ParallelGCFailedAllocation
Event: 2729.343 Executing VM operation: ParallelGCFailedAllocation done
Event: 2729.355 Executing VM operation: ParallelGCFailedAllocation
Event: 2729.358 Executing VM operation: ParallelGCFailedAllocation done
Event: 2729.366 Executing VM operation: ParallelGCFailedAllocation

Events (20 events):
Event: 2477.761 Thread 0x000001e2f7aa5060 Thread added: 0x000001e2f7aa5060
Event: 2477.762 Thread 0x000001e2f7aa4130 Thread added: 0x000001e2f7aa4130
Event: 2482.777 Thread 0x000001e2f8b65e40 Thread exited: 0x000001e2f8b65e40
Event: 2529.270 Thread 0x000001e2f7aa0980 Thread exited: 0x000001e2f7aa0980
Event: 2537.793 Thread 0x000001e2f7aa5060 Thread exited: 0x000001e2f7aa5060
Event: 2537.794 Thread 0x000001e2f7aa4130 Thread exited: 0x000001e2f7aa4130
Event: 2728.369 Thread 0x000001e2f7aa4130 Thread added: 0x000001e2f7aa4130
Event: 2728.426 Thread 0x000001e2f7a9f540 Thread added: 0x000001e2f7a9f540
Event: 2728.435 Thread 0x000001e2f7aa0980 Thread added: 0x000001e2f7aa0980
Event: 2728.724 Thread 0x000001e2f7aa4640 Thread added: 0x000001e2f7aa4640
Event: 2728.758 Thread 0x000001e2f8b643b0 Thread added: 0x000001e2f8b643b0
Event: 2729.208 Thread 0x000001e2f503d990 flushing nmethod 0x000001e2e6e52490
Event: 2729.211 Thread 0x000001e2f503d990 flushing nmethod 0x000001e2dedd2490
Event: 2729.211 Thread 0x000001e2f503d990 flushing nmethod 0x000001e2dede0090
Event: 2729.212 Thread 0x000001e2f503d990 flushing nmethod 0x000001e2deef1790
Event: 2729.212 Thread 0x000001e2f503d990 flushing nmethod 0x000001e2deef2290
Event: 2729.219 Thread 0x000001e2f503d990 flushing nmethod 0x000001e2df418410
Event: 2729.226 Thread 0x000001e2f503d990 flushing nmethod 0x000001e2dfadc490
Event: 2729.228 Thread 0x000001e2f503d990 flushing nmethod 0x000001e2dfc2a010
Event: 2729.229 Thread 0x000001e2f503d990 flushing nmethod 0x000001e2dfd33a10


Dynamic libraries:
0x00007ff677c30000 - 0x00007ff677c3e000 	c:\Users\Om\.vscode\extensions\redhat.java-1.28.1-win32-x64\jre\17.0.10-win32-x86_64\bin\java.exe
0x00007ffe536f0000 - 0x00007ffe538e8000 	C:\Windows\SYSTEM32\ntdll.dll
0x00007ffe53550000 - 0x00007ffe5360d000 	C:\Windows\System32\KERNEL32.DLL
0x00007ffe51140000 - 0x00007ffe51436000 	C:\Windows\System32\KERNELBASE.dll
0x00007ffe50fb0000 - 0x00007ffe510b0000 	C:\Windows\System32\ucrtbase.dll
0x00007ffe49700000 - 0x00007ffe49717000 	c:\Users\Om\.vscode\extensions\redhat.java-1.28.1-win32-x64\jre\17.0.10-win32-x86_64\bin\jli.dll
0x00007ffe52a20000 - 0x00007ffe52bbe000 	C:\Windows\System32\USER32.dll
0x00007ffe51640000 - 0x00007ffe51662000 	C:\Windows\System32\win32u.dll
0x00007ffe52f00000 - 0x00007ffe52f2b000 	C:\Windows\System32\GDI32.dll
0x00007ffe50e90000 - 0x00007ffe50fa7000 	C:\Windows\System32\gdi32full.dll
0x00007ffe51440000 - 0x00007ffe514dd000 	C:\Windows\System32\msvcp_win.dll
0x00007ffe47270000 - 0x00007ffe4728b000 	c:\Users\Om\.vscode\extensions\redhat.java-1.28.1-win32-x64\jre\17.0.10-win32-x86_64\bin\VCRUNTIME140.dll
0x00007ffe42ba0000 - 0x00007ffe42e3a000 	C:\Windows\WinSxS\amd64_microsoft.windows.common-controls_6595b64144ccf1df_6.0.19041.3636_none_60b6a03d71f818d5\COMCTL32.dll
0x00007ffe53610000 - 0x00007ffe536ae000 	C:\Windows\System32\msvcrt.dll
0x00007ffe52920000 - 0x00007ffe52952000 	C:\Windows\System32\IMM32.DLL
0x00007ffe46aa0000 - 0x00007ffe46aac000 	c:\Users\Om\.vscode\extensions\redhat.java-1.28.1-win32-x64\jre\17.0.10-win32-x86_64\bin\vcruntime140_1.dll
0x00007ffdf4e10000 - 0x00007ffdf4e9d000 	c:\Users\Om\.vscode\extensions\redhat.java-1.28.1-win32-x64\jre\17.0.10-win32-x86_64\bin\msvcp140.dll
0x00007ffdc35e0000 - 0x00007ffdc4242000 	c:\Users\Om\.vscode\extensions\redhat.java-1.28.1-win32-x64\jre\17.0.10-win32-x86_64\bin\server\jvm.dll
0x00007ffe52770000 - 0x00007ffe52820000 	C:\Windows\System32\ADVAPI32.dll
0x00007ffe52cf0000 - 0x00007ffe52d90000 	C:\Windows\System32\sechost.dll
0x00007ffe52bc0000 - 0x00007ffe52ce5000 	C:\Windows\System32\RPCRT4.dll
0x00007ffe50df0000 - 0x00007ffe50e17000 	C:\Windows\System32\bcrypt.dll
0x00007ffe50c00000 - 0x00007ffe50c4b000 	C:\Windows\SYSTEM32\POWRPROF.dll
0x00007ffe41840000 - 0x00007ffe41849000 	C:\Windows\SYSTEM32\WSOCK32.dll
0x00007ffe52820000 - 0x00007ffe5288b000 	C:\Windows\System32\WS2_32.dll
0x00007ffe47410000 - 0x00007ffe47437000 	C:\Windows\SYSTEM32\WINMM.dll
0x00007ffe42f40000 - 0x00007ffe42f4a000 	C:\Windows\SYSTEM32\VERSION.dll
0x00007ffe50be0000 - 0x00007ffe50bf2000 	C:\Windows\SYSTEM32\UMPDC.dll
0x00007ffe4f5e0000 - 0x00007ffe4f5f2000 	C:\Windows\SYSTEM32\kernel.appcore.dll
0x00007ffe46a90000 - 0x00007ffe46a9a000 	c:\Users\Om\.vscode\extensions\redhat.java-1.28.1-win32-x64\jre\17.0.10-win32-x86_64\bin\jimage.dll
0x00007ffe4eb00000 - 0x00007ffe4ece4000 	C:\Windows\SYSTEM32\DBGHELP.DLL
0x00007ffe41000000 - 0x00007ffe41034000 	C:\Windows\SYSTEM32\dbgcore.DLL
0x00007ffe510b0000 - 0x00007ffe51132000 	C:\Windows\System32\bcryptPrimitives.dll
0x00007ffe457d0000 - 0x00007ffe457de000 	c:\Users\Om\.vscode\extensions\redhat.java-1.28.1-win32-x64\jre\17.0.10-win32-x86_64\bin\instrument.dll
0x00007ffe3cb40000 - 0x00007ffe3cb65000 	c:\Users\Om\.vscode\extensions\redhat.java-1.28.1-win32-x64\jre\17.0.10-win32-x86_64\bin\java.dll
0x00007ffe43ed0000 - 0x00007ffe43ee8000 	c:\Users\Om\.vscode\extensions\redhat.java-1.28.1-win32-x64\jre\17.0.10-win32-x86_64\bin\zip.dll
0x00007ffe52000000 - 0x00007ffe5276b000 	C:\Windows\System32\SHELL32.dll
0x00007ffe4ee30000 - 0x00007ffe4f5ce000 	C:\Windows\SYSTEM32\windows.storage.dll
0x00007ffe53060000 - 0x00007ffe533b3000 	C:\Windows\System32\combase.dll
0x00007ffe50700000 - 0x00007ffe5072e000 	C:\Windows\SYSTEM32\Wldp.dll
0x00007ffe51720000 - 0x00007ffe517ed000 	C:\Windows\System32\OLEAUT32.dll
0x00007ffe52dd0000 - 0x00007ffe52e7d000 	C:\Windows\System32\SHCORE.dll
0x00007ffe51e70000 - 0x00007ffe51ec5000 	C:\Windows\System32\shlwapi.dll
0x00007ffe50cd0000 - 0x00007ffe50cf5000 	C:\Windows\SYSTEM32\profapi.dll
0x00007ffe43e10000 - 0x00007ffe43e29000 	C:\Users\Om\.vscode\extensions\redhat.java-1.28.1-win32-x64\jre\17.0.10-win32-x86_64\bin\net.dll
0x00007ffe46550000 - 0x00007ffe4665a000 	C:\Windows\SYSTEM32\WINHTTP.dll
0x00007ffe50460000 - 0x00007ffe504ca000 	C:\Windows\system32\mswsock.dll
0x00007ffe34c70000 - 0x00007ffe34c86000 	C:\Users\Om\.vscode\extensions\redhat.java-1.28.1-win32-x64\jre\17.0.10-win32-x86_64\bin\nio.dll
0x00007ffe457c0000 - 0x00007ffe457d0000 	c:\Users\Om\.vscode\extensions\redhat.java-1.28.1-win32-x64\jre\17.0.10-win32-x86_64\bin\verify.dll
0x00007ffe10290000 - 0x00007ffe102ce000 	C:\Users\Om\AppData\Roaming\Code\User\globalStorage\redhat.java\1.28.1\config_win\org.eclipse.equinox.launcher\org.eclipse.equinox.launcher.win32.win32.x86_64_1.2.900.v20240129-1338\eclipse_11900.dll
0x00007ffe52f30000 - 0x00007ffe5305b000 	C:\Windows\System32\ole32.dll
0x00007ffe50650000 - 0x00007ffe50668000 	C:\Windows\SYSTEM32\CRYPTSP.dll
0x00007ffe4fd90000 - 0x00007ffe4fdc4000 	C:\Windows\system32\rsaenh.dll
0x00007ffe50c90000 - 0x00007ffe50cbe000 	C:\Windows\SYSTEM32\USERENV.dll
0x00007ffe50670000 - 0x00007ffe5067c000 	C:\Windows\SYSTEM32\CRYPTBASE.dll
0x00007ffe50150000 - 0x00007ffe5018b000 	C:\Windows\SYSTEM32\IPHLPAPI.DLL
0x00007ffe52d90000 - 0x00007ffe52d98000 	C:\Windows\System32\NSI.dll
0x00007ffe47550000 - 0x00007ffe47567000 	C:\Windows\SYSTEM32\dhcpcsvc6.DLL
0x00007ffe49240000 - 0x00007ffe4925d000 	C:\Windows\SYSTEM32\dhcpcsvc.DLL
0x00007ffe50190000 - 0x00007ffe5025b000 	C:\Windows\SYSTEM32\DNSAPI.dll
0x00007ffdf4d10000 - 0x00007ffdf4d55000 	C:\Users\Om\AppData\Local\Temp\jna-80689643\jna2199867810554022836.dll
0x00007ffe51ff0000 - 0x00007ffe51ff8000 	C:\Windows\System32\PSAPI.DLL
0x00007ffe4e120000 - 0x00007ffe4e129000 	C:\Users\Om\.vscode\extensions\redhat.java-1.28.1-win32-x64\jre\17.0.10-win32-x86_64\bin\extnet.dll
0x00007ffe4b310000 - 0x00007ffe4b31e000 	C:\Users\Om\.vscode\extensions\redhat.java-1.28.1-win32-x64\jre\17.0.10-win32-x86_64\bin\sunmscapi.dll
0x00007ffe514e0000 - 0x00007ffe5163d000 	C:\Windows\System32\CRYPT32.dll
0x00007ffe50770000 - 0x00007ffe50798000 	C:\Windows\SYSTEM32\ncrypt.dll
0x00007ffe50730000 - 0x00007ffe5076b000 	C:\Windows\SYSTEM32\NTASN1.dll

dbghelp: loaded successfully - version: 4.0.5 - missing functions: none
symbol engine: initialized successfully - sym options: 0x614 - pdb path: .;c:\Users\Om\.vscode\extensions\redhat.java-1.28.1-win32-x64\jre\17.0.10-win32-x86_64\bin;C:\Windows\SYSTEM32;C:\Windows\WinSxS\amd64_microsoft.windows.common-controls_6595b64144ccf1df_6.0.19041.3636_none_60b6a03d71f818d5;c:\Users\Om\.vscode\extensions\redhat.java-1.28.1-win32-x64\jre\17.0.10-win32-x86_64\bin\server;C:\Users\Om\AppData\Roaming\Code\User\globalStorage\redhat.java\1.28.1\config_win\org.eclipse.equinox.launcher\org.eclipse.equinox.launcher.win32.win32.x86_64_1.2.900.v20240129-1338;C:\Users\Om\AppData\Local\Temp\jna-80689643

VM Arguments:
jvm_args: --add-modules=ALL-SYSTEM --add-opens=java.base/java.util=ALL-UNNAMED --add-opens=java.base/java.lang=ALL-UNNAMED --add-opens=java.base/sun.nio.fs=ALL-UNNAMED -Declipse.application=org.eclipse.jdt.ls.core.id1 -Dosgi.bundles.defaultStartLevel=4 -Declipse.product=org.eclipse.jdt.ls.core.product -Djava.import.generatesMetadataFilesAtProjectRoot=false -DDetectVMInstallationsJob.disabled=true -Dfile.encoding=utf8 -XX:+UseParallelGC -XX:GCTimeRatio=4 -XX:AdaptiveSizePolicyWeight=90 -Dsun.zip.disableMemoryMapping=true -Xmx1G -Xms100m -Xlog:disable -javaagent:c:\Users\Om\.vscode\extensions\redhat.java-1.28.1-win32-x64\lombok\lombok-1.18.31.jar -XX:+HeapDumpOnOutOfMemoryError -XX:HeapDumpPath=c:\Users\Om\AppData\Roaming\Code\User\workspaceStorage\92ca915023de40b7a5fc7fc67341e035\redhat.java -Daether.dependencyCollector.impl=bf 
java_command: c:\Users\Om\.vscode\extensions\redhat.java-1.28.1-win32-x64\server\plugins\org.eclipse.equinox.launcher_1.6.700.v20231214-2017.jar -configuration c:\Users\Om\AppData\Roaming\Code\User\globalStorage\redhat.java\1.28.1\config_win -data c:\Users\Om\AppData\Roaming\Code\User\workspaceStorage\92ca915023de40b7a5fc7fc67341e035\redhat.java\jdt_ws --stdio
java_class_path (initial): c:\Users\Om\.vscode\extensions\redhat.java-1.28.1-win32-x64\server\plugins\org.eclipse.equinox.launcher_1.6.700.v20231214-2017.jar
Launcher Type: SUN_STANDARD

[Global flags]
    uintx AdaptiveSizePolicyWeight                 = 90                                        {product} {command line}
     intx CICompilerCount                          = 3                                         {product} {ergonomic}
    uintx GCTimeRatio                              = 4                                         {product} {command line}
     bool HeapDumpOnOutOfMemoryError               = true                                   {manageable} {command line}
    ccstr HeapDumpPath                             = c:\Users\Om\AppData\Roaming\Code\User\workspaceStorage\92ca915023de40b7a5fc7fc67341e035\redhat.java         {manageable} {command line}
   size_t InitialHeapSize                          = 104857600                                 {product} {command line}
   size_t MaxHeapSize                              = 1073741824                                {product} {command line}
   size_t MaxNewSize                               = 357564416                                 {product} {ergonomic}
   size_t MinHeapDeltaBytes                        = 524288                                    {product} {ergonomic}
   size_t MinHeapSize                              = 104857600                                 {product} {command line}
   size_t NewSize                                  = 34603008                                  {product} {ergonomic}
    uintx NonNMethodCodeHeapSize                   = 5832780                                {pd product} {ergonomic}
    uintx NonProfiledCodeHeapSize                  = 122912730                              {pd product} {ergonomic}
   size_t OldSize                                  = 70254592                                  {product} {ergonomic}
    uintx ProfiledCodeHeapSize                     = 122912730                              {pd product} {ergonomic}
    uintx ReservedCodeCacheSize                    = 251658240                              {pd product} {ergonomic}
     bool SegmentedCodeCache                       = true                                      {product} {ergonomic}
   size_t SoftMaxHeapSize                          = 1073741824                             {manageable} {ergonomic}
     bool UseCompressedClassPointers               = true                           {product lp64_product} {ergonomic}
     bool UseCompressedOops                        = true                           {product lp64_product} {ergonomic}
     bool UseLargePagesIndividualAllocation        = false                                  {pd product} {ergonomic}
     bool UseParallelGC                            = true                                      {product} {command line}

Logging:
Log output configuration:
 #0: stdout all=off uptime,level,tags
 #1: stderr all=off uptime,level,tags

Environment Variables:
JAVA_HOME=C:\Program Files\Java\jdk-21
PATH=C:\Program Files\Common Files\Oracle\Java\javapath;C:\Windows\system32;C:\Windows;C:\Windows\System32\Wbem;C:\Windows\System32\WindowsPowerShell\v1.0\;C:\Windows\System32\OpenSSH\;C:\Program Files\Git\cmd;C:\Users\Om\AppData\Local\Programs\Python\Python311\Scripts\;C:\Users\Om\AppData\Local\Programs\Python\Python311\;C:\Users\Om\AppData\Local\Microsoft\WindowsApps;;C:\Users\Om\AppData\Local\Programs\Microsoft VS Code\bin
USERNAME=Tejas
OS=Windows_NT
PROCESSOR_IDENTIFIER=Intel64 Family 6 Model 78 Stepping 3, GenuineIntel
TMP=C:\Users\Om\AppData\Local\Temp
TEMP=C:\Users\Om\AppData\Local\Temp



Periodic native trim disabled


---------------  S Y S T E M  ---------------

OS:
 Windows 10 , 64 bit Build 19041 (10.0.19041.3636)
OS uptime: 7 days 13:13 hours

CPU: total 4 (initial active 4) (2 cores per cpu, 2 threads per core) family 6 model 78 stepping 3 microcode 0xdc, cx8, cmov, fxsr, ht, mmx, 3dnowpref, sse, sse2, sse3, ssse3, sse4.1, sse4.2, popcnt, lzcnt, tsc, tscinvbit, avx, avx2, aes, erms, clmul, bmi1, bmi2, adx, fma, vzeroupper, clflush, clflushopt
Processor Information for processor 0
  Max Mhz: 2401, Current Mhz: 2401, Mhz Limit: 2401
Processor Information for processor 1
  Max Mhz: 2401, Current Mhz: 2401, Mhz Limit: 2401
Processor Information for processor 2
  Max Mhz: 2401, Current Mhz: 1500, Mhz Limit: 2401
Processor Information for processor 3
  Max Mhz: 2401, Current Mhz: 2401, Mhz Limit: 2401

Memory: 4k page, system-wide physical 8082M (1060M free)
TotalPageFile size 10564M (AvailPageFile size 1686M)
current process WorkingSet (physical memory assigned to process): 372M, peak: 434M
current process commit charge ("private bytes"): 398M, peak: 459M

vm_info: OpenJDK 64-Bit Server VM (17.0.10+7) for windows-amd64 JRE (17.0.10+7), built on Jan 16 2024 23:25:11 by "admin" with MS VC++ 16.10 / 16.11 (VS2019)

END.
